[7.946s] Invoking command in '/home/pi/Raspi_codes/ROS2/build/pirobot': PYTHONPATH=/home/pi/Raspi_codes/ROS2/build/pirobot/prefix_override:/usr/local/lib/python3.11/dist-packages/colcon_core/task/python/colcon_distutils_commands:/home/pi/Raspi_codes/ROS2/install/pirobot/lib/python3.11/site-packages:${PYTHONPATH} VIRTUAL_ENV_PROMPT=(yolov8env) /usr/bin/python3 -W ignore:setup.py install is deprecated -W ignore:easy_install command is deprecated setup.py develop --editable --build-directory /home/pi/Raspi_codes/ROS2/build/pirobot/build --no-deps symlink_data
[10.273s] running develop
[11.863s] running egg_info
[11.864s] creating pirobot.egg-info
[11.974s] writing pirobot.egg-info/PKG-INFO
[11.977s] writing dependency_links to pirobot.egg-info/dependency_links.txt
[11.977s] writing entry points to pirobot.egg-info/entry_points.txt
[11.979s] writing requirements to pirobot.egg-info/requires.txt
[11.979s] writing top-level names to pirobot.egg-info/top_level.txt
[11.979s] writing manifest file 'pirobot.egg-info/SOURCES.txt'
[12.212s] reading manifest file 'pirobot.egg-info/SOURCES.txt'
[12.214s] writing manifest file 'pirobot.egg-info/SOURCES.txt'
[12.330s] running build_ext
[12.331s] Creating /home/pi/Raspi_codes/ROS2/install/pirobot/lib/python3.11/site-packages/pirobot.egg-link (link to .)
[12.338s] Installing aoclient script to /home/pi/Raspi_codes/ROS2/install/pirobot/lib/pirobot
[12.341s] Installing aoservice script to /home/pi/Raspi_codes/ROS2/install/pirobot/lib/pirobot
[12.347s] Installing handpub script to /home/pi/Raspi_codes/ROS2/install/pirobot/lib/pirobot
[12.348s] Installing imagepub script to /home/pi/Raspi_codes/ROS2/install/pirobot/lib/pirobot
[12.350s] Installing imagesub script to /home/pi/Raspi_codes/ROS2/install/pirobot/lib/pirobot
[12.351s] Installing keypub script to /home/pi/Raspi_codes/ROS2/install/pirobot/lib/pirobot
[12.353s] Installing motionsub script to /home/pi/Raspi_codes/ROS2/install/pirobot/lib/pirobot
[12.353s] 
[12.354s] Installed /home/pi/Raspi_codes/ROS2/build/pirobot
[12.354s] running symlink_data
[12.355s] creating /home/pi/Raspi_codes/ROS2/install/pirobot/share/ament_index
[12.355s] creating /home/pi/Raspi_codes/ROS2/install/pirobot/share/ament_index/resource_index
[12.357s] creating /home/pi/Raspi_codes/ROS2/install/pirobot/share/ament_index/resource_index/packages
[12.358s] symbolically linking /home/pi/Raspi_codes/ROS2/build/pirobot/resource/pirobot -> /home/pi/Raspi_codes/ROS2/install/pirobot/share/ament_index/resource_index/packages
[12.359s] symbolically linking /home/pi/Raspi_codes/ROS2/build/pirobot/package.xml -> /home/pi/Raspi_codes/ROS2/install/pirobot/share/pirobot
[12.360s] creating /home/pi/Raspi_codes/ROS2/install/pirobot/share/pirobot/launch
[12.819s] Invoked command in '/home/pi/Raspi_codes/ROS2/build/pirobot' returned '0': PYTHONPATH=/home/pi/Raspi_codes/ROS2/build/pirobot/prefix_override:/usr/local/lib/python3.11/dist-packages/colcon_core/task/python/colcon_distutils_commands:/home/pi/Raspi_codes/ROS2/install/pirobot/lib/python3.11/site-packages:${PYTHONPATH} VIRTUAL_ENV_PROMPT=(yolov8env) /usr/bin/python3 -W ignore:setup.py install is deprecated -W ignore:easy_install command is deprecated setup.py develop --editable --build-directory /home/pi/Raspi_codes/ROS2/build/pirobot/build --no-deps symlink_data
