running egg_info
creating ../../../../build/lifecycle_demo/lifecycle_demo.egg-info
writing ../../../../build/lifecycle_demo/lifecycle_demo.egg-info/PKG-INFO
writing dependency_links to ../../../../build/lifecycle_demo/lifecycle_demo.egg-info/dependency_links.txt
writing entry points to ../../../../build/lifecycle_demo/lifecycle_demo.egg-info/entry_points.txt
writing requirements to ../../../../build/lifecycle_demo/lifecycle_demo.egg-info/requires.txt
writing top-level names to ../../../../build/lifecycle_demo/lifecycle_demo.egg-info/top_level.txt
writing manifest file '../../../../build/lifecycle_demo/lifecycle_demo.egg-info/SOURCES.txt'
reading manifest file '../../../../build/lifecycle_demo/lifecycle_demo.egg-info/SOURCES.txt'
adding license file 'LICENSE'
writing manifest file '../../../../build/lifecycle_demo/lifecycle_demo.egg-info/SOURCES.txt'
running build
running build_py
creating /home/pi/Raspi_codes/ROS2/build/lifecycle_demo/build
creating /home/pi/Raspi_codes/ROS2/build/lifecycle_demo/build/lib
creating /home/pi/Raspi_codes/ROS2/build/lifecycle_demo/build/lib/lifecycle_demo
copying lifecycle_demo/lc_talker.py -> /home/pi/Raspi_codes/ROS2/build/lifecycle_demo/build/lib/lifecycle_demo
copying lifecycle_demo/supervisor.py -> /home/pi/Raspi_codes/ROS2/build/lifecycle_demo/build/lib/lifecycle_demo
copying lifecycle_demo/__init__.py -> /home/pi/Raspi_codes/ROS2/build/lifecycle_demo/build/lib/lifecycle_demo
running install
running install_lib
creating /home/pi/Raspi_codes/ROS2/install/lifecycle_demo/lib/python3.11/site-packages/lifecycle_demo
copying /home/pi/Raspi_codes/ROS2/build/lifecycle_demo/build/lib/lifecycle_demo/lc_talker.py -> /home/pi/Raspi_codes/ROS2/install/lifecycle_demo/lib/python3.11/site-packages/lifecycle_demo
copying /home/pi/Raspi_codes/ROS2/build/lifecycle_demo/build/lib/lifecycle_demo/supervisor.py -> /home/pi/Raspi_codes/ROS2/install/lifecycle_demo/lib/python3.11/site-packages/lifecycle_demo
copying /home/pi/Raspi_codes/ROS2/build/lifecycle_demo/build/lib/lifecycle_demo/__init__.py -> /home/pi/Raspi_codes/ROS2/install/lifecycle_demo/lib/python3.11/site-packages/lifecycle_demo
byte-compiling /home/pi/Raspi_codes/ROS2/install/lifecycle_demo/lib/python3.11/site-packages/lifecycle_demo/lc_talker.py to lc_talker.cpython-311.pyc
byte-compiling /home/pi/Raspi_codes/ROS2/install/lifecycle_demo/lib/python3.11/site-packages/lifecycle_demo/supervisor.py to supervisor.cpython-311.pyc
byte-compiling /home/pi/Raspi_codes/ROS2/install/lifecycle_demo/lib/python3.11/site-packages/lifecycle_demo/__init__.py to __init__.cpython-311.pyc
running install_data
creating /home/pi/Raspi_codes/ROS2/install/lifecycle_demo/share/ament_index
creating /home/pi/Raspi_codes/ROS2/install/lifecycle_demo/share/ament_index/resource_index
creating /home/pi/Raspi_codes/ROS2/install/lifecycle_demo/share/ament_index/resource_index/packages
copying resource/lifecycle_demo -> /home/pi/Raspi_codes/ROS2/install/lifecycle_demo/share/ament_index/resource_index/packages
copying package.xml -> /home/pi/Raspi_codes/ROS2/install/lifecycle_demo/share/lifecycle_demo
running install_egg_info
Copying ../../../../build/lifecycle_demo/lifecycle_demo.egg-info to /home/pi/Raspi_codes/ROS2/install/lifecycle_demo/lib/python3.11/site-packages/lifecycle_demo-0.0.0-py3.11.egg-info
running install_scripts
Installing supervisor script to /home/pi/Raspi_codes/ROS2/install/lifecycle_demo/lib/lifecycle_demo
Installing talker script to /home/pi/Raspi_codes/ROS2/install/lifecycle_demo/lib/lifecycle_demo
writing list of installed files to '/home/pi/Raspi_codes/ROS2/build/lifecycle_demo/install.log'
