[4.073s] Invoking command in '/home/pi/Raspi_codes/ROS2/build/pirobot2': PYTHONPATH=/home/pi/Raspi_codes/ROS2/build/pirobot2/prefix_override:/usr/local/lib/python3.11/dist-packages/colcon_core/task/python/colcon_distutils_commands:/home/pi/Raspi_codes/ROS2/install/pirobot2/lib/python3.11/site-packages:${PYTHONPATH} /usr/bin/python3 -W ignore:setup.py install is deprecated -W ignore:easy_install command is deprecated setup.py develop --editable --build-directory /home/pi/Raspi_codes/ROS2/build/pirobot2/build --no-deps symlink_data
[5.393s] running develop
[6.236s] running egg_info
[6.311s] writing pirobot2.egg-info/PKG-INFO
[6.312s] writing dependency_links to pirobot2.egg-info/dependency_links.txt
[6.315s] writing entry points to pirobot2.egg-info/entry_points.txt
[6.317s] writing requirements to pirobot2.egg-info/requires.txt
[6.317s] writing top-level names to pirobot2.egg-info/top_level.txt
[6.468s] reading manifest file 'pirobot2.egg-info/SOURCES.txt'
[6.472s] writing manifest file 'pirobot2.egg-info/SOURCES.txt'
[6.548s] running build_ext
[6.549s] Creating /home/pi/Raspi_codes/ROS2/install/pirobot2/lib/python3.11/site-packages/pirobot2.egg-link (link to .)
[6.554s] Installing imu_publisher_node script to /home/pi/Raspi_codes/ROS2/install/pirobot2/lib/pirobot2
[6.554s] Installing lidar_publisher_node script to /home/pi/Raspi_codes/ROS2/install/pirobot2/lib/pirobot2
[6.555s] Installing motion_subscriber_node script to /home/pi/Raspi_codes/ROS2/install/pirobot2/lib/pirobot2
[6.556s] Installing obstacle_avoidance_node script to /home/pi/Raspi_codes/ROS2/install/pirobot2/lib/pirobot2
[6.558s] Installing pirobot2 script to /home/pi/Raspi_codes/ROS2/install/pirobot2/lib/pirobot2
[6.561s] Installing scan_imu_slam_node script to /home/pi/Raspi_codes/ROS2/install/pirobot2/lib/pirobot2
[6.562s] Installing serial_bridge_node script to /home/pi/Raspi_codes/ROS2/install/pirobot2/lib/pirobot2
[6.562s] Installing teleop_keyboard_node script to /home/pi/Raspi_codes/ROS2/install/pirobot2/lib/pirobot2
[6.562s] Installing ultrasonic_publisher_node script to /home/pi/Raspi_codes/ROS2/install/pirobot2/lib/pirobot2
[6.563s] 
[6.564s] Installed /home/pi/Raspi_codes/ROS2/build/pirobot2
[6.564s] running symlink_data
[6.566s] symbolically linking /home/pi/Raspi_codes/ROS2/build/pirobot2/rviz/slam_toolbox_map.rviz -> /home/pi/Raspi_codes/ROS2/install/pirobot2/share/pirobot2/rviz
[6.801s] Invoked command in '/home/pi/Raspi_codes/ROS2/build/pirobot2' returned '0': PYTHONPATH=/home/pi/Raspi_codes/ROS2/build/pirobot2/prefix_override:/usr/local/lib/python3.11/dist-packages/colcon_core/task/python/colcon_distutils_commands:/home/pi/Raspi_codes/ROS2/install/pirobot2/lib/python3.11/site-packages:${PYTHONPATH} /usr/bin/python3 -W ignore:setup.py install is deprecated -W ignore:easy_install command is deprecated setup.py develop --editable --build-directory /home/pi/Raspi_codes/ROS2/build/pirobot2/build --no-deps symlink_data
