running develop
running egg_info
creating pirobot2.egg-info
writing pirobot2.egg-info/PKG-INFO
writing dependency_links to pirobot2.egg-info/dependency_links.txt
writing entry points to pirobot2.egg-info/entry_points.txt
writing requirements to pirobot2.egg-info/requires.txt
writing top-level names to pirobot2.egg-info/top_level.txt
writing manifest file 'pirobot2.egg-info/SOURCES.txt'
reading manifest file 'pirobot2.egg-info/SOURCES.txt'
writing manifest file 'pirobot2.egg-info/SOURCES.txt'
running build_ext
Creating /home/pi/Raspi_codes/install/pirobot2/lib/python3.11/site-packages/pirobot2.egg-link (link to .)
Installing imu_publisher_node script to /home/pi/Raspi_codes/install/pirobot2/lib/pirobot2
Installing lidar_publisher_node script to /home/pi/Raspi_codes/install/pirobot2/lib/pirobot2
Installing motion_subscriber_node script to /home/pi/Raspi_codes/install/pirobot2/lib/pirobot2
Installing obstacle_avoidance_node script to /home/pi/Raspi_codes/install/pirobot2/lib/pirobot2
Installing pirobot2 script to /home/pi/Raspi_codes/install/pirobot2/lib/pirobot2
Installing scan_imu_slam_node script to /home/pi/Raspi_codes/install/pirobot2/lib/pirobot2
Installing serial_bridge_node script to /home/pi/Raspi_codes/install/pirobot2/lib/pirobot2
Installing teleop_keyboard_node script to /home/pi/Raspi_codes/install/pirobot2/lib/pirobot2
Installing ultrasonic_publisher_node script to /home/pi/Raspi_codes/install/pirobot2/lib/pirobot2

Installed /home/pi/Raspi_codes/build/pirobot2
running symlink_data
creating /home/pi/Raspi_codes/install/pirobot2/share/ament_index
creating /home/pi/Raspi_codes/install/pirobot2/share/ament_index/resource_index
creating /home/pi/Raspi_codes/install/pirobot2/share/ament_index/resource_index/packages
symbolically linking /home/pi/Raspi_codes/build/pirobot2/resource/pirobot2 -> /home/pi/Raspi_codes/install/pirobot2/share/ament_index/resource_index/packages
symbolically linking /home/pi/Raspi_codes/build/pirobot2/package.xml -> /home/pi/Raspi_codes/install/pirobot2/share/pirobot2
creating /home/pi/Raspi_codes/install/pirobot2/share/pirobot2/launch
symbolically linking /home/pi/Raspi_codes/build/pirobot2/launch/lidar_rviz_client.launch.py -> /home/pi/Raspi_codes/install/pirobot2/share/pirobot2/launch
symbolically linking /home/pi/Raspi_codes/build/pirobot2/launch/imu_publisher.launch.py -> /home/pi/Raspi_codes/install/pirobot2/share/pirobot2/launch
symbolically linking /home/pi/Raspi_codes/build/pirobot2/launch/obstacle_avoidance.launch.py -> /home/pi/Raspi_codes/install/pirobot2/share/pirobot2/launch
symbolically linking /home/pi/Raspi_codes/build/pirobot2/launch/lidar_imu_rviz_client.launch.py -> /home/pi/Raspi_codes/install/pirobot2/share/pirobot2/launch
symbolically linking /home/pi/Raspi_codes/build/pirobot2/launch/serial_bridge.launch.py -> /home/pi/Raspi_codes/install/pirobot2/share/pirobot2/launch
symbolically linking /home/pi/Raspi_codes/build/pirobot2/launch/lidar_publisher.launch.py -> /home/pi/Raspi_codes/install/pirobot2/share/pirobot2/launch
symbolically linking /home/pi/Raspi_codes/build/pirobot2/launch/motion_teleop.launch.py -> /home/pi/Raspi_codes/install/pirobot2/share/pirobot2/launch
symbolically linking /home/pi/Raspi_codes/build/pirobot2/launch/scan_imu_slam.launch.py -> /home/pi/Raspi_codes/install/pirobot2/share/pirobot2/launch
creating /home/pi/Raspi_codes/install/pirobot2/share/pirobot2/rviz
symbolically linking /home/pi/Raspi_codes/build/pirobot2/rviz/lidar_imu_combined.rviz -> /home/pi/Raspi_codes/install/pirobot2/share/pirobot2/rviz
symbolically linking /home/pi/Raspi_codes/build/pirobot2/rviz/lidar_scan.rviz -> /home/pi/Raspi_codes/install/pirobot2/share/pirobot2/rviz
symbolically linking /home/pi/Raspi_codes/build/pirobot2/rviz/slam_map.rviz -> /home/pi/Raspi_codes/install/pirobot2/share/pirobot2/rviz
