[3.794s] Invoking command in '/home/pi/Raspi_codes/ROS2/build/pirobot2': PYTHONPATH=/home/pi/Raspi_codes/ROS2/build/pirobot2/prefix_override:/usr/local/lib/python3.11/dist-packages/colcon_core/task/python/colcon_distutils_commands:/home/pi/Raspi_codes/ROS2/install/pirobot2/lib/python3.11/site-packages:${PYTHONPATH} /usr/bin/python3 -W ignore:setup.py install is deprecated -W ignore:easy_install command is deprecated setup.py develop --uninstall --editable --build-directory /home/pi/Raspi_codes/ROS2/build/pirobot2/build
[5.036s] running develop
[5.882s] Removing /home/pi/Raspi_codes/ROS2/install/pirobot2/lib/python3.11/site-packages/pirobot2.egg-link (link to .)
[6.103s] Invoked command in '/home/pi/Raspi_codes/ROS2/build/pirobot2' returned '0': PYTHONPATH=/home/pi/Raspi_codes/ROS2/build/pirobot2/prefix_override:/usr/local/lib/python3.11/dist-packages/colcon_core/task/python/colcon_distutils_commands:/home/pi/Raspi_codes/ROS2/install/pirobot2/lib/python3.11/site-packages:${PYTHONPATH} /usr/bin/python3 -W ignore:setup.py install is deprecated -W ignore:easy_install command is deprecated setup.py develop --uninstall --editable --build-directory /home/pi/Raspi_codes/ROS2/build/pirobot2/build
[6.114s] Invoking command in '/home/pi/Raspi_codes/ROS2/src/pirobot2': PYTHONPATH=/home/pi/Raspi_codes/ROS2/build/pirobot2/prefix_override:/usr/local/lib/python3.11/dist-packages/colcon_core/task/python/colcon_distutils_commands:/home/pi/Raspi_codes/ROS2/install/pirobot2/lib/python3.11/site-packages:${PYTHONPATH} /usr/bin/python3 -W ignore:setup.py install is deprecated -W ignore:easy_install command is deprecated setup.py egg_info --egg-base ../../build/pirobot2 build --build-base /home/pi/Raspi_codes/ROS2/build/pirobot2/build install --record /home/pi/Raspi_codes/ROS2/build/pirobot2/install.log --single-version-externally-managed install_data --force
[7.604s] running egg_info
[7.671s] writing ../../build/pirobot2/pirobot2.egg-info/PKG-INFO
[7.672s] writing dependency_links to ../../build/pirobot2/pirobot2.egg-info/dependency_links.txt
[7.676s] writing entry points to ../../build/pirobot2/pirobot2.egg-info/entry_points.txt
[7.676s] writing requirements to ../../build/pirobot2/pirobot2.egg-info/requires.txt
[7.678s] writing top-level names to ../../build/pirobot2/pirobot2.egg-info/top_level.txt
[7.814s] reading manifest file '../../build/pirobot2/pirobot2.egg-info/SOURCES.txt'
[7.815s] adding license file 'LICENSE'
[7.817s] writing manifest file '../../build/pirobot2/pirobot2.egg-info/SOURCES.txt'
[7.818s] running build
[7.818s] running build_py
[7.820s] copying pirobot2/scan_imu_slam.py -> /home/pi/Raspi_codes/ROS2/build/pirobot2/build/lib/pirobot2
[7.822s] running install
[7.844s] running install_lib
[7.911s] creating /home/pi/Raspi_codes/ROS2/install/pirobot2/lib/python3.11/site-packages/pirobot2
[7.912s] copying /home/pi/Raspi_codes/ROS2/build/pirobot2/build/lib/pirobot2/ultrasonic_publisher.py -> /home/pi/Raspi_codes/ROS2/install/pirobot2/lib/python3.11/site-packages/pirobot2
[7.913s] copying /home/pi/Raspi_codes/ROS2/build/pirobot2/build/lib/pirobot2/serial_bridge.py -> /home/pi/Raspi_codes/ROS2/install/pirobot2/lib/python3.11/site-packages/pirobot2
[7.913s] copying /home/pi/Raspi_codes/ROS2/build/pirobot2/build/lib/pirobot2/imu_publisher.py -> /home/pi/Raspi_codes/ROS2/install/pirobot2/lib/python3.11/site-packages/pirobot2
[7.915s] copying /home/pi/Raspi_codes/ROS2/build/pirobot2/build/lib/pirobot2/teleop_keyboard.py -> /home/pi/Raspi_codes/ROS2/install/pirobot2/lib/python3.11/site-packages/pirobot2
[7.915s] copying /home/pi/Raspi_codes/ROS2/build/pirobot2/build/lib/pirobot2/scan_imu_slam.py -> /home/pi/Raspi_codes/ROS2/install/pirobot2/lib/python3.11/site-packages/pirobot2
[7.915s] copying /home/pi/Raspi_codes/ROS2/build/pirobot2/build/lib/pirobot2/motion_subscriber.py -> /home/pi/Raspi_codes/ROS2/install/pirobot2/lib/python3.11/site-packages/pirobot2
[7.915s] copying /home/pi/Raspi_codes/ROS2/build/pirobot2/build/lib/pirobot2/lidar_publisher.py -> /home/pi/Raspi_codes/ROS2/install/pirobot2/lib/python3.11/site-packages/pirobot2
[7.916s] copying /home/pi/Raspi_codes/ROS2/build/pirobot2/build/lib/pirobot2/pirobot2.py -> /home/pi/Raspi_codes/ROS2/install/pirobot2/lib/python3.11/site-packages/pirobot2
[7.917s] copying /home/pi/Raspi_codes/ROS2/build/pirobot2/build/lib/pirobot2/__init__.py -> /home/pi/Raspi_codes/ROS2/install/pirobot2/lib/python3.11/site-packages/pirobot2
[7.918s] copying /home/pi/Raspi_codes/ROS2/build/pirobot2/build/lib/pirobot2/obstacle_avoidance.py -> /home/pi/Raspi_codes/ROS2/install/pirobot2/lib/python3.11/site-packages/pirobot2
[7.918s] byte-compiling /home/pi/Raspi_codes/ROS2/install/pirobot2/lib/python3.11/site-packages/pirobot2/ultrasonic_publisher.py to ultrasonic_publisher.cpython-311.pyc
[7.922s] byte-compiling /home/pi/Raspi_codes/ROS2/install/pirobot2/lib/python3.11/site-packages/pirobot2/serial_bridge.py to serial_bridge.cpython-311.pyc
[7.929s] byte-compiling /home/pi/Raspi_codes/ROS2/install/pirobot2/lib/python3.11/site-packages/pirobot2/imu_publisher.py to imu_publisher.cpython-311.pyc
[7.934s] byte-compiling /home/pi/Raspi_codes/ROS2/install/pirobot2/lib/python3.11/site-packages/pirobot2/teleop_keyboard.py to teleop_keyboard.cpython-311.pyc
[7.938s] byte-compiling /home/pi/Raspi_codes/ROS2/install/pirobot2/lib/python3.11/site-packages/pirobot2/scan_imu_slam.py to scan_imu_slam.cpython-311.pyc
[7.946s] byte-compiling /home/pi/Raspi_codes/ROS2/install/pirobot2/lib/python3.11/site-packages/pirobot2/motion_subscriber.py to motion_subscriber.cpython-311.pyc
[7.950s] byte-compiling /home/pi/Raspi_codes/ROS2/install/pirobot2/lib/python3.11/site-packages/pirobot2/lidar_publisher.py to lidar_publisher.cpython-311.pyc
[7.954s] byte-compiling /home/pi/Raspi_codes/ROS2/install/pirobot2/lib/python3.11/site-packages/pirobot2/pirobot2.py to pirobot2.cpython-311.pyc
[7.955s] byte-compiling /home/pi/Raspi_codes/ROS2/install/pirobot2/lib/python3.11/site-packages/pirobot2/__init__.py to __init__.cpython-311.pyc
[7.956s] byte-compiling /home/pi/Raspi_codes/ROS2/install/pirobot2/lib/python3.11/site-packages/pirobot2/obstacle_avoidance.py to obstacle_avoidance.cpython-311.pyc
[7.959s] running install_data
[7.960s] copying resource/pirobot2 -> /home/pi/Raspi_codes/ROS2/install/pirobot2/share/ament_index/resource_index/packages
[7.961s] copying package.xml -> /home/pi/Raspi_codes/ROS2/install/pirobot2/share/pirobot2
[7.963s] copying launch/lidar_rviz_client.launch.py -> /home/pi/Raspi_codes/ROS2/install/pirobot2/share/pirobot2/launch
[7.963s] copying launch/imu_publisher.launch.py -> /home/pi/Raspi_codes/ROS2/install/pirobot2/share/pirobot2/launch
[7.965s] copying launch/obstacle_avoidance.launch.py -> /home/pi/Raspi_codes/ROS2/install/pirobot2/share/pirobot2/launch
[7.966s] copying launch/lidar_imu_rviz_client.launch.py -> /home/pi/Raspi_codes/ROS2/install/pirobot2/share/pirobot2/launch
[7.970s] copying launch/serial_bridge.launch.py -> /home/pi/Raspi_codes/ROS2/install/pirobot2/share/pirobot2/launch
[7.970s] copying launch/lidar_publisher.launch.py -> /home/pi/Raspi_codes/ROS2/install/pirobot2/share/pirobot2/launch
[7.971s] copying launch/motion_teleop.launch.py -> /home/pi/Raspi_codes/ROS2/install/pirobot2/share/pirobot2/launch
[7.971s] copying launch/scan_imu_slam.launch.py -> /home/pi/Raspi_codes/ROS2/install/pirobot2/share/pirobot2/launch
[7.971s] copying rviz/lidar_imu_combined.rviz -> /home/pi/Raspi_codes/ROS2/install/pirobot2/share/pirobot2/rviz
[7.971s] copying rviz/lidar_scan.rviz -> /home/pi/Raspi_codes/ROS2/install/pirobot2/share/pirobot2/rviz
[7.971s] copying rviz/slam_map.rviz -> /home/pi/Raspi_codes/ROS2/install/pirobot2/share/pirobot2/rviz
[7.972s] running install_egg_info
[8.060s] Copying ../../build/pirobot2/pirobot2.egg-info to /home/pi/Raspi_codes/ROS2/install/pirobot2/lib/python3.11/site-packages/pirobot2-0.0.0-py3.11.egg-info
[8.065s] running install_scripts
[8.473s] Installing imu_publisher_node script to /home/pi/Raspi_codes/ROS2/install/pirobot2/lib/pirobot2
[8.474s] Installing lidar_publisher_node script to /home/pi/Raspi_codes/ROS2/install/pirobot2/lib/pirobot2
[8.477s] Installing motion_subscriber_node script to /home/pi/Raspi_codes/ROS2/install/pirobot2/lib/pirobot2
[8.479s] Installing obstacle_avoidance_node script to /home/pi/Raspi_codes/ROS2/install/pirobot2/lib/pirobot2
[8.480s] Installing pirobot2 script to /home/pi/Raspi_codes/ROS2/install/pirobot2/lib/pirobot2
[8.481s] Installing scan_imu_slam_node script to /home/pi/Raspi_codes/ROS2/install/pirobot2/lib/pirobot2
[8.482s] Installing serial_bridge_node script to /home/pi/Raspi_codes/ROS2/install/pirobot2/lib/pirobot2
[8.483s] Installing teleop_keyboard_node script to /home/pi/Raspi_codes/ROS2/install/pirobot2/lib/pirobot2
[8.484s] Installing ultrasonic_publisher_node script to /home/pi/Raspi_codes/ROS2/install/pirobot2/lib/pirobot2
[8.490s] writing list of installed files to '/home/pi/Raspi_codes/ROS2/build/pirobot2/install.log'
[8.733s] Invoked command in '/home/pi/Raspi_codes/ROS2/src/pirobot2' returned '0': PYTHONPATH=/home/pi/Raspi_codes/ROS2/build/pirobot2/prefix_override:/usr/local/lib/python3.11/dist-packages/colcon_core/task/python/colcon_distutils_commands:/home/pi/Raspi_codes/ROS2/install/pirobot2/lib/python3.11/site-packages:${PYTHONPATH} /usr/bin/python3 -W ignore:setup.py install is deprecated -W ignore:easy_install command is deprecated setup.py egg_info --egg-base ../../build/pirobot2 build --build-base /home/pi/Raspi_codes/ROS2/build/pirobot2/build install --record /home/pi/Raspi_codes/ROS2/build/pirobot2/install.log --single-version-externally-managed install_data --force
