2026-04-29 12:16:20,352 [INFO] --- Step 1: Initialization phase ---
2026-04-29 12:16:33,826 [INFO] Motor status: OK
2026-04-29 12:16:36,124 [INFO] Camera status: OK
2026-04-29 12:16:36,126 [INFO] Ultrasonic sensor status: OK (L:7 C:40 R:11)
2026-04-29 12:16:36,127 [INFO] Moving ARM to UP pose.
2026-04-29 12:16:37,148 [INFO] System Online. Waiting for button press ('y' key) to start mission sequence...
2026-04-29 12:16:56,446 [INFO] Button pressed. Mission Started!
2026-04-29 12:16:56,449 [INFO] --- Step 2: Confirm Home Location ---
2026-04-29 12:16:56,719 [INFO] Home tags not visible. Adjusting view backwards...
2026-04-29 12:16:58,364 [INFO] Home tags not visible. Adjusting view backwards...
2026-04-29 12:16:59,471 [INFO] Home tags not visible. Adjusting view backwards...
2026-04-29 12:17:00,749 [INFO] Home tags not visible. Adjusting view backwards...
2026-04-29 12:17:02,026 [INFO] Home tags not visible. Adjusting view backwards...
2026-04-29 12:17:03,731 [INFO] Home tag(s) [15] confirmed!
2026-04-29 12:17:03,774 [INFO] Step 2 completed successfully.
2026-04-29 12:17:03,775 [INFO] --- Step 3: Exploration Phase ---
2026-04-29 12:17:03,775 [INFO] Searching for target...
2026-04-29 12:17:19,153 [INFO] Searching for target...
2026-04-29 12:17:34,883 [INFO] Searching for target...
2026-04-29 12:17:50,624 [INFO] Searching for target...
2026-04-29 12:18:05,686 [INFO] Searching for target...
2026-04-29 12:18:11,325 [INFO] Target detected at 100.5cm! Saving image.
2026-04-29 12:18:11,342 [INFO] Approaching the target...
2026-04-29 12:18:38,852 [INFO] Target reached distance limit.
2026-04-29 12:18:38,853 [INFO] Grabbing the ball...
2026-04-29 12:18:45,874 [INFO] Ball grab complete.
2026-04-29 12:18:45,876 [INFO] Searching for target...
2026-04-29 12:18:46,870 [INFO] Target detected at 30.3cm! Saving image.
2026-04-29 12:18:46,883 [INFO] Approaching the target...
2026-04-29 12:18:48,624 [INFO] Target reached distance limit.
2026-04-29 12:18:48,626 [INFO] Grabbing the ball...
2026-04-29 12:18:54,795 [INFO] Ball grab complete.
2026-04-29 12:18:54,797 [INFO] Searching for target...
2026-04-29 12:18:54,800 [INFO] Target detected at 25.0cm! Saving image.
2026-04-29 12:18:54,814 [INFO] Approaching the target...
2026-04-29 12:18:59,615 [INFO] Target reached distance limit.
2026-04-29 12:18:59,618 [INFO] Grabbing the ball...
2026-04-29 12:19:05,606 [INFO] Ball grab complete.
2026-04-29 12:19:05,607 [INFO] Step 3 Exploration time completed.
2026-04-29 12:19:05,609 [INFO] --- Step 4: Returning home ---
2026-04-29 12:19:05,610 [INFO] Estimating robot pose from vision data...
2026-04-29 12:19:45,875 [INFO] Executing Ball drop...
2026-04-29 12:19:49,150 [INFO] Mission sequence finalized. Entering rest pose and shutting down.
