[3.614s] Invoking command in '/home/pi/Raspi_codes/ROS2/build/pirobot2': PS1=(yolov8env) \[\e]0;\u@\h: \w\a\]${debian_chroot:+($debian_chroot)}\[\033[01;32m\]\u@\h\[\033[00m\]:\[\033[01;34m\]\w \$\[\033[00m\] PYTHONPATH=/home/pi/Raspi_codes/ROS2/build/pirobot2/prefix_override:/usr/local/lib/python3.11/dist-packages/colcon_core/task/python/colcon_distutils_commands:/home/pi/Raspi_codes/ROS2/install/pirobot2/lib/python3.11/site-packages:${PYTHONPATH} VIRTUAL_ENV_PROMPT=(yolov8env) /usr/bin/python3 -W ignore:setup.py install is deprecated -W ignore:easy_install command is deprecated setup.py develop --editable --build-directory /home/pi/Raspi_codes/ROS2/build/pirobot2/build --no-deps symlink_data --force
[6.750s] running develop
[7.546s] running egg_info
[7.606s] writing pirobot2.egg-info/PKG-INFO
[7.608s] writing dependency_links to pirobot2.egg-info/dependency_links.txt
[7.612s] writing entry points to pirobot2.egg-info/entry_points.txt
[7.614s] writing requirements to pirobot2.egg-info/requires.txt
[7.615s] writing top-level names to pirobot2.egg-info/top_level.txt
[7.744s] reading manifest file 'pirobot2.egg-info/SOURCES.txt'
[7.746s] writing manifest file 'pirobot2.egg-info/SOURCES.txt'
[7.811s] running build_ext
[7.812s] Creating /home/pi/Raspi_codes/ROS2/install/pirobot2/lib/python3.11/site-packages/pirobot2.egg-link (link to .)
[7.814s] Installing imu_publisher_node script to /home/pi/Raspi_codes/ROS2/install/pirobot2/lib/pirobot2
[7.816s] Installing lidar_publisher_node script to /home/pi/Raspi_codes/ROS2/install/pirobot2/lib/pirobot2
[7.816s] Installing motion_subscriber_node script to /home/pi/Raspi_codes/ROS2/install/pirobot2/lib/pirobot2
[7.817s] Installing obstacle_avoidance_node script to /home/pi/Raspi_codes/ROS2/install/pirobot2/lib/pirobot2
[7.818s] Installing pirobot2 script to /home/pi/Raspi_codes/ROS2/install/pirobot2/lib/pirobot2
[7.819s] Installing serial_bridge_node script to /home/pi/Raspi_codes/ROS2/install/pirobot2/lib/pirobot2
[7.820s] Installing teleop_keyboard_node script to /home/pi/Raspi_codes/ROS2/install/pirobot2/lib/pirobot2
[7.821s] Installing ultrasonic_publisher_node script to /home/pi/Raspi_codes/ROS2/install/pirobot2/lib/pirobot2
[7.822s] 
[7.822s] Installed /home/pi/Raspi_codes/ROS2/build/pirobot2
[7.824s] running symlink_data
[7.825s] symbolically linking /home/pi/Raspi_codes/ROS2/build/pirobot2/resource/pirobot2 -> /home/pi/Raspi_codes/ROS2/install/pirobot2/share/ament_index/resource_index/packages
[7.826s] symbolically linking /home/pi/Raspi_codes/ROS2/build/pirobot2/package.xml -> /home/pi/Raspi_codes/ROS2/install/pirobot2/share/pirobot2
[7.827s] symbolically linking /home/pi/Raspi_codes/ROS2/build/pirobot2/launch/lidar_rviz_client.launch.py -> /home/pi/Raspi_codes/ROS2/install/pirobot2/share/pirobot2/launch
[7.827s] symbolically linking /home/pi/Raspi_codes/ROS2/build/pirobot2/launch/imu_publisher.launch.py -> /home/pi/Raspi_codes/ROS2/install/pirobot2/share/pirobot2/launch
[7.827s] symbolically linking /home/pi/Raspi_codes/ROS2/build/pirobot2/launch/obstacle_avoidance.launch.py -> /home/pi/Raspi_codes/ROS2/install/pirobot2/share/pirobot2/launch
[7.828s] symbolically linking /home/pi/Raspi_codes/ROS2/build/pirobot2/launch/lidar_imu_rviz_client.launch.py -> /home/pi/Raspi_codes/ROS2/install/pirobot2/share/pirobot2/launch
[7.828s] symbolically linking /home/pi/Raspi_codes/ROS2/build/pirobot2/launch/serial_bridge.launch.py -> /home/pi/Raspi_codes/ROS2/install/pirobot2/share/pirobot2/launch
[7.831s] symbolically linking /home/pi/Raspi_codes/ROS2/build/pirobot2/launch/lidar_publisher.launch.py -> /home/pi/Raspi_codes/ROS2/install/pirobot2/share/pirobot2/launch
[7.833s] symbolically linking /home/pi/Raspi_codes/ROS2/build/pirobot2/launch/motion_teleop.launch.py -> /home/pi/Raspi_codes/ROS2/install/pirobot2/share/pirobot2/launch
[7.835s] symbolically linking /home/pi/Raspi_codes/ROS2/build/pirobot2/rviz/lidar_imu_combined.rviz -> /home/pi/Raspi_codes/ROS2/install/pirobot2/share/pirobot2/rviz
[7.837s] symbolically linking /home/pi/Raspi_codes/ROS2/build/pirobot2/rviz/lidar_scan.rviz -> /home/pi/Raspi_codes/ROS2/install/pirobot2/share/pirobot2/rviz
[8.041s] Invoked command in '/home/pi/Raspi_codes/ROS2/build/pirobot2' returned '0': PS1=(yolov8env) \[\e]0;\u@\h: \w\a\]${debian_chroot:+($debian_chroot)}\[\033[01;32m\]\u@\h\[\033[00m\]:\[\033[01;34m\]\w \$\[\033[00m\] PYTHONPATH=/home/pi/Raspi_codes/ROS2/build/pirobot2/prefix_override:/usr/local/lib/python3.11/dist-packages/colcon_core/task/python/colcon_distutils_commands:/home/pi/Raspi_codes/ROS2/install/pirobot2/lib/python3.11/site-packages:${PYTHONPATH} VIRTUAL_ENV_PROMPT=(yolov8env) /usr/bin/python3 -W ignore:setup.py install is deprecated -W ignore:easy_install command is deprecated setup.py develop --editable --build-directory /home/pi/Raspi_codes/ROS2/build/pirobot2/build --no-deps symlink_data --force
