[0.475s] DEBUG:colcon:Command line arguments: ['/usr/local/bin/colcon', 'build', '--packages-select', 'pirobot2', '--symlink-install']
[0.476s] DEBUG:colcon:Parsed command line arguments: Namespace(log_base=None, log_level=None, verb_name='build', build_base='build', install_base='install', merge_install=False, symlink_install=True, test_result_base=None, continue_on_error=False, executor='parallel', parallel_workers=4, event_handlers=None, ignore_user_meta=False, metas=['./colcon.meta'], base_paths=['.'], packages_ignore=None, packages_ignore_regex=None, paths=None, packages_up_to=None, packages_up_to_regex=None, packages_above=None, packages_above_and_dependencies=None, packages_above_depth=None, packages_select_by_dep=None, packages_skip_by_dep=None, packages_skip_up_to=None, packages_select_build_failed=False, packages_skip_build_finished=False, packages_select_test_failures=False, packages_skip_test_passed=False, packages_select=['pirobot2'], packages_skip=None, packages_select_regex=None, packages_skip_regex=None, packages_start=None, packages_end=None, cmake_args=None, cmake_target=None, cmake_target_skip_unavailable=False, cmake_clean_cache=False, cmake_clean_first=False, cmake_force_configure=False, ament_cmake_args=None, catkin_cmake_args=None, catkin_skip_building_tests=False, verb_parser=<colcon_defaults.argument_parser.defaults.DefaultArgumentsDecorator object at 0x7f95359810>, verb_extension=<colcon_core.verb.build.BuildVerb object at 0x7f95553ed0>, main=<bound method BuildVerb.main of <colcon_core.verb.build.BuildVerb object at 0x7f95553ed0>>)
[1.131s] Level 1:colcon.colcon_core.package_discovery:discover_packages(colcon_meta) check parameters
[1.132s] Level 1:colcon.colcon_core.package_discovery:discover_packages(recursive) check parameters
[1.132s] Level 1:colcon.colcon_core.package_discovery:discover_packages(ignore) check parameters
[1.132s] Level 1:colcon.colcon_core.package_discovery:discover_packages(path) check parameters
[1.132s] Level 1:colcon.colcon_core.package_discovery:discover_packages(colcon_meta) discover
[1.133s] Level 1:colcon.colcon_core.package_discovery:discover_packages(recursive) discover
[1.133s] INFO:colcon.colcon_core.package_discovery:Crawling recursively for packages in '/home/pi/Raspi_codes/ROS2'
[1.133s] Level 1:colcon.colcon_core.package_identification:_identify(.) by extensions ['ignore', 'ignore_ament_install']
[1.133s] Level 1:colcon.colcon_core.package_identification:_identify(.) by extension 'ignore'
[1.134s] Level 1:colcon.colcon_core.package_identification:_identify(.) by extension 'ignore_ament_install'
[1.134s] Level 1:colcon.colcon_core.package_identification:_identify(.) by extensions ['colcon_pkg']
[1.134s] Level 1:colcon.colcon_core.package_identification:_identify(.) by extension 'colcon_pkg'
[1.134s] Level 1:colcon.colcon_core.package_identification:_identify(.) by extensions ['colcon_meta']
[1.134s] Level 1:colcon.colcon_core.package_identification:_identify(.) by extension 'colcon_meta'
[1.134s] Level 1:colcon.colcon_core.package_identification:_identify(.) by extensions ['ros']
[1.134s] Level 1:colcon.colcon_core.package_identification:_identify(.) by extension 'ros'
[1.242s] Level 1:colcon.colcon_core.package_identification:_identify(.) by extensions ['cmake', 'python']
[1.242s] Level 1:colcon.colcon_core.package_identification:_identify(.) by extension 'cmake'
[1.242s] Level 1:colcon.colcon_core.package_identification:_identify(.) by extension 'python'
[1.242s] Level 1:colcon.colcon_core.package_identification:_identify(.) by extensions ['python_setup_py']
[1.242s] Level 1:colcon.colcon_core.package_identification:_identify(.) by extension 'python_setup_py'
[1.243s] Level 1:colcon.colcon_core.package_identification:_identify(build) by extensions ['ignore', 'ignore_ament_install']
[1.243s] Level 1:colcon.colcon_core.package_identification:_identify(build) by extension 'ignore'
[1.243s] Level 1:colcon.colcon_core.package_identification:_identify(build) ignored
[1.243s] Level 1:colcon.colcon_core.package_identification:_identify(install) by extensions ['ignore', 'ignore_ament_install']
[1.244s] Level 1:colcon.colcon_core.package_identification:_identify(install) by extension 'ignore'
[1.244s] Level 1:colcon.colcon_core.package_identification:_identify(install) ignored
[1.244s] Level 1:colcon.colcon_core.package_identification:_identify(log) by extensions ['ignore', 'ignore_ament_install']
[1.244s] Level 1:colcon.colcon_core.package_identification:_identify(log) by extension 'ignore'
[1.244s] Level 1:colcon.colcon_core.package_identification:_identify(log) ignored
[1.245s] Level 1:colcon.colcon_core.package_identification:_identify(src) by extensions ['ignore', 'ignore_ament_install']
[1.245s] Level 1:colcon.colcon_core.package_identification:_identify(src) by extension 'ignore'
[1.245s] Level 1:colcon.colcon_core.package_identification:_identify(src) by extension 'ignore_ament_install'
[1.245s] Level 1:colcon.colcon_core.package_identification:_identify(src) by extensions ['colcon_pkg']
[1.245s] Level 1:colcon.colcon_core.package_identification:_identify(src) by extension 'colcon_pkg'
[1.245s] Level 1:colcon.colcon_core.package_identification:_identify(src) by extensions ['colcon_meta']
[1.246s] Level 1:colcon.colcon_core.package_identification:_identify(src) by extension 'colcon_meta'
[1.246s] Level 1:colcon.colcon_core.package_identification:_identify(src) by extensions ['ros']
[1.246s] Level 1:colcon.colcon_core.package_identification:_identify(src) by extension 'ros'
[1.246s] Level 1:colcon.colcon_core.package_identification:_identify(src) by extensions ['cmake', 'python']
[1.246s] Level 1:colcon.colcon_core.package_identification:_identify(src) by extension 'cmake'
[1.246s] Level 1:colcon.colcon_core.package_identification:_identify(src) by extension 'python'
[1.246s] Level 1:colcon.colcon_core.package_identification:_identify(src) by extensions ['python_setup_py']
[1.246s] Level 1:colcon.colcon_core.package_identification:_identify(src) by extension 'python_setup_py'
[1.247s] Level 1:colcon.colcon_core.package_identification:_identify(src/pirobot) by extensions ['ignore', 'ignore_ament_install']
[1.247s] Level 1:colcon.colcon_core.package_identification:_identify(src/pirobot) by extension 'ignore'
[1.247s] Level 1:colcon.colcon_core.package_identification:_identify(src/pirobot) by extension 'ignore_ament_install'
[1.247s] Level 1:colcon.colcon_core.package_identification:_identify(src/pirobot) by extensions ['colcon_pkg']
[1.247s] Level 1:colcon.colcon_core.package_identification:_identify(src/pirobot) by extension 'colcon_pkg'
[1.247s] Level 1:colcon.colcon_core.package_identification:_identify(src/pirobot) by extensions ['colcon_meta']
[1.247s] Level 1:colcon.colcon_core.package_identification:_identify(src/pirobot) by extension 'colcon_meta'
[1.248s] Level 1:colcon.colcon_core.package_identification:_identify(src/pirobot) by extensions ['ros']
[1.248s] Level 1:colcon.colcon_core.package_identification:_identify(src/pirobot) by extension 'ros'
[1.255s] DEBUG:colcon.colcon_core.package_identification:Package 'src/pirobot' with type 'ros.ament_python' and name 'pirobot'
[1.255s] Level 1:colcon.colcon_core.package_identification:_identify(src/pirobot2) by extensions ['ignore', 'ignore_ament_install']
[1.256s] Level 1:colcon.colcon_core.package_identification:_identify(src/pirobot2) by extension 'ignore'
[1.256s] Level 1:colcon.colcon_core.package_identification:_identify(src/pirobot2) by extension 'ignore_ament_install'
[1.256s] Level 1:colcon.colcon_core.package_identification:_identify(src/pirobot2) by extensions ['colcon_pkg']
[1.256s] Level 1:colcon.colcon_core.package_identification:_identify(src/pirobot2) by extension 'colcon_pkg'
[1.256s] Level 1:colcon.colcon_core.package_identification:_identify(src/pirobot2) by extensions ['colcon_meta']
[1.256s] Level 1:colcon.colcon_core.package_identification:_identify(src/pirobot2) by extension 'colcon_meta'
[1.256s] Level 1:colcon.colcon_core.package_identification:_identify(src/pirobot2) by extensions ['ros']
[1.257s] Level 1:colcon.colcon_core.package_identification:_identify(src/pirobot2) by extension 'ros'
[1.258s] DEBUG:colcon.colcon_core.package_identification:Package 'src/pirobot2' with type 'ros.ament_python' and name 'pirobot2'
[1.259s] Level 1:colcon.colcon_core.package_identification:_identify(src/ros2_tutorials) by extensions ['ignore', 'ignore_ament_install']
[1.259s] Level 1:colcon.colcon_core.package_identification:_identify(src/ros2_tutorials) by extension 'ignore'
[1.259s] Level 1:colcon.colcon_core.package_identification:_identify(src/ros2_tutorials) by extension 'ignore_ament_install'
[1.259s] Level 1:colcon.colcon_core.package_identification:_identify(src/ros2_tutorials) by extensions ['colcon_pkg']
[1.259s] Level 1:colcon.colcon_core.package_identification:_identify(src/ros2_tutorials) by extension 'colcon_pkg'
[1.260s] Level 1:colcon.colcon_core.package_identification:_identify(src/ros2_tutorials) by extensions ['colcon_meta']
[1.260s] Level 1:colcon.colcon_core.package_identification:_identify(src/ros2_tutorials) by extension 'colcon_meta'
[1.260s] Level 1:colcon.colcon_core.package_identification:_identify(src/ros2_tutorials) by extensions ['ros']
[1.260s] Level 1:colcon.colcon_core.package_identification:_identify(src/ros2_tutorials) by extension 'ros'
[1.260s] Level 1:colcon.colcon_core.package_identification:_identify(src/ros2_tutorials) by extensions ['cmake', 'python']
[1.260s] Level 1:colcon.colcon_core.package_identification:_identify(src/ros2_tutorials) by extension 'cmake'
[1.260s] Level 1:colcon.colcon_core.package_identification:_identify(src/ros2_tutorials) by extension 'python'
[1.260s] Level 1:colcon.colcon_core.package_identification:_identify(src/ros2_tutorials) by extensions ['python_setup_py']
[1.261s] Level 1:colcon.colcon_core.package_identification:_identify(src/ros2_tutorials) by extension 'python_setup_py'
[1.261s] Level 1:colcon.colcon_core.package_identification:_identify(src/ros2_tutorials/tutorial_1) by extensions ['ignore', 'ignore_ament_install']
[1.261s] Level 1:colcon.colcon_core.package_identification:_identify(src/ros2_tutorials/tutorial_1) by extension 'ignore'
[1.261s] Level 1:colcon.colcon_core.package_identification:_identify(src/ros2_tutorials/tutorial_1) by extension 'ignore_ament_install'
[1.261s] Level 1:colcon.colcon_core.package_identification:_identify(src/ros2_tutorials/tutorial_1) by extensions ['colcon_pkg']
[1.261s] Level 1:colcon.colcon_core.package_identification:_identify(src/ros2_tutorials/tutorial_1) by extension 'colcon_pkg'
[1.262s] Level 1:colcon.colcon_core.package_identification:_identify(src/ros2_tutorials/tutorial_1) by extensions ['colcon_meta']
[1.262s] Level 1:colcon.colcon_core.package_identification:_identify(src/ros2_tutorials/tutorial_1) by extension 'colcon_meta'
[1.262s] Level 1:colcon.colcon_core.package_identification:_identify(src/ros2_tutorials/tutorial_1) by extensions ['ros']
[1.262s] Level 1:colcon.colcon_core.package_identification:_identify(src/ros2_tutorials/tutorial_1) by extension 'ros'
[1.262s] Level 1:colcon.colcon_core.package_identification:_identify(src/ros2_tutorials/tutorial_1) by extensions ['cmake', 'python']
[1.262s] Level 1:colcon.colcon_core.package_identification:_identify(src/ros2_tutorials/tutorial_1) by extension 'cmake'
[1.262s] Level 1:colcon.colcon_core.package_identification:_identify(src/ros2_tutorials/tutorial_1) by extension 'python'
[1.262s] Level 1:colcon.colcon_core.package_identification:_identify(src/ros2_tutorials/tutorial_1) by extensions ['python_setup_py']
[1.262s] Level 1:colcon.colcon_core.package_identification:_identify(src/ros2_tutorials/tutorial_1) by extension 'python_setup_py'
[1.263s] Level 1:colcon.colcon_core.package_identification:_identify(src/ros2_tutorials/tutorial_1/hello_world) by extensions ['ignore', 'ignore_ament_install']
[1.263s] Level 1:colcon.colcon_core.package_identification:_identify(src/ros2_tutorials/tutorial_1/hello_world) by extension 'ignore'
[1.263s] Level 1:colcon.colcon_core.package_identification:_identify(src/ros2_tutorials/tutorial_1/hello_world) by extension 'ignore_ament_install'
[1.263s] Level 1:colcon.colcon_core.package_identification:_identify(src/ros2_tutorials/tutorial_1/hello_world) by extensions ['colcon_pkg']
[1.263s] Level 1:colcon.colcon_core.package_identification:_identify(src/ros2_tutorials/tutorial_1/hello_world) by extension 'colcon_pkg'
[1.263s] Level 1:colcon.colcon_core.package_identification:_identify(src/ros2_tutorials/tutorial_1/hello_world) by extensions ['colcon_meta']
[1.264s] Level 1:colcon.colcon_core.package_identification:_identify(src/ros2_tutorials/tutorial_1/hello_world) by extension 'colcon_meta'
[1.264s] Level 1:colcon.colcon_core.package_identification:_identify(src/ros2_tutorials/tutorial_1/hello_world) by extensions ['ros']
[1.264s] Level 1:colcon.colcon_core.package_identification:_identify(src/ros2_tutorials/tutorial_1/hello_world) by extension 'ros'
[1.266s] DEBUG:colcon.colcon_core.package_identification:Package 'src/ros2_tutorials/tutorial_1/hello_world' with type 'ros.ament_python' and name 'hello_world'
[1.266s] Level 1:colcon.colcon_core.package_identification:_identify(src/ros2_tutorials/tutorial_2) by extensions ['ignore', 'ignore_ament_install']
[1.267s] Level 1:colcon.colcon_core.package_identification:_identify(src/ros2_tutorials/tutorial_2) by extension 'ignore'
[1.267s] Level 1:colcon.colcon_core.package_identification:_identify(src/ros2_tutorials/tutorial_2) by extension 'ignore_ament_install'
[1.267s] Level 1:colcon.colcon_core.package_identification:_identify(src/ros2_tutorials/tutorial_2) by extensions ['colcon_pkg']
[1.267s] Level 1:colcon.colcon_core.package_identification:_identify(src/ros2_tutorials/tutorial_2) by extension 'colcon_pkg'
[1.267s] Level 1:colcon.colcon_core.package_identification:_identify(src/ros2_tutorials/tutorial_2) by extensions ['colcon_meta']
[1.267s] Level 1:colcon.colcon_core.package_identification:_identify(src/ros2_tutorials/tutorial_2) by extension 'colcon_meta'
[1.267s] Level 1:colcon.colcon_core.package_identification:_identify(src/ros2_tutorials/tutorial_2) by extensions ['ros']
[1.267s] Level 1:colcon.colcon_core.package_identification:_identify(src/ros2_tutorials/tutorial_2) by extension 'ros'
[1.268s] Level 1:colcon.colcon_core.package_identification:_identify(src/ros2_tutorials/tutorial_2) by extensions ['cmake', 'python']
[1.268s] Level 1:colcon.colcon_core.package_identification:_identify(src/ros2_tutorials/tutorial_2) by extension 'cmake'
[1.268s] Level 1:colcon.colcon_core.package_identification:_identify(src/ros2_tutorials/tutorial_2) by extension 'python'
[1.268s] Level 1:colcon.colcon_core.package_identification:_identify(src/ros2_tutorials/tutorial_2) by extensions ['python_setup_py']
[1.268s] Level 1:colcon.colcon_core.package_identification:_identify(src/ros2_tutorials/tutorial_2) by extension 'python_setup_py'
[1.268s] Level 1:colcon.colcon_core.package_identification:_identify(src/ros2_tutorials/tutorial_2/lifecycle_demo) by extensions ['ignore', 'ignore_ament_install']
[1.269s] Level 1:colcon.colcon_core.package_identification:_identify(src/ros2_tutorials/tutorial_2/lifecycle_demo) by extension 'ignore'
[1.269s] Level 1:colcon.colcon_core.package_identification:_identify(src/ros2_tutorials/tutorial_2/lifecycle_demo) by extension 'ignore_ament_install'
[1.269s] Level 1:colcon.colcon_core.package_identification:_identify(src/ros2_tutorials/tutorial_2/lifecycle_demo) by extensions ['colcon_pkg']
[1.269s] Level 1:colcon.colcon_core.package_identification:_identify(src/ros2_tutorials/tutorial_2/lifecycle_demo) by extension 'colcon_pkg'
[1.269s] Level 1:colcon.colcon_core.package_identification:_identify(src/ros2_tutorials/tutorial_2/lifecycle_demo) by extensions ['colcon_meta']
[1.269s] Level 1:colcon.colcon_core.package_identification:_identify(src/ros2_tutorials/tutorial_2/lifecycle_demo) by extension 'colcon_meta'
[1.269s] Level 1:colcon.colcon_core.package_identification:_identify(src/ros2_tutorials/tutorial_2/lifecycle_demo) by extensions ['ros']
[1.270s] Level 1:colcon.colcon_core.package_identification:_identify(src/ros2_tutorials/tutorial_2/lifecycle_demo) by extension 'ros'
[1.272s] DEBUG:colcon.colcon_core.package_identification:Package 'src/ros2_tutorials/tutorial_2/lifecycle_demo' with type 'ros.ament_python' and name 'lifecycle_demo'
[1.272s] Level 1:colcon.colcon_core.package_identification:_identify(src/ros2_tutorials/tutorial_3) by extensions ['ignore', 'ignore_ament_install']
[1.272s] Level 1:colcon.colcon_core.package_identification:_identify(src/ros2_tutorials/tutorial_3) by extension 'ignore'
[1.273s] Level 1:colcon.colcon_core.package_identification:_identify(src/ros2_tutorials/tutorial_3) by extension 'ignore_ament_install'
[1.273s] Level 1:colcon.colcon_core.package_identification:_identify(src/ros2_tutorials/tutorial_3) by extensions ['colcon_pkg']
[1.273s] Level 1:colcon.colcon_core.package_identification:_identify(src/ros2_tutorials/tutorial_3) by extension 'colcon_pkg'
[1.273s] Level 1:colcon.colcon_core.package_identification:_identify(src/ros2_tutorials/tutorial_3) by extensions ['colcon_meta']
[1.273s] Level 1:colcon.colcon_core.package_identification:_identify(src/ros2_tutorials/tutorial_3) by extension 'colcon_meta'
[1.273s] Level 1:colcon.colcon_core.package_identification:_identify(src/ros2_tutorials/tutorial_3) by extensions ['ros']
[1.273s] Level 1:colcon.colcon_core.package_identification:_identify(src/ros2_tutorials/tutorial_3) by extension 'ros'
[1.273s] Level 1:colcon.colcon_core.package_identification:_identify(src/ros2_tutorials/tutorial_3) by extensions ['cmake', 'python']
[1.274s] Level 1:colcon.colcon_core.package_identification:_identify(src/ros2_tutorials/tutorial_3) by extension 'cmake'
[1.274s] Level 1:colcon.colcon_core.package_identification:_identify(src/ros2_tutorials/tutorial_3) by extension 'python'
[1.274s] Level 1:colcon.colcon_core.package_identification:_identify(src/ros2_tutorials/tutorial_3) by extensions ['python_setup_py']
[1.274s] Level 1:colcon.colcon_core.package_identification:_identify(src/ros2_tutorials/tutorial_3) by extension 'python_setup_py'
[1.274s] Level 1:colcon.colcon_core.package_identification:_identify(src/ros2_tutorials/tutorial_3/qos_demo) by extensions ['ignore', 'ignore_ament_install']
[1.274s] Level 1:colcon.colcon_core.package_identification:_identify(src/ros2_tutorials/tutorial_3/qos_demo) by extension 'ignore'
[1.275s] Level 1:colcon.colcon_core.package_identification:_identify(src/ros2_tutorials/tutorial_3/qos_demo) by extension 'ignore_ament_install'
[1.275s] Level 1:colcon.colcon_core.package_identification:_identify(src/ros2_tutorials/tutorial_3/qos_demo) by extensions ['colcon_pkg']
[1.275s] Level 1:colcon.colcon_core.package_identification:_identify(src/ros2_tutorials/tutorial_3/qos_demo) by extension 'colcon_pkg'
[1.275s] Level 1:colcon.colcon_core.package_identification:_identify(src/ros2_tutorials/tutorial_3/qos_demo) by extensions ['colcon_meta']
[1.275s] Level 1:colcon.colcon_core.package_identification:_identify(src/ros2_tutorials/tutorial_3/qos_demo) by extension 'colcon_meta'
[1.275s] Level 1:colcon.colcon_core.package_identification:_identify(src/ros2_tutorials/tutorial_3/qos_demo) by extensions ['ros']
[1.275s] Level 1:colcon.colcon_core.package_identification:_identify(src/ros2_tutorials/tutorial_3/qos_demo) by extension 'ros'
[1.278s] DEBUG:colcon.colcon_core.package_identification:Package 'src/ros2_tutorials/tutorial_3/qos_demo' with type 'ros.ament_python' and name 'qos_demo'
[1.278s] Level 1:colcon.colcon_core.package_identification:_identify(src/rplidar_scan) by extensions ['ignore', 'ignore_ament_install']
[1.278s] Level 1:colcon.colcon_core.package_identification:_identify(src/rplidar_scan) by extension 'ignore'
[1.278s] Level 1:colcon.colcon_core.package_identification:_identify(src/rplidar_scan) by extension 'ignore_ament_install'
[1.279s] Level 1:colcon.colcon_core.package_identification:_identify(src/rplidar_scan) by extensions ['colcon_pkg']
[1.279s] Level 1:colcon.colcon_core.package_identification:_identify(src/rplidar_scan) by extension 'colcon_pkg'
[1.279s] Level 1:colcon.colcon_core.package_identification:_identify(src/rplidar_scan) by extensions ['colcon_meta']
[1.279s] Level 1:colcon.colcon_core.package_identification:_identify(src/rplidar_scan) by extension 'colcon_meta'
[1.279s] Level 1:colcon.colcon_core.package_identification:_identify(src/rplidar_scan) by extensions ['ros']
[1.279s] Level 1:colcon.colcon_core.package_identification:_identify(src/rplidar_scan) by extension 'ros'
[1.281s] DEBUG:colcon.colcon_core.package_identification:Package 'src/rplidar_scan' with type 'ros.ament_python' and name 'rplidar_scan'
[1.281s] Level 1:colcon.colcon_core.package_discovery:discover_packages(recursive) using defaults
[1.281s] Level 1:colcon.colcon_core.package_discovery:discover_packages(ignore) discover
[1.281s] Level 1:colcon.colcon_core.package_discovery:discover_packages(ignore) using defaults
[1.281s] Level 1:colcon.colcon_core.package_discovery:discover_packages(path) discover
[1.281s] Level 1:colcon.colcon_core.package_discovery:discover_packages(path) using defaults
[1.344s] INFO:colcon.colcon_core.package_selection:Skipping not selected package 'hello_world' in 'src/ros2_tutorials/tutorial_1/hello_world'
[1.344s] INFO:colcon.colcon_core.package_selection:Skipping not selected package 'lifecycle_demo' in 'src/ros2_tutorials/tutorial_2/lifecycle_demo'
[1.344s] INFO:colcon.colcon_core.package_selection:Skipping not selected package 'pirobot' in 'src/pirobot'
[1.345s] INFO:colcon.colcon_core.package_selection:Skipping not selected package 'qos_demo' in 'src/ros2_tutorials/tutorial_3/qos_demo'
[1.345s] INFO:colcon.colcon_core.package_selection:Skipping not selected package 'rplidar_scan' in 'src/rplidar_scan'
[1.346s] Level 5:colcon.colcon_core.verb:set package 'pirobot2' build argument 'cmake_args' from command line to 'None'
[1.346s] Level 5:colcon.colcon_core.verb:set package 'pirobot2' build argument 'cmake_target' from command line to 'None'
[1.346s] Level 5:colcon.colcon_core.verb:set package 'pirobot2' build argument 'cmake_target_skip_unavailable' from command line to 'False'
[1.346s] Level 5:colcon.colcon_core.verb:set package 'pirobot2' build argument 'cmake_clean_cache' from command line to 'False'
[1.346s] Level 5:colcon.colcon_core.verb:set package 'pirobot2' build argument 'cmake_clean_first' from command line to 'False'
[1.346s] Level 5:colcon.colcon_core.verb:set package 'pirobot2' build argument 'cmake_force_configure' from command line to 'False'
[1.346s] Level 5:colcon.colcon_core.verb:set package 'pirobot2' build argument 'ament_cmake_args' from command line to 'None'
[1.346s] Level 5:colcon.colcon_core.verb:set package 'pirobot2' build argument 'catkin_cmake_args' from command line to 'None'
[1.347s] Level 5:colcon.colcon_core.verb:set package 'pirobot2' build argument 'catkin_skip_building_tests' from command line to 'False'
[1.347s] DEBUG:colcon.colcon_core.verb:Building package 'pirobot2' with the following arguments: {'ament_cmake_args': None, 'build_base': '/home/pi/Raspi_codes/ROS2/build/pirobot2', 'catkin_cmake_args': None, 'catkin_skip_building_tests': False, 'cmake_args': None, 'cmake_clean_cache': False, 'cmake_clean_first': False, 'cmake_force_configure': False, 'cmake_target': None, 'cmake_target_skip_unavailable': False, 'install_base': '/home/pi/Raspi_codes/ROS2/install/pirobot2', 'merge_install': False, 'path': '/home/pi/Raspi_codes/ROS2/src/pirobot2', 'symlink_install': True, 'test_result_base': None}
[1.347s] INFO:colcon.colcon_core.executor:Executing jobs using 'parallel' executor
[1.350s] DEBUG:colcon.colcon_parallel_executor.executor.parallel:run_until_complete
[1.351s] INFO:colcon.colcon_ros.task.ament_python.build:Building ROS package in '/home/pi/Raspi_codes/ROS2/src/pirobot2' with build type 'ament_python'
[1.351s] Level 1:colcon.colcon_core.shell:create_environment_hook('pirobot2', 'ament_prefix_path')
[1.359s] INFO:colcon.colcon_core.plugin_system:Skipping extension 'colcon_core.shell.bat': Not used on non-Windows systems
[1.359s] INFO:colcon.colcon_core.shell:Creating environment hook '/home/pi/Raspi_codes/ROS2/install/pirobot2/share/pirobot2/hook/ament_prefix_path.ps1'
[1.361s] INFO:colcon.colcon_core.shell:Creating environment descriptor '/home/pi/Raspi_codes/ROS2/install/pirobot2/share/pirobot2/hook/ament_prefix_path.dsv'
[1.364s] INFO:colcon.colcon_core.shell:Creating environment hook '/home/pi/Raspi_codes/ROS2/install/pirobot2/share/pirobot2/hook/ament_prefix_path.sh'
[1.367s] INFO:colcon.colcon_core.shell:Skip shell extension 'powershell' for command environment: Not usable outside of PowerShell
[1.367s] DEBUG:colcon.colcon_core.shell:Skip shell extension 'dsv' for command environment
[2.740s] INFO:colcon.colcon_core.task.python.build:Building Python package in '/home/pi/Raspi_codes/ROS2/src/pirobot2'
[2.740s] INFO:colcon.colcon_core.shell:Skip shell extension 'powershell' for command environment: Not usable outside of PowerShell
[2.741s] DEBUG:colcon.colcon_core.shell:Skip shell extension 'dsv' for command environment
[5.063s] DEBUG:colcon.colcon_core.event_handler.log_command:Invoking command in '/home/pi/Raspi_codes/ROS2/build/pirobot2': PYTHONPATH=/home/pi/Raspi_codes/ROS2/build/pirobot2/prefix_override:/usr/local/lib/python3.11/dist-packages/colcon_core/task/python/colcon_distutils_commands:/home/pi/Raspi_codes/ROS2/install/pirobot2/lib/python3.11/site-packages:${PYTHONPATH} VIRTUAL_ENV_PROMPT=(yolov8env) /usr/bin/python3 -W ignore:setup.py install is deprecated -W ignore:easy_install command is deprecated setup.py develop --editable --build-directory /home/pi/Raspi_codes/ROS2/build/pirobot2/build --no-deps symlink_data
[7.754s] Level 1:colcon.colcon_core.shell:create_environment_hook('pirobot2', 'pythonpath_develop')
[7.754s] INFO:colcon.colcon_core.shell:Creating environment hook '/home/pi/Raspi_codes/ROS2/build/pirobot2/share/pirobot2/hook/pythonpath_develop.ps1'
[7.755s] DEBUG:colcon.colcon_core.event_handler.log_command:Invoked command in '/home/pi/Raspi_codes/ROS2/build/pirobot2' returned '0': PYTHONPATH=/home/pi/Raspi_codes/ROS2/build/pirobot2/prefix_override:/usr/local/lib/python3.11/dist-packages/colcon_core/task/python/colcon_distutils_commands:/home/pi/Raspi_codes/ROS2/install/pirobot2/lib/python3.11/site-packages:${PYTHONPATH} VIRTUAL_ENV_PROMPT=(yolov8env) /usr/bin/python3 -W ignore:setup.py install is deprecated -W ignore:easy_install command is deprecated setup.py develop --editable --build-directory /home/pi/Raspi_codes/ROS2/build/pirobot2/build --no-deps symlink_data
[7.757s] INFO:colcon.colcon_core.shell:Creating environment descriptor '/home/pi/Raspi_codes/ROS2/build/pirobot2/share/pirobot2/hook/pythonpath_develop.dsv'
[7.760s] INFO:colcon.colcon_core.shell:Creating environment hook '/home/pi/Raspi_codes/ROS2/build/pirobot2/share/pirobot2/hook/pythonpath_develop.sh'
[7.767s] Level 1:colcon.colcon_core.environment:checking '/home/pi/Raspi_codes/ROS2/install/pirobot2' for CMake module files
[7.769s] Level 1:colcon.colcon_core.environment:checking '/home/pi/Raspi_codes/ROS2/install/pirobot2' for CMake config files
[7.771s] Level 1:colcon.colcon_core.environment:checking '/home/pi/Raspi_codes/ROS2/install/pirobot2/lib'
[7.771s] Level 1:colcon.colcon_core.environment:checking '/home/pi/Raspi_codes/ROS2/install/pirobot2/bin'
[7.771s] Level 1:colcon.colcon_core.environment:checking '/home/pi/Raspi_codes/ROS2/install/pirobot2/lib/pkgconfig/pirobot2.pc'
[7.772s] Level 1:colcon.colcon_core.environment:checking '/home/pi/Raspi_codes/ROS2/install/pirobot2/lib/python3.11/site-packages'
[7.772s] Level 1:colcon.colcon_core.shell:create_environment_hook('pirobot2', 'pythonpath')
[7.773s] INFO:colcon.colcon_core.shell:Creating environment hook '/home/pi/Raspi_codes/ROS2/install/pirobot2/share/pirobot2/hook/pythonpath.ps1'
[7.774s] INFO:colcon.colcon_core.shell:Creating environment descriptor '/home/pi/Raspi_codes/ROS2/install/pirobot2/share/pirobot2/hook/pythonpath.dsv'
[7.777s] INFO:colcon.colcon_core.shell:Creating environment hook '/home/pi/Raspi_codes/ROS2/install/pirobot2/share/pirobot2/hook/pythonpath.sh'
[7.779s] Level 1:colcon.colcon_core.environment:checking '/home/pi/Raspi_codes/ROS2/install/pirobot2/bin'
[7.779s] Level 1:colcon.colcon_core.environment:create_environment_scripts_only(pirobot2)
[7.780s] INFO:colcon.colcon_core.shell:Creating package script '/home/pi/Raspi_codes/ROS2/install/pirobot2/share/pirobot2/package.ps1'
[7.783s] INFO:colcon.colcon_core.shell:Creating package descriptor '/home/pi/Raspi_codes/ROS2/install/pirobot2/share/pirobot2/package.dsv'
[7.785s] INFO:colcon.colcon_core.shell:Creating package script '/home/pi/Raspi_codes/ROS2/install/pirobot2/share/pirobot2/package.sh'
[7.788s] INFO:colcon.colcon_core.shell:Creating package script '/home/pi/Raspi_codes/ROS2/install/pirobot2/share/pirobot2/package.bash'
[7.790s] INFO:colcon.colcon_core.shell:Creating package script '/home/pi/Raspi_codes/ROS2/install/pirobot2/share/pirobot2/package.zsh'
[7.793s] Level 1:colcon.colcon_core.environment:create_file_with_runtime_dependencies(/home/pi/Raspi_codes/ROS2/install/pirobot2/share/colcon-core/packages/pirobot2)
[7.794s] DEBUG:colcon.colcon_parallel_executor.executor.parallel:closing loop
[7.794s] DEBUG:colcon.colcon_parallel_executor.executor.parallel:loop closed
[7.795s] DEBUG:colcon.colcon_parallel_executor.executor.parallel:run_until_complete finished with '0'
[7.795s] DEBUG:colcon.colcon_core.event_reactor:joining thread
[7.814s] INFO:colcon.colcon_core.plugin_system:Skipping extension 'colcon_notification.desktop_notification.notify_send': Could not find 'notify-send'
[7.814s] INFO:colcon.colcon_core.plugin_system:Skipping extension 'colcon_notification.desktop_notification.terminal_notifier': Not used on non-Darwin systems
[7.814s] INFO:colcon.colcon_core.plugin_system:Skipping extension 'colcon_notification.desktop_notification.win32': Not used on non-Windows systems
[7.815s] INFO:colcon.colcon_notification.desktop_notification:Sending desktop notification using 'notify2'
[7.817s] DEBUG:colcon.colcon_notification.desktop_notification.notify2:Failed to initialize notify2: org.freedesktop.DBus.Error.ServiceUnknown: The name org.freedesktop.Notifications was not provided by any .service files
[7.818s] DEBUG:colcon.colcon_core.event_reactor:joined thread
[7.818s] INFO:colcon.colcon_core.shell:Creating prefix script '/home/pi/Raspi_codes/ROS2/install/local_setup.ps1'
[7.821s] INFO:colcon.colcon_core.shell:Creating prefix util module '/home/pi/Raspi_codes/ROS2/install/_local_setup_util_ps1.py'
[7.824s] INFO:colcon.colcon_core.shell:Creating prefix chain script '/home/pi/Raspi_codes/ROS2/install/setup.ps1'
[7.828s] INFO:colcon.colcon_core.shell:Creating prefix script '/home/pi/Raspi_codes/ROS2/install/local_setup.sh'
[7.829s] INFO:colcon.colcon_core.shell:Creating prefix util module '/home/pi/Raspi_codes/ROS2/install/_local_setup_util_sh.py'
[7.831s] INFO:colcon.colcon_core.shell:Creating prefix chain script '/home/pi/Raspi_codes/ROS2/install/setup.sh'
[7.835s] INFO:colcon.colcon_core.shell:Creating prefix script '/home/pi/Raspi_codes/ROS2/install/local_setup.bash'
[7.837s] INFO:colcon.colcon_core.shell:Creating prefix chain script '/home/pi/Raspi_codes/ROS2/install/setup.bash'
[7.841s] INFO:colcon.colcon_core.shell:Creating prefix script '/home/pi/Raspi_codes/ROS2/install/local_setup.zsh'
[7.842s] INFO:colcon.colcon_core.shell:Creating prefix chain script '/home/pi/Raspi_codes/ROS2/install/setup.zsh'
