[3.680s] Invoking command in '/home/pi/Raspi_codes/ROS2/src/rplidar_scan': PYTHONPATH=/home/pi/Raspi_codes/ROS2/build/rplidar_scan/prefix_override:/usr/local/lib/python3.11/dist-packages/colcon_core/task/python/colcon_distutils_commands:/home/pi/Raspi_codes/ROS2/install/rplidar_scan/lib/python3.11/site-packages:${PYTHONPATH} /usr/bin/python3 -W ignore:setup.py install is deprecated -W ignore:easy_install command is deprecated setup.py egg_info --egg-base ../../build/rplidar_scan build --build-base /home/pi/Raspi_codes/ROS2/build/rplidar_scan/build install --record /home/pi/Raspi_codes/ROS2/build/rplidar_scan/install.log --single-version-externally-managed install_data
[5.632s] running egg_info
[5.696s] writing ../../build/rplidar_scan/rplidar_scan.egg-info/PKG-INFO
[5.696s] writing dependency_links to ../../build/rplidar_scan/rplidar_scan.egg-info/dependency_links.txt
[5.703s] writing entry points to ../../build/rplidar_scan/rplidar_scan.egg-info/entry_points.txt
[5.704s] writing requirements to ../../build/rplidar_scan/rplidar_scan.egg-info/requires.txt
[5.704s] writing top-level names to ../../build/rplidar_scan/rplidar_scan.egg-info/top_level.txt
[5.767s] reading manifest file '../../build/rplidar_scan/rplidar_scan.egg-info/SOURCES.txt'
[5.770s] writing manifest file '../../build/rplidar_scan/rplidar_scan.egg-info/SOURCES.txt'
[5.770s] running build
[5.771s] running install
[5.790s] running install_data
[5.790s] copying launch/lidar_rviz_client.launch.py -> /home/pi/Raspi_codes/ROS2/install/rplidar_scan/share/rplidar_scan/launch
[5.791s] copying launch/lidar_publisher.launch.py -> /home/pi/Raspi_codes/ROS2/install/rplidar_scan/share/rplidar_scan/launch
[5.792s] running install_egg_info
[5.923s] removing '/home/pi/Raspi_codes/ROS2/install/rplidar_scan/lib/python3.11/site-packages/rplidar_scan-0.0.0-py3.11.egg-info' (and everything under it)
[5.924s] Copying ../../build/rplidar_scan/rplidar_scan.egg-info to /home/pi/Raspi_codes/ROS2/install/rplidar_scan/lib/python3.11/site-packages/rplidar_scan-0.0.0-py3.11.egg-info
[5.927s] running install_scripts
[6.164s] Installing rplidar_scan_node script to /home/pi/Raspi_codes/ROS2/install/rplidar_scan/lib/rplidar_scan
[6.165s] writing list of installed files to '/home/pi/Raspi_codes/ROS2/build/rplidar_scan/install.log'
[6.355s] Invoked command in '/home/pi/Raspi_codes/ROS2/src/rplidar_scan' returned '0': PYTHONPATH=/home/pi/Raspi_codes/ROS2/build/rplidar_scan/prefix_override:/usr/local/lib/python3.11/dist-packages/colcon_core/task/python/colcon_distutils_commands:/home/pi/Raspi_codes/ROS2/install/rplidar_scan/lib/python3.11/site-packages:${PYTHONPATH} /usr/bin/python3 -W ignore:setup.py install is deprecated -W ignore:easy_install command is deprecated setup.py egg_info --egg-base ../../build/rplidar_scan build --build-base /home/pi/Raspi_codes/ROS2/build/rplidar_scan/build install --record /home/pi/Raspi_codes/ROS2/build/rplidar_scan/install.log --single-version-externally-managed install_data
