[3.630s] Invoking command in '/home/pi/Raspi_codes/ROS2/src/pirobot2': PYTHONPATH=/home/pi/Raspi_codes/ROS2/build/pirobot2/prefix_override:/usr/local/lib/python3.11/dist-packages/colcon_core/task/python/colcon_distutils_commands:/home/pi/Raspi_codes/ROS2/install/pirobot2/lib/python3.11/site-packages:${PYTHONPATH} /usr/bin/python3 -W ignore:setup.py install is deprecated -W ignore:easy_install command is deprecated setup.py egg_info --egg-base ../../build/pirobot2 build --build-base /home/pi/Raspi_codes/ROS2/build/pirobot2/build install --record /home/pi/Raspi_codes/ROS2/build/pirobot2/install.log --single-version-externally-managed install_data
[5.099s] running egg_info
[5.162s] writing ../../build/pirobot2/pirobot2.egg-info/PKG-INFO
[5.163s] writing dependency_links to ../../build/pirobot2/pirobot2.egg-info/dependency_links.txt
[5.166s] writing entry points to ../../build/pirobot2/pirobot2.egg-info/entry_points.txt
[5.167s] writing requirements to ../../build/pirobot2/pirobot2.egg-info/requires.txt
[5.167s] writing top-level names to ../../build/pirobot2/pirobot2.egg-info/top_level.txt
[5.296s] reading manifest file '../../build/pirobot2/pirobot2.egg-info/SOURCES.txt'
[5.297s] adding license file 'LICENSE'
[5.299s] writing manifest file '../../build/pirobot2/pirobot2.egg-info/SOURCES.txt'
[5.301s] running build
[5.302s] running build_py
[5.305s] running install
[5.323s] running install_lib
[5.388s] running install_data
[5.389s] copying launch/motion_teleop.launch.py -> /home/pi/Raspi_codes/ROS2/install/pirobot2/share/pirobot2/launch
[5.389s] running install_egg_info
[5.455s] removing '/home/pi/Raspi_codes/ROS2/install/pirobot2/lib/python3.11/site-packages/pirobot2-0.0.0-py3.11.egg-info' (and everything under it)
[5.459s] Copying ../../build/pirobot2/pirobot2.egg-info to /home/pi/Raspi_codes/ROS2/install/pirobot2/lib/python3.11/site-packages/pirobot2-0.0.0-py3.11.egg-info
[5.462s] running install_scripts
[5.756s] Installing imu_publisher_node script to /home/pi/Raspi_codes/ROS2/install/pirobot2/lib/pirobot2
[5.757s] Installing lidar_publisher_node script to /home/pi/Raspi_codes/ROS2/install/pirobot2/lib/pirobot2
[5.759s] Installing motion_subscriber_node script to /home/pi/Raspi_codes/ROS2/install/pirobot2/lib/pirobot2
[5.760s] Installing pirobot2 script to /home/pi/Raspi_codes/ROS2/install/pirobot2/lib/pirobot2
[5.761s] Installing teleop_keyboard_node script to /home/pi/Raspi_codes/ROS2/install/pirobot2/lib/pirobot2
[5.763s] writing list of installed files to '/home/pi/Raspi_codes/ROS2/build/pirobot2/install.log'
[5.952s] Invoked command in '/home/pi/Raspi_codes/ROS2/src/pirobot2' returned '0': PYTHONPATH=/home/pi/Raspi_codes/ROS2/build/pirobot2/prefix_override:/usr/local/lib/python3.11/dist-packages/colcon_core/task/python/colcon_distutils_commands:/home/pi/Raspi_codes/ROS2/install/pirobot2/lib/python3.11/site-packages:${PYTHONPATH} /usr/bin/python3 -W ignore:setup.py install is deprecated -W ignore:easy_install command is deprecated setup.py egg_info --egg-base ../../build/pirobot2 build --build-base /home/pi/Raspi_codes/ROS2/build/pirobot2/build install --record /home/pi/Raspi_codes/ROS2/build/pirobot2/install.log --single-version-externally-managed install_data
