[3.929s] Invoking command in '/home/pi/Raspi_codes/ROS2/build/pirobot2': PYTHONPATH=/home/pi/Raspi_codes/ROS2/build/pirobot2/prefix_override:/usr/local/lib/python3.11/dist-packages/colcon_core/task/python/colcon_distutils_commands:/home/pi/Raspi_codes/ROS2/install/pirobot2/lib/python3.11/site-packages:${PYTHONPATH} VIRTUAL_ENV_PROMPT=(yolov8env) /usr/bin/python3 -W ignore:setup.py install is deprecated -W ignore:easy_install command is deprecated setup.py develop --editable --build-directory /home/pi/Raspi_codes/ROS2/build/pirobot2/build --no-deps symlink_data
[5.275s] running develop
[6.149s] running egg_info
[6.226s] writing pirobot2.egg-info/PKG-INFO
[6.227s] writing dependency_links to pirobot2.egg-info/dependency_links.txt
[6.233s] writing entry points to pirobot2.egg-info/entry_points.txt
[6.234s] writing requirements to pirobot2.egg-info/requires.txt
[6.234s] writing top-level names to pirobot2.egg-info/top_level.txt
[6.369s] reading manifest file 'pirobot2.egg-info/SOURCES.txt'
[6.371s] writing manifest file 'pirobot2.egg-info/SOURCES.txt'
[6.443s] running build_ext
[6.444s] Creating /home/pi/Raspi_codes/ROS2/install/pirobot2/lib/python3.11/site-packages/pirobot2.egg-link (link to .)
[6.446s] Installing imu_pose_adapter_node script to /home/pi/Raspi_codes/ROS2/install/pirobot2/lib/pirobot2
[6.447s] Installing imu_publisher_node script to /home/pi/Raspi_codes/ROS2/install/pirobot2/lib/pirobot2
[6.448s] Installing lidar_publisher_node script to /home/pi/Raspi_codes/ROS2/install/pirobot2/lib/pirobot2
[6.449s] Installing pirobot2 script to /home/pi/Raspi_codes/ROS2/install/pirobot2/lib/pirobot2
[6.450s] 
[6.450s] Installed /home/pi/Raspi_codes/ROS2/build/pirobot2
[6.450s] running symlink_data
[6.671s] Invoked command in '/home/pi/Raspi_codes/ROS2/build/pirobot2' returned '0': PYTHONPATH=/home/pi/Raspi_codes/ROS2/build/pirobot2/prefix_override:/usr/local/lib/python3.11/dist-packages/colcon_core/task/python/colcon_distutils_commands:/home/pi/Raspi_codes/ROS2/install/pirobot2/lib/python3.11/site-packages:${PYTHONPATH} VIRTUAL_ENV_PROMPT=(yolov8env) /usr/bin/python3 -W ignore:setup.py install is deprecated -W ignore:easy_install command is deprecated setup.py develop --editable --build-directory /home/pi/Raspi_codes/ROS2/build/pirobot2/build --no-deps symlink_data
