running egg_info
creating ../../../../build/qos_demo/qos_demo.egg-info
writing ../../../../build/qos_demo/qos_demo.egg-info/PKG-INFO
writing dependency_links to ../../../../build/qos_demo/qos_demo.egg-info/dependency_links.txt
writing entry points to ../../../../build/qos_demo/qos_demo.egg-info/entry_points.txt
writing requirements to ../../../../build/qos_demo/qos_demo.egg-info/requires.txt
writing top-level names to ../../../../build/qos_demo/qos_demo.egg-info/top_level.txt
writing manifest file '../../../../build/qos_demo/qos_demo.egg-info/SOURCES.txt'
reading manifest file '../../../../build/qos_demo/qos_demo.egg-info/SOURCES.txt'
adding license file 'LICENSE'
writing manifest file '../../../../build/qos_demo/qos_demo.egg-info/SOURCES.txt'
running build
running build_py
creating /home/pi/Raspi_codes/ROS2/build/qos_demo/build
creating /home/pi/Raspi_codes/ROS2/build/qos_demo/build/lib
creating /home/pi/Raspi_codes/ROS2/build/qos_demo/build/lib/qos_demo
copying qos_demo/cam_sub.py -> /home/pi/Raspi_codes/ROS2/build/qos_demo/build/lib/qos_demo
copying qos_demo/cam_pub.py -> /home/pi/Raspi_codes/ROS2/build/qos_demo/build/lib/qos_demo
copying qos_demo/__init__.py -> /home/pi/Raspi_codes/ROS2/build/qos_demo/build/lib/qos_demo
running install
running install_lib
creating /home/pi/Raspi_codes/ROS2/install/qos_demo/lib/python3.11/site-packages/qos_demo
copying /home/pi/Raspi_codes/ROS2/build/qos_demo/build/lib/qos_demo/cam_sub.py -> /home/pi/Raspi_codes/ROS2/install/qos_demo/lib/python3.11/site-packages/qos_demo
copying /home/pi/Raspi_codes/ROS2/build/qos_demo/build/lib/qos_demo/cam_pub.py -> /home/pi/Raspi_codes/ROS2/install/qos_demo/lib/python3.11/site-packages/qos_demo
copying /home/pi/Raspi_codes/ROS2/build/qos_demo/build/lib/qos_demo/__init__.py -> /home/pi/Raspi_codes/ROS2/install/qos_demo/lib/python3.11/site-packages/qos_demo
byte-compiling /home/pi/Raspi_codes/ROS2/install/qos_demo/lib/python3.11/site-packages/qos_demo/cam_sub.py to cam_sub.cpython-311.pyc
byte-compiling /home/pi/Raspi_codes/ROS2/install/qos_demo/lib/python3.11/site-packages/qos_demo/cam_pub.py to cam_pub.cpython-311.pyc
byte-compiling /home/pi/Raspi_codes/ROS2/install/qos_demo/lib/python3.11/site-packages/qos_demo/__init__.py to __init__.cpython-311.pyc
running install_data
creating /home/pi/Raspi_codes/ROS2/install/qos_demo/share/ament_index
creating /home/pi/Raspi_codes/ROS2/install/qos_demo/share/ament_index/resource_index
creating /home/pi/Raspi_codes/ROS2/install/qos_demo/share/ament_index/resource_index/packages
copying resource/qos_demo -> /home/pi/Raspi_codes/ROS2/install/qos_demo/share/ament_index/resource_index/packages
copying package.xml -> /home/pi/Raspi_codes/ROS2/install/qos_demo/share/qos_demo
running install_egg_info
Copying ../../../../build/qos_demo/qos_demo.egg-info to /home/pi/Raspi_codes/ROS2/install/qos_demo/lib/python3.11/site-packages/qos_demo-0.0.0-py3.11.egg-info
running install_scripts
Installing cam_pub script to /home/pi/Raspi_codes/ROS2/install/qos_demo/lib/qos_demo
Installing cam_sub script to /home/pi/Raspi_codes/ROS2/install/qos_demo/lib/qos_demo
writing list of installed files to '/home/pi/Raspi_codes/ROS2/build/qos_demo/install.log'
