[11.463s] Invoking command in '/home/pi/Raspi_codes/ROS2/src/ros2_tutorials/tutorial_3/qos_demo': PYTHONPATH=/home/pi/Raspi_codes/ROS2/build/qos_demo/prefix_override:/usr/local/lib/python3.11/dist-packages/colcon_core/task/python/colcon_distutils_commands:/home/pi/Raspi_codes/ROS2/install/qos_demo/lib/python3.11/site-packages:${PYTHONPATH} /usr/bin/python3 -W ignore:setup.py install is deprecated -W ignore:easy_install command is deprecated setup.py egg_info --egg-base ../../../../build/qos_demo build --build-base /home/pi/Raspi_codes/ROS2/build/qos_demo/build install --record /home/pi/Raspi_codes/ROS2/build/qos_demo/install.log --single-version-externally-managed install_data
[13.919s] running egg_info
[13.924s] creating ../../../../build/qos_demo/qos_demo.egg-info
[14.040s] writing ../../../../build/qos_demo/qos_demo.egg-info/PKG-INFO
[14.043s] writing dependency_links to ../../../../build/qos_demo/qos_demo.egg-info/dependency_links.txt
[14.045s] writing entry points to ../../../../build/qos_demo/qos_demo.egg-info/entry_points.txt
[14.048s] writing requirements to ../../../../build/qos_demo/qos_demo.egg-info/requires.txt
[14.053s] writing top-level names to ../../../../build/qos_demo/qos_demo.egg-info/top_level.txt
[14.053s] writing manifest file '../../../../build/qos_demo/qos_demo.egg-info/SOURCES.txt'
[14.284s] reading manifest file '../../../../build/qos_demo/qos_demo.egg-info/SOURCES.txt'
[14.285s] adding license file 'LICENSE'
[14.288s] writing manifest file '../../../../build/qos_demo/qos_demo.egg-info/SOURCES.txt'
[14.295s] running build
[14.296s] running build_py
[14.296s] creating /home/pi/Raspi_codes/ROS2/build/qos_demo/build
[14.296s] creating /home/pi/Raspi_codes/ROS2/build/qos_demo/build/lib
[14.297s] creating /home/pi/Raspi_codes/ROS2/build/qos_demo/build/lib/qos_demo
[14.297s] copying qos_demo/cam_sub.py -> /home/pi/Raspi_codes/ROS2/build/qos_demo/build/lib/qos_demo
[14.297s] copying qos_demo/cam_pub.py -> /home/pi/Raspi_codes/ROS2/build/qos_demo/build/lib/qos_demo
[14.298s] copying qos_demo/__init__.py -> /home/pi/Raspi_codes/ROS2/build/qos_demo/build/lib/qos_demo
[14.307s] running install
[14.326s] running install_lib
[14.420s] creating /home/pi/Raspi_codes/ROS2/install/qos_demo/lib/python3.11/site-packages/qos_demo
[14.421s] copying /home/pi/Raspi_codes/ROS2/build/qos_demo/build/lib/qos_demo/cam_sub.py -> /home/pi/Raspi_codes/ROS2/install/qos_demo/lib/python3.11/site-packages/qos_demo
[14.422s] copying /home/pi/Raspi_codes/ROS2/build/qos_demo/build/lib/qos_demo/cam_pub.py -> /home/pi/Raspi_codes/ROS2/install/qos_demo/lib/python3.11/site-packages/qos_demo
[14.423s] copying /home/pi/Raspi_codes/ROS2/build/qos_demo/build/lib/qos_demo/__init__.py -> /home/pi/Raspi_codes/ROS2/install/qos_demo/lib/python3.11/site-packages/qos_demo
[14.426s] byte-compiling /home/pi/Raspi_codes/ROS2/install/qos_demo/lib/python3.11/site-packages/qos_demo/cam_sub.py to cam_sub.cpython-311.pyc
[14.430s] byte-compiling /home/pi/Raspi_codes/ROS2/install/qos_demo/lib/python3.11/site-packages/qos_demo/cam_pub.py to cam_pub.cpython-311.pyc
[14.435s] byte-compiling /home/pi/Raspi_codes/ROS2/install/qos_demo/lib/python3.11/site-packages/qos_demo/__init__.py to __init__.cpython-311.pyc
[14.447s] running install_data
[14.448s] creating /home/pi/Raspi_codes/ROS2/install/qos_demo/share/ament_index
[14.451s] creating /home/pi/Raspi_codes/ROS2/install/qos_demo/share/ament_index/resource_index
[14.451s] creating /home/pi/Raspi_codes/ROS2/install/qos_demo/share/ament_index/resource_index/packages
[14.452s] copying resource/qos_demo -> /home/pi/Raspi_codes/ROS2/install/qos_demo/share/ament_index/resource_index/packages
[14.452s] copying package.xml -> /home/pi/Raspi_codes/ROS2/install/qos_demo/share/qos_demo
[14.452s] running install_egg_info
[14.541s] Copying ../../../../build/qos_demo/qos_demo.egg-info to /home/pi/Raspi_codes/ROS2/install/qos_demo/lib/python3.11/site-packages/qos_demo-0.0.0-py3.11.egg-info
[14.564s] running install_scripts
[15.108s] Installing cam_pub script to /home/pi/Raspi_codes/ROS2/install/qos_demo/lib/qos_demo
[15.109s] Installing cam_sub script to /home/pi/Raspi_codes/ROS2/install/qos_demo/lib/qos_demo
[15.110s] writing list of installed files to '/home/pi/Raspi_codes/ROS2/build/qos_demo/install.log'
