[0.441s] DEBUG:colcon:Command line arguments: ['/usr/local/bin/colcon', 'build', '--packages-select', 'rplidar_scan']
[0.442s] DEBUG:colcon:Parsed command line arguments: Namespace(log_base=None, log_level=None, verb_name='build', build_base='build', install_base='install', merge_install=False, symlink_install=False, test_result_base=None, continue_on_error=False, executor='parallel', parallel_workers=4, event_handlers=None, ignore_user_meta=False, metas=['./colcon.meta'], base_paths=['.'], packages_ignore=None, packages_ignore_regex=None, paths=None, packages_up_to=None, packages_up_to_regex=None, packages_above=None, packages_above_and_dependencies=None, packages_above_depth=None, packages_select_by_dep=None, packages_skip_by_dep=None, packages_skip_up_to=None, packages_select_build_failed=False, packages_skip_build_finished=False, packages_select_test_failures=False, packages_skip_test_passed=False, packages_select=['rplidar_scan'], packages_skip=None, packages_select_regex=None, packages_skip_regex=None, packages_start=None, packages_end=None, cmake_args=None, cmake_target=None, cmake_target_skip_unavailable=False, cmake_clean_cache=False, cmake_clean_first=False, cmake_force_configure=False, ament_cmake_args=None, catkin_cmake_args=None, catkin_skip_building_tests=False, verb_parser=<colcon_defaults.argument_parser.defaults.DefaultArgumentsDecorator object at 0x7f88f12b90>, verb_extension=<colcon_core.verb.build.BuildVerb object at 0x7f88e41810>, main=<bound method BuildVerb.main of <colcon_core.verb.build.BuildVerb object at 0x7f88e41810>>)
[1.035s] Level 1:colcon.colcon_core.package_discovery:discover_packages(colcon_meta) check parameters
[1.035s] Level 1:colcon.colcon_core.package_discovery:discover_packages(recursive) check parameters
[1.036s] Level 1:colcon.colcon_core.package_discovery:discover_packages(ignore) check parameters
[1.036s] Level 1:colcon.colcon_core.package_discovery:discover_packages(path) check parameters
[1.036s] Level 1:colcon.colcon_core.package_discovery:discover_packages(colcon_meta) discover
[1.037s] Level 1:colcon.colcon_core.package_discovery:discover_packages(recursive) discover
[1.037s] INFO:colcon.colcon_core.package_discovery:Crawling recursively for packages in '/home/pi/Raspi_codes/ROS2'
[1.038s] Level 1:colcon.colcon_core.package_identification:_identify(.) by extensions ['ignore', 'ignore_ament_install']
[1.038s] Level 1:colcon.colcon_core.package_identification:_identify(.) by extension 'ignore'
[1.039s] Level 1:colcon.colcon_core.package_identification:_identify(.) by extension 'ignore_ament_install'
[1.039s] Level 1:colcon.colcon_core.package_identification:_identify(.) by extensions ['colcon_pkg']
[1.039s] Level 1:colcon.colcon_core.package_identification:_identify(.) by extension 'colcon_pkg'
[1.039s] Level 1:colcon.colcon_core.package_identification:_identify(.) by extensions ['colcon_meta']
[1.039s] Level 1:colcon.colcon_core.package_identification:_identify(.) by extension 'colcon_meta'
[1.040s] Level 1:colcon.colcon_core.package_identification:_identify(.) by extensions ['ros']
[1.040s] Level 1:colcon.colcon_core.package_identification:_identify(.) by extension 'ros'
[1.146s] Level 1:colcon.colcon_core.package_identification:_identify(.) by extensions ['cmake', 'python']
[1.146s] Level 1:colcon.colcon_core.package_identification:_identify(.) by extension 'cmake'
[1.146s] Level 1:colcon.colcon_core.package_identification:_identify(.) by extension 'python'
[1.147s] Level 1:colcon.colcon_core.package_identification:_identify(.) by extensions ['python_setup_py']
[1.147s] Level 1:colcon.colcon_core.package_identification:_identify(.) by extension 'python_setup_py'
[1.147s] Level 1:colcon.colcon_core.package_identification:_identify(build) by extensions ['ignore', 'ignore_ament_install']
[1.147s] Level 1:colcon.colcon_core.package_identification:_identify(build) by extension 'ignore'
[1.148s] Level 1:colcon.colcon_core.package_identification:_identify(build) ignored
[1.148s] Level 1:colcon.colcon_core.package_identification:_identify(install) by extensions ['ignore', 'ignore_ament_install']
[1.148s] Level 1:colcon.colcon_core.package_identification:_identify(install) by extension 'ignore'
[1.148s] Level 1:colcon.colcon_core.package_identification:_identify(install) ignored
[1.149s] Level 1:colcon.colcon_core.package_identification:_identify(log) by extensions ['ignore', 'ignore_ament_install']
[1.149s] Level 1:colcon.colcon_core.package_identification:_identify(log) by extension 'ignore'
[1.149s] Level 1:colcon.colcon_core.package_identification:_identify(log) ignored
[1.149s] Level 1:colcon.colcon_core.package_identification:_identify(src) by extensions ['ignore', 'ignore_ament_install']
[1.149s] Level 1:colcon.colcon_core.package_identification:_identify(src) by extension 'ignore'
[1.150s] Level 1:colcon.colcon_core.package_identification:_identify(src) by extension 'ignore_ament_install'
[1.150s] Level 1:colcon.colcon_core.package_identification:_identify(src) by extensions ['colcon_pkg']
[1.150s] Level 1:colcon.colcon_core.package_identification:_identify(src) by extension 'colcon_pkg'
[1.150s] Level 1:colcon.colcon_core.package_identification:_identify(src) by extensions ['colcon_meta']
[1.150s] Level 1:colcon.colcon_core.package_identification:_identify(src) by extension 'colcon_meta'
[1.150s] Level 1:colcon.colcon_core.package_identification:_identify(src) by extensions ['ros']
[1.150s] Level 1:colcon.colcon_core.package_identification:_identify(src) by extension 'ros'
[1.151s] Level 1:colcon.colcon_core.package_identification:_identify(src) by extensions ['cmake', 'python']
[1.151s] Level 1:colcon.colcon_core.package_identification:_identify(src) by extension 'cmake'
[1.151s] Level 1:colcon.colcon_core.package_identification:_identify(src) by extension 'python'
[1.151s] Level 1:colcon.colcon_core.package_identification:_identify(src) by extensions ['python_setup_py']
[1.151s] Level 1:colcon.colcon_core.package_identification:_identify(src) by extension 'python_setup_py'
[1.151s] Level 1:colcon.colcon_core.package_identification:_identify(src/pirobot) by extensions ['ignore', 'ignore_ament_install']
[1.151s] Level 1:colcon.colcon_core.package_identification:_identify(src/pirobot) by extension 'ignore'
[1.152s] Level 1:colcon.colcon_core.package_identification:_identify(src/pirobot) by extension 'ignore_ament_install'
[1.152s] Level 1:colcon.colcon_core.package_identification:_identify(src/pirobot) by extensions ['colcon_pkg']
[1.152s] Level 1:colcon.colcon_core.package_identification:_identify(src/pirobot) by extension 'colcon_pkg'
[1.152s] Level 1:colcon.colcon_core.package_identification:_identify(src/pirobot) by extensions ['colcon_meta']
[1.152s] Level 1:colcon.colcon_core.package_identification:_identify(src/pirobot) by extension 'colcon_meta'
[1.152s] Level 1:colcon.colcon_core.package_identification:_identify(src/pirobot) by extensions ['ros']
[1.152s] Level 1:colcon.colcon_core.package_identification:_identify(src/pirobot) by extension 'ros'
[1.159s] DEBUG:colcon.colcon_core.package_identification:Package 'src/pirobot' with type 'ros.ament_python' and name 'pirobot'
[1.159s] Level 1:colcon.colcon_core.package_identification:_identify(src/ros2_tutorials) by extensions ['ignore', 'ignore_ament_install']
[1.159s] Level 1:colcon.colcon_core.package_identification:_identify(src/ros2_tutorials) by extension 'ignore'
[1.160s] Level 1:colcon.colcon_core.package_identification:_identify(src/ros2_tutorials) by extension 'ignore_ament_install'
[1.160s] Level 1:colcon.colcon_core.package_identification:_identify(src/ros2_tutorials) by extensions ['colcon_pkg']
[1.160s] Level 1:colcon.colcon_core.package_identification:_identify(src/ros2_tutorials) by extension 'colcon_pkg'
[1.160s] Level 1:colcon.colcon_core.package_identification:_identify(src/ros2_tutorials) by extensions ['colcon_meta']
[1.160s] Level 1:colcon.colcon_core.package_identification:_identify(src/ros2_tutorials) by extension 'colcon_meta'
[1.160s] Level 1:colcon.colcon_core.package_identification:_identify(src/ros2_tutorials) by extensions ['ros']
[1.160s] Level 1:colcon.colcon_core.package_identification:_identify(src/ros2_tutorials) by extension 'ros'
[1.161s] Level 1:colcon.colcon_core.package_identification:_identify(src/ros2_tutorials) by extensions ['cmake', 'python']
[1.161s] Level 1:colcon.colcon_core.package_identification:_identify(src/ros2_tutorials) by extension 'cmake'
[1.161s] Level 1:colcon.colcon_core.package_identification:_identify(src/ros2_tutorials) by extension 'python'
[1.161s] Level 1:colcon.colcon_core.package_identification:_identify(src/ros2_tutorials) by extensions ['python_setup_py']
[1.161s] Level 1:colcon.colcon_core.package_identification:_identify(src/ros2_tutorials) by extension 'python_setup_py'
[1.164s] Level 1:colcon.colcon_core.package_identification:_identify(src/ros2_tutorials/tutorial_1) by extensions ['ignore', 'ignore_ament_install']
[1.165s] Level 1:colcon.colcon_core.package_identification:_identify(src/ros2_tutorials/tutorial_1) by extension 'ignore'
[1.165s] Level 1:colcon.colcon_core.package_identification:_identify(src/ros2_tutorials/tutorial_1) by extension 'ignore_ament_install'
[1.165s] Level 1:colcon.colcon_core.package_identification:_identify(src/ros2_tutorials/tutorial_1) by extensions ['colcon_pkg']
[1.165s] Level 1:colcon.colcon_core.package_identification:_identify(src/ros2_tutorials/tutorial_1) by extension 'colcon_pkg'
[1.165s] Level 1:colcon.colcon_core.package_identification:_identify(src/ros2_tutorials/tutorial_1) by extensions ['colcon_meta']
[1.165s] Level 1:colcon.colcon_core.package_identification:_identify(src/ros2_tutorials/tutorial_1) by extension 'colcon_meta'
[1.165s] Level 1:colcon.colcon_core.package_identification:_identify(src/ros2_tutorials/tutorial_1) by extensions ['ros']
[1.165s] Level 1:colcon.colcon_core.package_identification:_identify(src/ros2_tutorials/tutorial_1) by extension 'ros'
[1.166s] Level 1:colcon.colcon_core.package_identification:_identify(src/ros2_tutorials/tutorial_1) by extensions ['cmake', 'python']
[1.166s] Level 1:colcon.colcon_core.package_identification:_identify(src/ros2_tutorials/tutorial_1) by extension 'cmake'
[1.166s] Level 1:colcon.colcon_core.package_identification:_identify(src/ros2_tutorials/tutorial_1) by extension 'python'
[1.166s] Level 1:colcon.colcon_core.package_identification:_identify(src/ros2_tutorials/tutorial_1) by extensions ['python_setup_py']
[1.166s] Level 1:colcon.colcon_core.package_identification:_identify(src/ros2_tutorials/tutorial_1) by extension 'python_setup_py'
[1.166s] Level 1:colcon.colcon_core.package_identification:_identify(src/ros2_tutorials/tutorial_1/hello_world) by extensions ['ignore', 'ignore_ament_install']
[1.167s] Level 1:colcon.colcon_core.package_identification:_identify(src/ros2_tutorials/tutorial_1/hello_world) by extension 'ignore'
[1.167s] Level 1:colcon.colcon_core.package_identification:_identify(src/ros2_tutorials/tutorial_1/hello_world) by extension 'ignore_ament_install'
[1.167s] Level 1:colcon.colcon_core.package_identification:_identify(src/ros2_tutorials/tutorial_1/hello_world) by extensions ['colcon_pkg']
[1.167s] Level 1:colcon.colcon_core.package_identification:_identify(src/ros2_tutorials/tutorial_1/hello_world) by extension 'colcon_pkg'
[1.167s] Level 1:colcon.colcon_core.package_identification:_identify(src/ros2_tutorials/tutorial_1/hello_world) by extensions ['colcon_meta']
[1.167s] Level 1:colcon.colcon_core.package_identification:_identify(src/ros2_tutorials/tutorial_1/hello_world) by extension 'colcon_meta'
[1.167s] Level 1:colcon.colcon_core.package_identification:_identify(src/ros2_tutorials/tutorial_1/hello_world) by extensions ['ros']
[1.167s] Level 1:colcon.colcon_core.package_identification:_identify(src/ros2_tutorials/tutorial_1/hello_world) by extension 'ros'
[1.170s] DEBUG:colcon.colcon_core.package_identification:Package 'src/ros2_tutorials/tutorial_1/hello_world' with type 'ros.ament_python' and name 'hello_world'
[1.170s] Level 1:colcon.colcon_core.package_identification:_identify(src/ros2_tutorials/tutorial_2) by extensions ['ignore', 'ignore_ament_install']
[1.171s] Level 1:colcon.colcon_core.package_identification:_identify(src/ros2_tutorials/tutorial_2) by extension 'ignore'
[1.171s] Level 1:colcon.colcon_core.package_identification:_identify(src/ros2_tutorials/tutorial_2) by extension 'ignore_ament_install'
[1.171s] Level 1:colcon.colcon_core.package_identification:_identify(src/ros2_tutorials/tutorial_2) by extensions ['colcon_pkg']
[1.171s] Level 1:colcon.colcon_core.package_identification:_identify(src/ros2_tutorials/tutorial_2) by extension 'colcon_pkg'
[1.171s] Level 1:colcon.colcon_core.package_identification:_identify(src/ros2_tutorials/tutorial_2) by extensions ['colcon_meta']
[1.171s] Level 1:colcon.colcon_core.package_identification:_identify(src/ros2_tutorials/tutorial_2) by extension 'colcon_meta'
[1.171s] Level 1:colcon.colcon_core.package_identification:_identify(src/ros2_tutorials/tutorial_2) by extensions ['ros']
[1.171s] Level 1:colcon.colcon_core.package_identification:_identify(src/ros2_tutorials/tutorial_2) by extension 'ros'
[1.172s] Level 1:colcon.colcon_core.package_identification:_identify(src/ros2_tutorials/tutorial_2) by extensions ['cmake', 'python']
[1.172s] Level 1:colcon.colcon_core.package_identification:_identify(src/ros2_tutorials/tutorial_2) by extension 'cmake'
[1.172s] Level 1:colcon.colcon_core.package_identification:_identify(src/ros2_tutorials/tutorial_2) by extension 'python'
[1.172s] Level 1:colcon.colcon_core.package_identification:_identify(src/ros2_tutorials/tutorial_2) by extensions ['python_setup_py']
[1.172s] Level 1:colcon.colcon_core.package_identification:_identify(src/ros2_tutorials/tutorial_2) by extension 'python_setup_py'
[1.172s] Level 1:colcon.colcon_core.package_identification:_identify(src/ros2_tutorials/tutorial_2/lifecycle_demo) by extensions ['ignore', 'ignore_ament_install']
[1.173s] Level 1:colcon.colcon_core.package_identification:_identify(src/ros2_tutorials/tutorial_2/lifecycle_demo) by extension 'ignore'
[1.173s] Level 1:colcon.colcon_core.package_identification:_identify(src/ros2_tutorials/tutorial_2/lifecycle_demo) by extension 'ignore_ament_install'
[1.173s] Level 1:colcon.colcon_core.package_identification:_identify(src/ros2_tutorials/tutorial_2/lifecycle_demo) by extensions ['colcon_pkg']
[1.173s] Level 1:colcon.colcon_core.package_identification:_identify(src/ros2_tutorials/tutorial_2/lifecycle_demo) by extension 'colcon_pkg'
[1.173s] Level 1:colcon.colcon_core.package_identification:_identify(src/ros2_tutorials/tutorial_2/lifecycle_demo) by extensions ['colcon_meta']
[1.173s] Level 1:colcon.colcon_core.package_identification:_identify(src/ros2_tutorials/tutorial_2/lifecycle_demo) by extension 'colcon_meta'
[1.173s] Level 1:colcon.colcon_core.package_identification:_identify(src/ros2_tutorials/tutorial_2/lifecycle_demo) by extensions ['ros']
[1.173s] Level 1:colcon.colcon_core.package_identification:_identify(src/ros2_tutorials/tutorial_2/lifecycle_demo) by extension 'ros'
[1.175s] DEBUG:colcon.colcon_core.package_identification:Package 'src/ros2_tutorials/tutorial_2/lifecycle_demo' with type 'ros.ament_python' and name 'lifecycle_demo'
[1.176s] Level 1:colcon.colcon_core.package_identification:_identify(src/ros2_tutorials/tutorial_3) by extensions ['ignore', 'ignore_ament_install']
[1.176s] Level 1:colcon.colcon_core.package_identification:_identify(src/ros2_tutorials/tutorial_3) by extension 'ignore'
[1.176s] Level 1:colcon.colcon_core.package_identification:_identify(src/ros2_tutorials/tutorial_3) by extension 'ignore_ament_install'
[1.176s] Level 1:colcon.colcon_core.package_identification:_identify(src/ros2_tutorials/tutorial_3) by extensions ['colcon_pkg']
[1.176s] Level 1:colcon.colcon_core.package_identification:_identify(src/ros2_tutorials/tutorial_3) by extension 'colcon_pkg'
[1.177s] Level 1:colcon.colcon_core.package_identification:_identify(src/ros2_tutorials/tutorial_3) by extensions ['colcon_meta']
[1.177s] Level 1:colcon.colcon_core.package_identification:_identify(src/ros2_tutorials/tutorial_3) by extension 'colcon_meta'
[1.177s] Level 1:colcon.colcon_core.package_identification:_identify(src/ros2_tutorials/tutorial_3) by extensions ['ros']
[1.177s] Level 1:colcon.colcon_core.package_identification:_identify(src/ros2_tutorials/tutorial_3) by extension 'ros'
[1.177s] Level 1:colcon.colcon_core.package_identification:_identify(src/ros2_tutorials/tutorial_3) by extensions ['cmake', 'python']
[1.177s] Level 1:colcon.colcon_core.package_identification:_identify(src/ros2_tutorials/tutorial_3) by extension 'cmake'
[1.178s] Level 1:colcon.colcon_core.package_identification:_identify(src/ros2_tutorials/tutorial_3) by extension 'python'
[1.178s] Level 1:colcon.colcon_core.package_identification:_identify(src/ros2_tutorials/tutorial_3) by extensions ['python_setup_py']
[1.178s] Level 1:colcon.colcon_core.package_identification:_identify(src/ros2_tutorials/tutorial_3) by extension 'python_setup_py'
[1.178s] Level 1:colcon.colcon_core.package_identification:_identify(src/ros2_tutorials/tutorial_3/qos_demo) by extensions ['ignore', 'ignore_ament_install']
[1.178s] Level 1:colcon.colcon_core.package_identification:_identify(src/ros2_tutorials/tutorial_3/qos_demo) by extension 'ignore'
[1.178s] Level 1:colcon.colcon_core.package_identification:_identify(src/ros2_tutorials/tutorial_3/qos_demo) by extension 'ignore_ament_install'
[1.179s] Level 1:colcon.colcon_core.package_identification:_identify(src/ros2_tutorials/tutorial_3/qos_demo) by extensions ['colcon_pkg']
[1.179s] Level 1:colcon.colcon_core.package_identification:_identify(src/ros2_tutorials/tutorial_3/qos_demo) by extension 'colcon_pkg'
[1.179s] Level 1:colcon.colcon_core.package_identification:_identify(src/ros2_tutorials/tutorial_3/qos_demo) by extensions ['colcon_meta']
[1.179s] Level 1:colcon.colcon_core.package_identification:_identify(src/ros2_tutorials/tutorial_3/qos_demo) by extension 'colcon_meta'
[1.179s] Level 1:colcon.colcon_core.package_identification:_identify(src/ros2_tutorials/tutorial_3/qos_demo) by extensions ['ros']
[1.179s] Level 1:colcon.colcon_core.package_identification:_identify(src/ros2_tutorials/tutorial_3/qos_demo) by extension 'ros'
[1.181s] DEBUG:colcon.colcon_core.package_identification:Package 'src/ros2_tutorials/tutorial_3/qos_demo' with type 'ros.ament_python' and name 'qos_demo'
[1.182s] Level 1:colcon.colcon_core.package_identification:_identify(src/rplidar_scan) by extensions ['ignore', 'ignore_ament_install']
[1.182s] Level 1:colcon.colcon_core.package_identification:_identify(src/rplidar_scan) by extension 'ignore'
[1.182s] Level 1:colcon.colcon_core.package_identification:_identify(src/rplidar_scan) by extension 'ignore_ament_install'
[1.182s] Level 1:colcon.colcon_core.package_identification:_identify(src/rplidar_scan) by extensions ['colcon_pkg']
[1.182s] Level 1:colcon.colcon_core.package_identification:_identify(src/rplidar_scan) by extension 'colcon_pkg'
[1.182s] Level 1:colcon.colcon_core.package_identification:_identify(src/rplidar_scan) by extensions ['colcon_meta']
[1.182s] Level 1:colcon.colcon_core.package_identification:_identify(src/rplidar_scan) by extension 'colcon_meta'
[1.183s] Level 1:colcon.colcon_core.package_identification:_identify(src/rplidar_scan) by extensions ['ros']
[1.183s] Level 1:colcon.colcon_core.package_identification:_identify(src/rplidar_scan) by extension 'ros'
[1.184s] DEBUG:colcon.colcon_core.package_identification:Package 'src/rplidar_scan' with type 'ros.ament_python' and name 'rplidar_scan'
[1.185s] Level 1:colcon.colcon_core.package_discovery:discover_packages(recursive) using defaults
[1.185s] Level 1:colcon.colcon_core.package_discovery:discover_packages(ignore) discover
[1.185s] Level 1:colcon.colcon_core.package_discovery:discover_packages(ignore) using defaults
[1.185s] Level 1:colcon.colcon_core.package_discovery:discover_packages(path) discover
[1.185s] Level 1:colcon.colcon_core.package_discovery:discover_packages(path) using defaults
[1.242s] INFO:colcon.colcon_core.package_selection:Skipping not selected package 'hello_world' in 'src/ros2_tutorials/tutorial_1/hello_world'
[1.242s] INFO:colcon.colcon_core.package_selection:Skipping not selected package 'lifecycle_demo' in 'src/ros2_tutorials/tutorial_2/lifecycle_demo'
[1.242s] INFO:colcon.colcon_core.package_selection:Skipping not selected package 'pirobot' in 'src/pirobot'
[1.242s] INFO:colcon.colcon_core.package_selection:Skipping not selected package 'qos_demo' in 'src/ros2_tutorials/tutorial_3/qos_demo'
[1.244s] Level 5:colcon.colcon_core.verb:set package 'rplidar_scan' build argument 'cmake_args' from command line to 'None'
[1.244s] Level 5:colcon.colcon_core.verb:set package 'rplidar_scan' build argument 'cmake_target' from command line to 'None'
[1.244s] Level 5:colcon.colcon_core.verb:set package 'rplidar_scan' build argument 'cmake_target_skip_unavailable' from command line to 'False'
[1.244s] Level 5:colcon.colcon_core.verb:set package 'rplidar_scan' build argument 'cmake_clean_cache' from command line to 'False'
[1.244s] Level 5:colcon.colcon_core.verb:set package 'rplidar_scan' build argument 'cmake_clean_first' from command line to 'False'
[1.244s] Level 5:colcon.colcon_core.verb:set package 'rplidar_scan' build argument 'cmake_force_configure' from command line to 'False'
[1.244s] Level 5:colcon.colcon_core.verb:set package 'rplidar_scan' build argument 'ament_cmake_args' from command line to 'None'
[1.244s] Level 5:colcon.colcon_core.verb:set package 'rplidar_scan' build argument 'catkin_cmake_args' from command line to 'None'
[1.244s] Level 5:colcon.colcon_core.verb:set package 'rplidar_scan' build argument 'catkin_skip_building_tests' from command line to 'False'
[1.244s] DEBUG:colcon.colcon_core.verb:Building package 'rplidar_scan' with the following arguments: {'ament_cmake_args': None, 'build_base': '/home/pi/Raspi_codes/ROS2/build/rplidar_scan', 'catkin_cmake_args': None, 'catkin_skip_building_tests': False, 'cmake_args': None, 'cmake_clean_cache': False, 'cmake_clean_first': False, 'cmake_force_configure': False, 'cmake_target': None, 'cmake_target_skip_unavailable': False, 'install_base': '/home/pi/Raspi_codes/ROS2/install/rplidar_scan', 'merge_install': False, 'path': '/home/pi/Raspi_codes/ROS2/src/rplidar_scan', 'symlink_install': False, 'test_result_base': None}
[1.245s] INFO:colcon.colcon_core.executor:Executing jobs using 'parallel' executor
[1.248s] DEBUG:colcon.colcon_parallel_executor.executor.parallel:run_until_complete
[1.249s] INFO:colcon.colcon_ros.task.ament_python.build:Building ROS package in '/home/pi/Raspi_codes/ROS2/src/rplidar_scan' with build type 'ament_python'
[1.249s] Level 1:colcon.colcon_core.shell:create_environment_hook('rplidar_scan', 'ament_prefix_path')
[1.255s] INFO:colcon.colcon_core.plugin_system:Skipping extension 'colcon_core.shell.bat': Not used on non-Windows systems
[1.256s] INFO:colcon.colcon_core.shell:Creating environment hook '/home/pi/Raspi_codes/ROS2/install/rplidar_scan/share/rplidar_scan/hook/ament_prefix_path.ps1'
[1.259s] INFO:colcon.colcon_core.shell:Creating environment descriptor '/home/pi/Raspi_codes/ROS2/install/rplidar_scan/share/rplidar_scan/hook/ament_prefix_path.dsv'
[1.262s] INFO:colcon.colcon_core.shell:Creating environment hook '/home/pi/Raspi_codes/ROS2/install/rplidar_scan/share/rplidar_scan/hook/ament_prefix_path.sh'
[1.265s] INFO:colcon.colcon_core.shell:Skip shell extension 'powershell' for command environment: Not usable outside of PowerShell
[1.265s] DEBUG:colcon.colcon_core.shell:Skip shell extension 'dsv' for command environment
[2.510s] INFO:colcon.colcon_core.task.python.build:Building Python package in '/home/pi/Raspi_codes/ROS2/src/rplidar_scan'
[2.511s] INFO:colcon.colcon_core.shell:Skip shell extension 'powershell' for command environment: Not usable outside of PowerShell
[2.511s] DEBUG:colcon.colcon_core.shell:Skip shell extension 'dsv' for command environment
[4.977s] DEBUG:colcon.colcon_core.event_handler.log_command:Invoking command in '/home/pi/Raspi_codes/ROS2/src/rplidar_scan': PYTHONPATH=/home/pi/Raspi_codes/ROS2/build/rplidar_scan/prefix_override:/usr/local/lib/python3.11/dist-packages/colcon_core/task/python/colcon_distutils_commands:/home/pi/Raspi_codes/ROS2/install/rplidar_scan/lib/python3.11/site-packages:${PYTHONPATH} /usr/bin/python3 -W ignore:setup.py install is deprecated -W ignore:easy_install command is deprecated setup.py egg_info --egg-base ../../build/rplidar_scan build --build-base /home/pi/Raspi_codes/ROS2/build/rplidar_scan/build install --record /home/pi/Raspi_codes/ROS2/build/rplidar_scan/install.log --single-version-externally-managed install_data
[6.992s] DEBUG:colcon.colcon_core.event_handler.log_command:Invoked command in '/home/pi/Raspi_codes/ROS2/src/rplidar_scan' returned '0': PYTHONPATH=/home/pi/Raspi_codes/ROS2/build/rplidar_scan/prefix_override:/usr/local/lib/python3.11/dist-packages/colcon_core/task/python/colcon_distutils_commands:/home/pi/Raspi_codes/ROS2/install/rplidar_scan/lib/python3.11/site-packages:${PYTHONPATH} /usr/bin/python3 -W ignore:setup.py install is deprecated -W ignore:easy_install command is deprecated setup.py egg_info --egg-base ../../build/rplidar_scan build --build-base /home/pi/Raspi_codes/ROS2/build/rplidar_scan/build install --record /home/pi/Raspi_codes/ROS2/build/rplidar_scan/install.log --single-version-externally-managed install_data
[6.999s] Level 1:colcon.colcon_core.environment:checking '/home/pi/Raspi_codes/ROS2/install/rplidar_scan' for CMake module files
[7.000s] Level 1:colcon.colcon_core.environment:checking '/home/pi/Raspi_codes/ROS2/install/rplidar_scan' for CMake config files
[7.002s] Level 1:colcon.colcon_core.environment:checking '/home/pi/Raspi_codes/ROS2/install/rplidar_scan/lib'
[7.003s] Level 1:colcon.colcon_core.environment:checking '/home/pi/Raspi_codes/ROS2/install/rplidar_scan/bin'
[7.003s] Level 1:colcon.colcon_core.environment:checking '/home/pi/Raspi_codes/ROS2/install/rplidar_scan/lib/pkgconfig/rplidar_scan.pc'
[7.004s] Level 1:colcon.colcon_core.environment:checking '/home/pi/Raspi_codes/ROS2/install/rplidar_scan/lib/python3.11/site-packages'
[7.004s] Level 1:colcon.colcon_core.shell:create_environment_hook('rplidar_scan', 'pythonpath')
[7.005s] INFO:colcon.colcon_core.shell:Creating environment hook '/home/pi/Raspi_codes/ROS2/install/rplidar_scan/share/rplidar_scan/hook/pythonpath.ps1'
[7.007s] INFO:colcon.colcon_core.shell:Creating environment descriptor '/home/pi/Raspi_codes/ROS2/install/rplidar_scan/share/rplidar_scan/hook/pythonpath.dsv'
[7.008s] INFO:colcon.colcon_core.shell:Creating environment hook '/home/pi/Raspi_codes/ROS2/install/rplidar_scan/share/rplidar_scan/hook/pythonpath.sh'
[7.011s] Level 1:colcon.colcon_core.environment:checking '/home/pi/Raspi_codes/ROS2/install/rplidar_scan/bin'
[7.011s] Level 1:colcon.colcon_core.environment:create_environment_scripts_only(rplidar_scan)
[7.012s] INFO:colcon.colcon_core.shell:Creating package script '/home/pi/Raspi_codes/ROS2/install/rplidar_scan/share/rplidar_scan/package.ps1'
[7.015s] INFO:colcon.colcon_core.shell:Creating package descriptor '/home/pi/Raspi_codes/ROS2/install/rplidar_scan/share/rplidar_scan/package.dsv'
[7.018s] INFO:colcon.colcon_core.shell:Creating package script '/home/pi/Raspi_codes/ROS2/install/rplidar_scan/share/rplidar_scan/package.sh'
[7.021s] INFO:colcon.colcon_core.shell:Creating package script '/home/pi/Raspi_codes/ROS2/install/rplidar_scan/share/rplidar_scan/package.bash'
[7.025s] INFO:colcon.colcon_core.shell:Creating package script '/home/pi/Raspi_codes/ROS2/install/rplidar_scan/share/rplidar_scan/package.zsh'
[7.027s] Level 1:colcon.colcon_core.environment:create_file_with_runtime_dependencies(/home/pi/Raspi_codes/ROS2/install/rplidar_scan/share/colcon-core/packages/rplidar_scan)
[7.028s] DEBUG:colcon.colcon_parallel_executor.executor.parallel:closing loop
[7.029s] DEBUG:colcon.colcon_parallel_executor.executor.parallel:loop closed
[7.029s] DEBUG:colcon.colcon_parallel_executor.executor.parallel:run_until_complete finished with '0'
[7.030s] DEBUG:colcon.colcon_core.event_reactor:joining thread
[7.045s] INFO:colcon.colcon_core.plugin_system:Skipping extension 'colcon_notification.desktop_notification.notify_send': Could not find 'notify-send'
[7.046s] INFO:colcon.colcon_core.plugin_system:Skipping extension 'colcon_notification.desktop_notification.terminal_notifier': Not used on non-Darwin systems
[7.046s] INFO:colcon.colcon_core.plugin_system:Skipping extension 'colcon_notification.desktop_notification.win32': Not used on non-Windows systems
[7.046s] INFO:colcon.colcon_notification.desktop_notification:Sending desktop notification using 'notify2'
[7.049s] DEBUG:colcon.colcon_notification.desktop_notification.notify2:Failed to initialize notify2: org.freedesktop.DBus.Error.ServiceUnknown: The name org.freedesktop.Notifications was not provided by any .service files
[7.049s] DEBUG:colcon.colcon_core.event_reactor:joined thread
[7.050s] INFO:colcon.colcon_core.shell:Creating prefix script '/home/pi/Raspi_codes/ROS2/install/local_setup.ps1'
[7.054s] INFO:colcon.colcon_core.shell:Creating prefix util module '/home/pi/Raspi_codes/ROS2/install/_local_setup_util_ps1.py'
[7.060s] INFO:colcon.colcon_core.shell:Creating prefix chain script '/home/pi/Raspi_codes/ROS2/install/setup.ps1'
[7.064s] INFO:colcon.colcon_core.shell:Creating prefix script '/home/pi/Raspi_codes/ROS2/install/local_setup.sh'
[7.067s] INFO:colcon.colcon_core.shell:Creating prefix util module '/home/pi/Raspi_codes/ROS2/install/_local_setup_util_sh.py'
[7.070s] INFO:colcon.colcon_core.shell:Creating prefix chain script '/home/pi/Raspi_codes/ROS2/install/setup.sh'
[7.074s] INFO:colcon.colcon_core.shell:Creating prefix script '/home/pi/Raspi_codes/ROS2/install/local_setup.bash'
[7.077s] INFO:colcon.colcon_core.shell:Creating prefix chain script '/home/pi/Raspi_codes/ROS2/install/setup.bash'
[7.081s] INFO:colcon.colcon_core.shell:Creating prefix script '/home/pi/Raspi_codes/ROS2/install/local_setup.zsh'
[7.083s] INFO:colcon.colcon_core.shell:Creating prefix chain script '/home/pi/Raspi_codes/ROS2/install/setup.zsh'
