/home/pi/Raspi_codes/ROS2/install/pirobot2/lib/python3.11/site-packages/pirobot2/ultrasonic_publisher.py
/home/pi/Raspi_codes/ROS2/install/pirobot2/lib/python3.11/site-packages/pirobot2/serial_bridge.py
/home/pi/Raspi_codes/ROS2/install/pirobot2/lib/python3.11/site-packages/pirobot2/imu_publisher.py
/home/pi/Raspi_codes/ROS2/install/pirobot2/lib/python3.11/site-packages/pirobot2/teleop_keyboard.py
/home/pi/Raspi_codes/ROS2/install/pirobot2/lib/python3.11/site-packages/pirobot2/motion_subscriber.py
/home/pi/Raspi_codes/ROS2/install/pirobot2/lib/python3.11/site-packages/pirobot2/lidar_publisher.py
/home/pi/Raspi_codes/ROS2/install/pirobot2/lib/python3.11/site-packages/pirobot2/pirobot2.py
/home/pi/Raspi_codes/ROS2/install/pirobot2/lib/python3.11/site-packages/pirobot2/__init__.py
/home/pi/Raspi_codes/ROS2/install/pirobot2/lib/python3.11/site-packages/pirobot2/obstacle_avoidance.py
/home/pi/Raspi_codes/ROS2/install/pirobot2/lib/python3.11/site-packages/pirobot2/__pycache__/ultrasonic_publisher.cpython-311.pyc
/home/pi/Raspi_codes/ROS2/install/pirobot2/lib/python3.11/site-packages/pirobot2/__pycache__/serial_bridge.cpython-311.pyc
/home/pi/Raspi_codes/ROS2/install/pirobot2/lib/python3.11/site-packages/pirobot2/__pycache__/imu_publisher.cpython-311.pyc
/home/pi/Raspi_codes/ROS2/install/pirobot2/lib/python3.11/site-packages/pirobot2/__pycache__/teleop_keyboard.cpython-311.pyc
/home/pi/Raspi_codes/ROS2/install/pirobot2/lib/python3.11/site-packages/pirobot2/__pycache__/motion_subscriber.cpython-311.pyc
/home/pi/Raspi_codes/ROS2/install/pirobot2/lib/python3.11/site-packages/pirobot2/__pycache__/lidar_publisher.cpython-311.pyc
/home/pi/Raspi_codes/ROS2/install/pirobot2/lib/python3.11/site-packages/pirobot2/__pycache__/pirobot2.cpython-311.pyc
/home/pi/Raspi_codes/ROS2/install/pirobot2/lib/python3.11/site-packages/pirobot2/__pycache__/__init__.cpython-311.pyc
/home/pi/Raspi_codes/ROS2/install/pirobot2/lib/python3.11/site-packages/pirobot2/__pycache__/obstacle_avoidance.cpython-311.pyc
/home/pi/Raspi_codes/ROS2/install/pirobot2/share/ament_index/resource_index/packages/pirobot2
/home/pi/Raspi_codes/ROS2/install/pirobot2/share/pirobot2/package.xml
/home/pi/Raspi_codes/ROS2/install/pirobot2/share/pirobot2/launch/lidar_rviz_client.launch.py
/home/pi/Raspi_codes/ROS2/install/pirobot2/share/pirobot2/launch/imu_publisher.launch.py
/home/pi/Raspi_codes/ROS2/install/pirobot2/share/pirobot2/launch/obstacle_avoidance.launch.py
/home/pi/Raspi_codes/ROS2/install/pirobot2/share/pirobot2/launch/lidar_imu_rviz_client.launch.py
/home/pi/Raspi_codes/ROS2/install/pirobot2/share/pirobot2/launch/serial_bridge.launch.py
/home/pi/Raspi_codes/ROS2/install/pirobot2/share/pirobot2/launch/lidar_publisher.launch.py
/home/pi/Raspi_codes/ROS2/install/pirobot2/share/pirobot2/launch/motion_teleop.launch.py
/home/pi/Raspi_codes/ROS2/install/pirobot2/share/pirobot2/rviz/lidar_imu_combined.rviz
/home/pi/Raspi_codes/ROS2/install/pirobot2/share/pirobot2/rviz/lidar_scan.rviz
/home/pi/Raspi_codes/ROS2/install/pirobot2/lib/python3.11/site-packages/pirobot2-0.0.0-py3.11.egg-info/top_level.txt
/home/pi/Raspi_codes/ROS2/install/pirobot2/lib/python3.11/site-packages/pirobot2-0.0.0-py3.11.egg-info/entry_points.txt
/home/pi/Raspi_codes/ROS2/install/pirobot2/lib/python3.11/site-packages/pirobot2-0.0.0-py3.11.egg-info/requires.txt
/home/pi/Raspi_codes/ROS2/install/pirobot2/lib/python3.11/site-packages/pirobot2-0.0.0-py3.11.egg-info/PKG-INFO
/home/pi/Raspi_codes/ROS2/install/pirobot2/lib/python3.11/site-packages/pirobot2-0.0.0-py3.11.egg-info/SOURCES.txt
/home/pi/Raspi_codes/ROS2/install/pirobot2/lib/python3.11/site-packages/pirobot2-0.0.0-py3.11.egg-info/dependency_links.txt
/home/pi/Raspi_codes/ROS2/install/pirobot2/lib/python3.11/site-packages/pirobot2-0.0.0-py3.11.egg-info/zip-safe
/home/pi/Raspi_codes/ROS2/install/pirobot2/lib/pirobot2/imu_publisher_node
/home/pi/Raspi_codes/ROS2/install/pirobot2/lib/pirobot2/lidar_publisher_node
/home/pi/Raspi_codes/ROS2/install/pirobot2/lib/pirobot2/motion_subscriber_node
/home/pi/Raspi_codes/ROS2/install/pirobot2/lib/pirobot2/obstacle_avoidance_node
/home/pi/Raspi_codes/ROS2/install/pirobot2/lib/pirobot2/pirobot2
/home/pi/Raspi_codes/ROS2/install/pirobot2/lib/pirobot2/serial_bridge_node
/home/pi/Raspi_codes/ROS2/install/pirobot2/lib/pirobot2/teleop_keyboard_node
/home/pi/Raspi_codes/ROS2/install/pirobot2/lib/pirobot2/ultrasonic_publisher_node
