[3.560s] Invoking command in '/home/pi/Raspi_codes/ROS2/build/pirobot2': PS1=(yolov8env) \[\e]0;\u@\h: \w\a\]${debian_chroot:+($debian_chroot)}\[\033[01;32m\]\u@\h\[\033[00m\]:\[\033[01;34m\]\w \$\[\033[00m\] PYTHONPATH=/home/pi/Raspi_codes/ROS2/build/pirobot2/prefix_override:/usr/local/lib/python3.11/dist-packages/colcon_core/task/python/colcon_distutils_commands:/home/pi/Raspi_codes/ROS2/install/pirobot2/lib/python3.11/site-packages:${PYTHONPATH} VIRTUAL_ENV_PROMPT=(yolov8env) /usr/bin/python3 -W ignore:setup.py install is deprecated -W ignore:easy_install command is deprecated setup.py develop --editable --build-directory /home/pi/Raspi_codes/ROS2/build/pirobot2/build --no-deps symlink_data --force
[4.787s] running develop
[5.564s] running egg_info
[5.624s] writing pirobot2.egg-info/PKG-INFO
[5.625s] writing dependency_links to pirobot2.egg-info/dependency_links.txt
[5.628s] writing entry points to pirobot2.egg-info/entry_points.txt
[5.629s] writing requirements to pirobot2.egg-info/requires.txt
[5.629s] writing top-level names to pirobot2.egg-info/top_level.txt
[5.757s] reading manifest file 'pirobot2.egg-info/SOURCES.txt'
[5.759s] writing manifest file 'pirobot2.egg-info/SOURCES.txt'
[5.823s] running build_ext
[5.824s] Creating /home/pi/Raspi_codes/ROS2/install/pirobot2/lib/python3.11/site-packages/pirobot2.egg-link (link to .)
[5.826s] Installing imu_publisher_node script to /home/pi/Raspi_codes/ROS2/install/pirobot2/lib/pirobot2
[5.827s] Installing lidar_publisher_node script to /home/pi/Raspi_codes/ROS2/install/pirobot2/lib/pirobot2
[5.828s] Installing motion_subscriber_node script to /home/pi/Raspi_codes/ROS2/install/pirobot2/lib/pirobot2
[5.829s] Installing obstacle_avoidance_node script to /home/pi/Raspi_codes/ROS2/install/pirobot2/lib/pirobot2
[5.830s] Installing pirobot2 script to /home/pi/Raspi_codes/ROS2/install/pirobot2/lib/pirobot2
[5.830s] Installing serial_bridge_node script to /home/pi/Raspi_codes/ROS2/install/pirobot2/lib/pirobot2
[5.830s] Installing teleop_keyboard_node script to /home/pi/Raspi_codes/ROS2/install/pirobot2/lib/pirobot2
[5.832s] Installing ultrasonic_publisher_node script to /home/pi/Raspi_codes/ROS2/install/pirobot2/lib/pirobot2
[5.833s] 
[5.834s] Installed /home/pi/Raspi_codes/ROS2/build/pirobot2
[5.835s] running symlink_data
[5.835s] symbolically linking /home/pi/Raspi_codes/ROS2/build/pirobot2/resource/pirobot2 -> /home/pi/Raspi_codes/ROS2/install/pirobot2/share/ament_index/resource_index/packages
[5.835s] symbolically linking /home/pi/Raspi_codes/ROS2/build/pirobot2/package.xml -> /home/pi/Raspi_codes/ROS2/install/pirobot2/share/pirobot2
[5.836s] symbolically linking /home/pi/Raspi_codes/ROS2/build/pirobot2/launch/lidar_rviz_client.launch.py -> /home/pi/Raspi_codes/ROS2/install/pirobot2/share/pirobot2/launch
[5.836s] symbolically linking /home/pi/Raspi_codes/ROS2/build/pirobot2/launch/imu_publisher.launch.py -> /home/pi/Raspi_codes/ROS2/install/pirobot2/share/pirobot2/launch
[5.836s] symbolically linking /home/pi/Raspi_codes/ROS2/build/pirobot2/launch/obstacle_avoidance.launch.py -> /home/pi/Raspi_codes/ROS2/install/pirobot2/share/pirobot2/launch
[5.836s] symbolically linking /home/pi/Raspi_codes/ROS2/build/pirobot2/launch/lidar_imu_rviz_client.launch.py -> /home/pi/Raspi_codes/ROS2/install/pirobot2/share/pirobot2/launch
[5.839s] symbolically linking /home/pi/Raspi_codes/ROS2/build/pirobot2/launch/serial_bridge.launch.py -> /home/pi/Raspi_codes/ROS2/install/pirobot2/share/pirobot2/launch
[5.842s] symbolically linking /home/pi/Raspi_codes/ROS2/build/pirobot2/launch/lidar_publisher.launch.py -> /home/pi/Raspi_codes/ROS2/install/pirobot2/share/pirobot2/launch
[5.843s] symbolically linking /home/pi/Raspi_codes/ROS2/build/pirobot2/launch/motion_teleop.launch.py -> /home/pi/Raspi_codes/ROS2/install/pirobot2/share/pirobot2/launch
[5.844s] symbolically linking /home/pi/Raspi_codes/ROS2/build/pirobot2/rviz/lidar_imu_combined.rviz -> /home/pi/Raspi_codes/ROS2/install/pirobot2/share/pirobot2/rviz
[5.844s] symbolically linking /home/pi/Raspi_codes/ROS2/build/pirobot2/rviz/lidar_scan.rviz -> /home/pi/Raspi_codes/ROS2/install/pirobot2/share/pirobot2/rviz
[6.049s] Invoked command in '/home/pi/Raspi_codes/ROS2/build/pirobot2' returned '0': PS1=(yolov8env) \[\e]0;\u@\h: \w\a\]${debian_chroot:+($debian_chroot)}\[\033[01;32m\]\u@\h\[\033[00m\]:\[\033[01;34m\]\w \$\[\033[00m\] PYTHONPATH=/home/pi/Raspi_codes/ROS2/build/pirobot2/prefix_override:/usr/local/lib/python3.11/dist-packages/colcon_core/task/python/colcon_distutils_commands:/home/pi/Raspi_codes/ROS2/install/pirobot2/lib/python3.11/site-packages:${PYTHONPATH} VIRTUAL_ENV_PROMPT=(yolov8env) /usr/bin/python3 -W ignore:setup.py install is deprecated -W ignore:easy_install command is deprecated setup.py develop --editable --build-directory /home/pi/Raspi_codes/ROS2/build/pirobot2/build --no-deps symlink_data --force
