running egg_info
creating ../../../../build/hello_world/hello_world.egg-info
writing ../../../../build/hello_world/hello_world.egg-info/PKG-INFO
writing dependency_links to ../../../../build/hello_world/hello_world.egg-info/dependency_links.txt
writing entry points to ../../../../build/hello_world/hello_world.egg-info/entry_points.txt
writing requirements to ../../../../build/hello_world/hello_world.egg-info/requires.txt
writing top-level names to ../../../../build/hello_world/hello_world.egg-info/top_level.txt
writing manifest file '../../../../build/hello_world/hello_world.egg-info/SOURCES.txt'
reading manifest file '../../../../build/hello_world/hello_world.egg-info/SOURCES.txt'
adding license file 'LICENSE'
writing manifest file '../../../../build/hello_world/hello_world.egg-info/SOURCES.txt'
running build
running build_py
creating /home/pi/Raspi_codes/ROS2/build/hello_world/build
creating /home/pi/Raspi_codes/ROS2/build/hello_world/build/lib
creating /home/pi/Raspi_codes/ROS2/build/hello_world/build/lib/hello_world
copying hello_world/subscriber.py -> /home/pi/Raspi_codes/ROS2/build/hello_world/build/lib/hello_world
copying hello_world/publisher.py -> /home/pi/Raspi_codes/ROS2/build/hello_world/build/lib/hello_world
copying hello_world/__init__.py -> /home/pi/Raspi_codes/ROS2/build/hello_world/build/lib/hello_world
running install
running install_lib
creating /home/pi/Raspi_codes/ROS2/install/hello_world/lib/python3.11/site-packages/hello_world
copying /home/pi/Raspi_codes/ROS2/build/hello_world/build/lib/hello_world/subscriber.py -> /home/pi/Raspi_codes/ROS2/install/hello_world/lib/python3.11/site-packages/hello_world
copying /home/pi/Raspi_codes/ROS2/build/hello_world/build/lib/hello_world/publisher.py -> /home/pi/Raspi_codes/ROS2/install/hello_world/lib/python3.11/site-packages/hello_world
copying /home/pi/Raspi_codes/ROS2/build/hello_world/build/lib/hello_world/__init__.py -> /home/pi/Raspi_codes/ROS2/install/hello_world/lib/python3.11/site-packages/hello_world
byte-compiling /home/pi/Raspi_codes/ROS2/install/hello_world/lib/python3.11/site-packages/hello_world/subscriber.py to subscriber.cpython-311.pyc
byte-compiling /home/pi/Raspi_codes/ROS2/install/hello_world/lib/python3.11/site-packages/hello_world/publisher.py to publisher.cpython-311.pyc
byte-compiling /home/pi/Raspi_codes/ROS2/install/hello_world/lib/python3.11/site-packages/hello_world/__init__.py to __init__.cpython-311.pyc
running install_data
creating /home/pi/Raspi_codes/ROS2/install/hello_world/share/ament_index
creating /home/pi/Raspi_codes/ROS2/install/hello_world/share/ament_index/resource_index
creating /home/pi/Raspi_codes/ROS2/install/hello_world/share/ament_index/resource_index/packages
copying resource/hello_world -> /home/pi/Raspi_codes/ROS2/install/hello_world/share/ament_index/resource_index/packages
copying package.xml -> /home/pi/Raspi_codes/ROS2/install/hello_world/share/hello_world
running install_egg_info
Copying ../../../../build/hello_world/hello_world.egg-info to /home/pi/Raspi_codes/ROS2/install/hello_world/lib/python3.11/site-packages/hello_world-0.0.0-py3.11.egg-info
running install_scripts
Installing publisher script to /home/pi/Raspi_codes/ROS2/install/hello_world/lib/hello_world
Installing subscriber script to /home/pi/Raspi_codes/ROS2/install/hello_world/lib/hello_world
writing list of installed files to '/home/pi/Raspi_codes/ROS2/build/hello_world/install.log'
