[3.711s] Invoking command in '/home/pi/Raspi_codes/ROS2/build/pirobot2': PYTHONPATH=/home/pi/Raspi_codes/ROS2/build/pirobot2/prefix_override:/usr/local/lib/python3.11/dist-packages/colcon_core/task/python/colcon_distutils_commands:/home/pi/Raspi_codes/ROS2/install/pirobot2/lib/python3.11/site-packages:${PYTHONPATH} VIRTUAL_ENV_PROMPT=(yolov8env) /usr/bin/python3 -W ignore:setup.py install is deprecated -W ignore:easy_install command is deprecated setup.py develop --editable --build-directory /home/pi/Raspi_codes/ROS2/build/pirobot2/build --no-deps symlink_data
[5.014s] running develop
[5.907s] running egg_info
[5.978s] writing pirobot2.egg-info/PKG-INFO
[5.979s] writing dependency_links to pirobot2.egg-info/dependency_links.txt
[5.988s] writing entry points to pirobot2.egg-info/entry_points.txt
[5.989s] writing requirements to pirobot2.egg-info/requires.txt
[5.989s] writing top-level names to pirobot2.egg-info/top_level.txt
[6.116s] reading manifest file 'pirobot2.egg-info/SOURCES.txt'
[6.118s] writing manifest file 'pirobot2.egg-info/SOURCES.txt'
[6.185s] running build_ext
[6.185s] Creating /home/pi/Raspi_codes/ROS2/install/pirobot2/lib/python3.11/site-packages/pirobot2.egg-link (link to .)
[6.188s] Installing imu_publisher_node script to /home/pi/Raspi_codes/ROS2/install/pirobot2/lib/pirobot2
[6.188s] Installing lidar_publisher_node script to /home/pi/Raspi_codes/ROS2/install/pirobot2/lib/pirobot2
[6.189s] Installing pirobot2 script to /home/pi/Raspi_codes/ROS2/install/pirobot2/lib/pirobot2
[6.190s] 
[6.190s] Installed /home/pi/Raspi_codes/ROS2/build/pirobot2
[6.191s] running symlink_data
[6.191s] symbolically linking /home/pi/Raspi_codes/ROS2/build/pirobot2/launch/lidar_rviz_client.launch.py -> /home/pi/Raspi_codes/ROS2/install/pirobot2/share/pirobot2/launch
[6.192s] creating /home/pi/Raspi_codes/ROS2/install/pirobot2/share/pirobot2/rviz
[6.193s] symbolically linking /home/pi/Raspi_codes/ROS2/build/pirobot2/rviz/lidar_scan.rviz -> /home/pi/Raspi_codes/ROS2/install/pirobot2/share/pirobot2/rviz
[6.403s] Invoked command in '/home/pi/Raspi_codes/ROS2/build/pirobot2' returned '0': PYTHONPATH=/home/pi/Raspi_codes/ROS2/build/pirobot2/prefix_override:/usr/local/lib/python3.11/dist-packages/colcon_core/task/python/colcon_distutils_commands:/home/pi/Raspi_codes/ROS2/install/pirobot2/lib/python3.11/site-packages:${PYTHONPATH} VIRTUAL_ENV_PROMPT=(yolov8env) /usr/bin/python3 -W ignore:setup.py install is deprecated -W ignore:easy_install command is deprecated setup.py develop --editable --build-directory /home/pi/Raspi_codes/ROS2/build/pirobot2/build --no-deps symlink_data
