[3.786s] Invoking command in '/home/pi/Raspi_codes/ROS2/src/pirobot2': PYTHONPATH=/home/pi/Raspi_codes/ROS2/build/pirobot2/prefix_override:/usr/local/lib/python3.11/dist-packages/colcon_core/task/python/colcon_distutils_commands:/home/pi/Raspi_codes/ROS2/install/pirobot2/lib/python3.11/site-packages:${PYTHONPATH} /usr/bin/python3 -W ignore:setup.py install is deprecated -W ignore:easy_install command is deprecated setup.py egg_info --egg-base ../../build/pirobot2 build --build-base /home/pi/Raspi_codes/ROS2/build/pirobot2/build install --record /home/pi/Raspi_codes/ROS2/build/pirobot2/install.log --single-version-externally-managed install_data
[5.227s] running egg_info
[5.291s] writing ../../build/pirobot2/pirobot2.egg-info/PKG-INFO
[5.292s] writing dependency_links to ../../build/pirobot2/pirobot2.egg-info/dependency_links.txt
[5.295s] writing entry points to ../../build/pirobot2/pirobot2.egg-info/entry_points.txt
[5.296s] writing requirements to ../../build/pirobot2/pirobot2.egg-info/requires.txt
[5.297s] writing top-level names to ../../build/pirobot2/pirobot2.egg-info/top_level.txt
[5.423s] reading manifest file '../../build/pirobot2/pirobot2.egg-info/SOURCES.txt'
[5.424s] adding license file 'LICENSE'
[5.426s] writing manifest file '../../build/pirobot2/pirobot2.egg-info/SOURCES.txt'
[5.427s] running build
[5.428s] running build_py
[5.428s] copying pirobot2/serial_bridge.py -> /home/pi/Raspi_codes/ROS2/build/pirobot2/build/lib/pirobot2
[5.433s] copying pirobot2/obstacle_avoidance.py -> /home/pi/Raspi_codes/ROS2/build/pirobot2/build/lib/pirobot2
[5.434s] running install
[5.453s] running install_lib
[5.515s] copying /home/pi/Raspi_codes/ROS2/build/pirobot2/build/lib/pirobot2/serial_bridge.py -> /home/pi/Raspi_codes/ROS2/install/pirobot2/lib/python3.11/site-packages/pirobot2
[5.517s] copying /home/pi/Raspi_codes/ROS2/build/pirobot2/build/lib/pirobot2/obstacle_avoidance.py -> /home/pi/Raspi_codes/ROS2/install/pirobot2/lib/python3.11/site-packages/pirobot2
[5.519s] byte-compiling /home/pi/Raspi_codes/ROS2/install/pirobot2/lib/python3.11/site-packages/pirobot2/serial_bridge.py to serial_bridge.cpython-311.pyc
[5.525s] byte-compiling /home/pi/Raspi_codes/ROS2/install/pirobot2/lib/python3.11/site-packages/pirobot2/obstacle_avoidance.py to obstacle_avoidance.cpython-311.pyc
[5.528s] running install_data
[5.529s] copying launch/obstacle_avoidance.launch.py -> /home/pi/Raspi_codes/ROS2/install/pirobot2/share/pirobot2/launch
[5.529s] copying launch/motion_teleop.launch.py -> /home/pi/Raspi_codes/ROS2/install/pirobot2/share/pirobot2/launch
[5.530s] running install_egg_info
[5.597s] removing '/home/pi/Raspi_codes/ROS2/install/pirobot2/lib/python3.11/site-packages/pirobot2-0.0.0-py3.11.egg-info' (and everything under it)
[5.599s] Copying ../../build/pirobot2/pirobot2.egg-info to /home/pi/Raspi_codes/ROS2/install/pirobot2/lib/python3.11/site-packages/pirobot2-0.0.0-py3.11.egg-info
[5.601s] running install_scripts
[5.855s] Installing imu_publisher_node script to /home/pi/Raspi_codes/ROS2/install/pirobot2/lib/pirobot2
[5.856s] Installing lidar_publisher_node script to /home/pi/Raspi_codes/ROS2/install/pirobot2/lib/pirobot2
[5.860s] Installing motion_subscriber_node script to /home/pi/Raspi_codes/ROS2/install/pirobot2/lib/pirobot2
[5.860s] Installing obstacle_avoidance_node script to /home/pi/Raspi_codes/ROS2/install/pirobot2/lib/pirobot2
[5.861s] Installing pirobot2 script to /home/pi/Raspi_codes/ROS2/install/pirobot2/lib/pirobot2
[5.862s] Installing serial_bridge_node script to /home/pi/Raspi_codes/ROS2/install/pirobot2/lib/pirobot2
[5.863s] Installing teleop_keyboard_node script to /home/pi/Raspi_codes/ROS2/install/pirobot2/lib/pirobot2
[5.864s] Installing ultrasonic_publisher_node script to /home/pi/Raspi_codes/ROS2/install/pirobot2/lib/pirobot2
[5.866s] writing list of installed files to '/home/pi/Raspi_codes/ROS2/build/pirobot2/install.log'
[6.054s] Invoked command in '/home/pi/Raspi_codes/ROS2/src/pirobot2' returned '0': PYTHONPATH=/home/pi/Raspi_codes/ROS2/build/pirobot2/prefix_override:/usr/local/lib/python3.11/dist-packages/colcon_core/task/python/colcon_distutils_commands:/home/pi/Raspi_codes/ROS2/install/pirobot2/lib/python3.11/site-packages:${PYTHONPATH} /usr/bin/python3 -W ignore:setup.py install is deprecated -W ignore:easy_install command is deprecated setup.py egg_info --egg-base ../../build/pirobot2 build --build-base /home/pi/Raspi_codes/ROS2/build/pirobot2/build install --record /home/pi/Raspi_codes/ROS2/build/pirobot2/install.log --single-version-externally-managed install_data
