2026-06-09 10:04:29,198 [INFO] --- Step 1: Initialization phase ---
2026-06-09 10:04:42,188 [INFO] Motor status: OK
2026-06-09 10:05:03,924 [INFO] Initialization successful.
2026-06-09 10:05:03,925 [INFO] Camera now open.
2026-06-09 10:05:03,932 [INFO] Camera configuration has been adjusted!
2026-06-09 10:05:03,935 [INFO] Configuration successful!
2026-06-09 10:05:03,960 [INFO] Camera started
2026-06-09 10:05:05,781 [INFO] PiCamera started.
2026-06-09 10:05:07,844 [INFO] USB Camera status: OK
2026-06-09 10:05:07,848 [INFO] PiCamera status: OK
2026-06-09 10:05:07,851 [INFO] Ultrasonic sensor status: OK (L:7 C:44 R:11)
2026-06-09 10:05:07,855 [INFO] Button status: Listener running (press 'y' to start/stop).
2026-06-09 10:05:07,857 [INFO] Moving ARM to UP pose.
2026-06-09 10:05:09,001 [INFO] System Online. Waiting for button press ('y' key) to start mission sequence...
2026-06-09 10:05:22,094 [INFO] Start command received via 'y' key.
2026-06-09 10:05:22,374 [INFO] Button pressed. Mission Started!
2026-06-09 10:05:22,379 [INFO] --- Step 2: Confirm Home Location ---
2026-06-09 10:05:22,655 [INFO] USB did not detect configured home tags. Using PiCamera fallback for Step 2.
2026-06-09 10:05:22,663 [INFO] Home tag(s) [15] confirmed via PiCamera camera.
2026-06-09 10:05:22,708 [INFO] Step 2 completed successfully.
2026-06-09 10:05:22,710 [INFO] --- Step 3: Ready to Explore ---
2026-06-09 10:05:25,480 [INFO] Completion of Step 3
2026-06-09 10:05:25,490 [INFO] --- Step 4: Search and Approach balls ---
2026-06-09 10:05:25,496 [INFO] Searching for ball...
2026-06-09 10:05:25,500 [INFO] Target detected (dist=49.9cm, x=216.9). Switching immediately to approach.
2026-06-09 10:05:25,520 [INFO] Approaching the ball...
2026-06-09 10:05:29,441 [INFO] Target reached BALL_PICK_DISTANCE (40.0cm).
2026-06-09 10:05:29,453 [INFO] Grabbing the ball...
2026-06-09 10:05:32,390 [WARNING] No AprilTag wall-distance available from PiCamera during arm-down capture. Falling back to C sensor: C=149.0cm.
2026-06-09 10:05:33,569 [INFO] Moving forward for 2.0s while opening/closing gripper 3 times...
2026-06-09 10:05:39,585 [INFO] Ball grab complete.
2026-06-09 10:05:39,589 [INFO] Searching for ball...
2026-06-09 10:05:39,596 [INFO] Target detected (dist=48.0cm, x=59.0). Switching immediately to approach.
2026-06-09 10:05:39,615 [INFO] Approaching the ball...
2026-06-09 10:05:39,618 [WARNING] Obstacle detected (L:7 C:89 R:11) -> evasive maneuver
2026-06-09 10:05:42,680 [INFO] Target reached BALL_PICK_DISTANCE (40.0cm).
2026-06-09 10:05:42,688 [INFO] Grabbing the ball...
2026-06-09 10:05:44,937 [INFO] PiCamera wall distance during arm-down capture: 79.3cm
2026-06-09 10:05:46,070 [INFO] Moving forward for 2.0s while opening/closing gripper 3 times...
2026-06-09 10:05:52,425 [INFO] Ball grab complete.
2026-06-09 10:05:52,429 [INFO] Searching for ball...
2026-06-09 10:05:56,484 [INFO] Target detected (dist=33.8cm, x=297.9). Switching immediately to approach.
2026-06-09 10:05:56,509 [INFO] Approaching the ball...
2026-06-09 10:05:56,513 [WARNING] Obstacle detected (L:29 C:88 R:77) -> evasive maneuver
2026-06-09 10:05:57,629 [WARNING] Obstacle detected (L:29 C:244 R:88) -> evasive maneuver
2026-06-09 10:05:58,706 [WARNING] Obstacle detected (L:34 C:999 R:93) -> evasive maneuver
2026-06-09 10:05:59,780 [WARNING] Obstacle detected (L:39 C:37 R:999) -> evasive maneuver
2026-06-09 10:06:00,937 [WARNING] Target lost beyond grace interval. Trying local reacquire before search reset.
2026-06-09 10:06:03,389 [WARNING] Target lost beyond local reacquire window. Returning to search.
2026-06-09 10:06:03,394 [INFO] Searching for ball...
2026-06-09 10:06:07,332 [INFO] Target detected (dist=52.2cm, x=260.4). Switching immediately to approach.
2026-06-09 10:06:07,349 [INFO] Approaching the ball...
2026-06-09 10:06:21,067 [INFO] Target reached BALL_PICK_DISTANCE (40.0cm).
2026-06-09 10:06:21,077 [WARNING] Safety limits breached during catch! Aborting!
2026-06-09 10:06:21,081 [INFO] Searching for ball...
2026-06-09 10:06:21,085 [INFO] Target detected (dist=32.2cm, x=163.0). Switching immediately to approach.
2026-06-09 10:06:21,106 [INFO] Approaching the ball...
2026-06-09 10:06:21,110 [INFO] Target reached BALL_PICK_DISTANCE (40.0cm).
2026-06-09 10:06:21,115 [WARNING] Safety limits breached during catch! Aborting!
2026-06-09 10:06:21,119 [INFO] Searching for ball...
2026-06-09 10:06:21,122 [INFO] Target detected (dist=32.1cm, x=187.6). Switching immediately to approach.
2026-06-09 10:06:21,139 [INFO] Approaching the ball...
2026-06-09 10:06:21,141 [INFO] Target reached BALL_PICK_DISTANCE (40.0cm).
2026-06-09 10:06:21,144 [WARNING] Safety limits breached during catch! Aborting!
2026-06-09 10:06:21,150 [INFO] Searching for ball...
2026-06-09 10:06:21,153 [INFO] Target detected (dist=32.1cm, x=187.6). Switching immediately to approach.
2026-06-09 10:06:21,396 [INFO] Approaching the ball...
2026-06-09 10:06:21,400 [INFO] Target reached BALL_PICK_DISTANCE (40.0cm).
2026-06-09 10:06:21,406 [WARNING] Safety limits breached during catch! Aborting!
2026-06-09 10:06:21,409 [INFO] Searching for ball...
2026-06-09 10:06:21,414 [INFO] Target detected (dist=32.1cm, x=187.6). Switching immediately to approach.
2026-06-09 10:06:21,438 [INFO] Approaching the ball...
2026-06-09 10:06:23,188 [INFO] Target reached BALL_PICK_DISTANCE (40.0cm).
2026-06-09 10:06:23,199 [WARNING] Safety limits breached during catch! Aborting!
2026-06-09 10:06:23,206 [INFO] Searching for ball...
2026-06-09 10:06:23,211 [INFO] Target detected (dist=32.6cm, x=138.1). Switching immediately to approach.
2026-06-09 10:06:23,232 [INFO] Approaching the ball...
2026-06-09 10:06:23,240 [INFO] Target reached BALL_PICK_DISTANCE (40.0cm).
2026-06-09 10:06:23,249 [WARNING] Safety limits breached during catch! Aborting!
2026-06-09 10:06:23,253 [INFO] Searching for ball...
2026-06-09 10:06:23,257 [INFO] Target detected (dist=32.4cm, x=136.1). Switching immediately to approach.
2026-06-09 10:06:23,272 [INFO] Approaching the ball...
2026-06-09 10:06:23,275 [INFO] Target reached BALL_PICK_DISTANCE (40.0cm).
2026-06-09 10:06:23,278 [WARNING] Safety limits breached during catch! Aborting!
2026-06-09 10:06:23,280 [INFO] Searching for ball...
2026-06-09 10:06:23,283 [INFO] Target detected (dist=32.4cm, x=136.1). Switching immediately to approach.
2026-06-09 10:06:23,295 [INFO] Approaching the ball...
2026-06-09 10:06:23,297 [INFO] Target reached BALL_PICK_DISTANCE (40.0cm).
2026-06-09 10:06:23,300 [WARNING] Safety limits breached during catch! Aborting!
2026-06-09 10:06:23,302 [INFO] Searching for ball...
2026-06-09 10:06:23,593 [INFO] Target detected (dist=32.4cm, x=136.1). Switching immediately to approach.
2026-06-09 10:06:23,614 [INFO] Approaching the ball...
2026-06-09 10:06:23,617 [INFO] Target reached BALL_PICK_DISTANCE (40.0cm).
2026-06-09 10:06:23,622 [WARNING] Safety limits breached during catch! Aborting!
2026-06-09 10:06:23,626 [INFO] Searching for ball...
2026-06-09 10:06:23,630 [INFO] Target detected (dist=37.9cm, x=131.4). Switching immediately to approach.
2026-06-09 10:06:23,645 [INFO] Approaching the ball...
2026-06-09 10:06:23,648 [INFO] Target reached BALL_PICK_DISTANCE (40.0cm).
2026-06-09 10:06:23,651 [WARNING] Safety limits breached during catch! Aborting!
2026-06-09 10:06:23,655 [INFO] Searching for ball...
2026-06-09 10:06:23,658 [INFO] Target detected (dist=37.9cm, x=131.4). Switching immediately to approach.
2026-06-09 10:06:23,927 [INFO] Approaching the ball...
2026-06-09 10:06:23,934 [INFO] Target reached BALL_PICK_DISTANCE (40.0cm).
2026-06-09 10:06:23,941 [WARNING] Safety limits breached during catch! Aborting!
2026-06-09 10:06:23,944 [INFO] Searching for ball...
2026-06-09 10:06:23,948 [INFO] Target detected (dist=37.9cm, x=131.4). Switching immediately to approach.
2026-06-09 10:06:23,971 [INFO] Approaching the ball...
2026-06-09 10:06:26,686 [WARNING] Obstacle detected (L:33 C:82 R:79) -> evasive maneuver
2026-06-09 10:06:27,777 [WARNING] Obstacle detected (L:31 C:34 R:81) -> evasive maneuver
2026-06-09 10:06:28,913 [WARNING] Target lost beyond grace interval. Trying local reacquire before search reset.
2026-06-09 10:06:31,368 [WARNING] Target lost beyond local reacquire window. Returning to search.
2026-06-09 10:06:31,373 [INFO] Searching for ball...
2026-06-09 10:06:36,413 [INFO] Target detected (dist=31.4cm, x=282.2). Switching immediately to approach.
2026-06-09 10:06:36,433 [INFO] Approaching the ball...
2026-06-09 10:06:40,630 [WARNING] Target lost beyond grace interval. Trying local reacquire before search reset.
2026-06-09 10:06:42,653 [INFO] Completion of Step 4
2026-06-09 10:06:42,659 [INFO] --- Step 5: Returning home ---
2026-06-09 10:06:47,051 [INFO] Moving to Home tag
2026-06-09 10:06:49,498 [INFO] Robot Pose: x=1.66, y=1.27, heading=241.7 (camera=usb), dist_to_home=98.2cm
2026-06-09 10:06:49,505 [INFO] Route: desired=132.3deg, turn=-109.4deg, dist=0.98m
2026-06-09 10:06:49,515 [INFO] Step 5 state -> NAVIGATING (pose locked)
2026-06-09 10:06:49,542 [INFO] Robot Pose: x=1.66, y=1.27, heading=241.6 (camera=usb), dist_to_home=98.3cm
2026-06-09 10:06:49,549 [INFO] Route: desired=132.4deg, turn=-109.2deg, dist=0.98m
2026-06-09 10:06:49,556 [INFO] Coarse turn R: desired=132.4deg, error=-109.2deg (attempt 0/3)
2026-06-09 10:06:52,070 [INFO] Robot Pose: x=1.66, y=1.28, heading=241.8 (camera=usb), dist_to_home=97.9cm
2026-06-09 10:06:52,071 [INFO] Route: desired=132.3deg, turn=-109.5deg, dist=0.98m
2026-06-09 10:06:52,816 [INFO] Robot Pose: x=1.66, y=1.32, heading=232.5 (camera=usb), dist_to_home=95.2cm
2026-06-09 10:06:52,825 [INFO] Route: desired=134.1deg, turn=-98.3deg, dist=0.95m
2026-06-09 10:06:53,162 [WARNING] Step 5 pose jump rejected: dpos=0.25m dhead=16.7deg (camera=usb)
2026-06-09 10:06:53,164 [WARNING] Localization lost in NAVIGATING -> SEARCHING
2026-06-09 10:06:55,536 [INFO] Robot Pose: x=1.93, y=1.26, heading=215.6 (camera=usb), dist_to_home=119.3cm
2026-06-09 10:06:55,542 [INFO] Route: desired=141.5deg, turn=-74.1deg, dist=1.19m
2026-06-09 10:06:55,554 [INFO] Step 5 state -> NAVIGATING (pose locked)
2026-06-09 10:06:55,595 [INFO] Robot Pose: x=1.95, y=1.28, heading=210.9 (camera=usb), dist_to_home=119.7cm
2026-06-09 10:06:55,598 [INFO] Route: desired=142.9deg, turn=-68.0deg, dist=1.20m
2026-06-09 10:06:55,601 [INFO] Coarse turn R: desired=142.9deg, error=-68.0deg (attempt 0/3)
2026-06-09 10:06:56,209 [INFO] Robot Pose: x=1.96, y=1.29, heading=211.1 (camera=usb), dist_to_home=119.1cm
2026-06-09 10:06:56,212 [INFO] Route: desired=143.3deg, turn=-67.8deg, dist=1.19m
2026-06-09 10:06:58,522 [INFO] Robot Pose: x=1.89, y=1.32, heading=205.2 (camera=usb), dist_to_home=112.2cm
2026-06-09 10:06:58,525 [INFO] Route: desired=142.6deg, turn=-62.6deg, dist=1.12m
2026-06-09 10:06:59,348 [INFO] Robot Pose: x=2.00, y=1.37, heading=197.1 (camera=usb), dist_to_home=118.0cm
2026-06-09 10:06:59,352 [INFO] Route: desired=147.9deg, turn=-49.1deg, dist=1.18m
2026-06-09 10:07:00,222 [WARNING] Step 5 pose jump rejected: dpos=0.91m dhead=28.7deg (camera=usb)
2026-06-09 10:07:00,229 [WARNING] Localization lost in NAVIGATING -> SEARCHING
2026-06-09 10:07:02,070 [INFO] Robot Pose: x=2.00, y=0.88, heading=179.7 (camera=usb), dist_to_home=150.0cm
2026-06-09 10:07:02,071 [INFO] Route: desired=131.8deg, turn=-47.9deg, dist=1.50m
2026-06-09 10:07:02,073 [INFO] Step 5 state -> NAVIGATING (pose locked)
2026-06-09 10:07:02,089 [INFO] Robot Pose: x=2.00, y=1.39, heading=171.0 (camera=usb), dist_to_home=117.0cm
2026-06-09 10:07:02,090 [INFO] Route: desired=148.8deg, turn=-22.2deg, dist=1.17m
2026-06-09 10:07:02,092 [INFO] Fine turn R: desired=148.8deg, error=-22.2deg (attempt 0/3)
2026-06-09 10:07:02,939 [WARNING] Step 5 pose jump rejected: dpos=0.26m dhead=2.3deg (camera=usb)
2026-06-09 10:07:02,943 [WARNING] Localization lost in NAVIGATING -> SEARCHING
2026-06-09 10:07:02,966 [INFO] Robot Pose: x=2.00, y=1.13, heading=168.6 (camera=usb), dist_to_home=132.6cm
2026-06-09 10:07:02,968 [INFO] Route: desired=138.9deg, turn=-29.7deg, dist=1.33m
2026-06-09 10:07:02,971 [INFO] Step 5 state -> NAVIGATING (pose locked)
2026-06-09 10:07:03,345 [INFO] Robot Pose: x=2.00, y=0.09, heading=137.2 (camera=usb), dist_to_home=215.5cm
2026-06-09 10:07:03,350 [INFO] Route: desired=117.6deg, turn=-19.5deg, dist=2.16m
2026-06-09 10:07:03,356 [INFO] Fine turn R: desired=117.6deg, error=-19.5deg (attempt 0/3)
2026-06-09 10:07:06,422 [INFO] Robot Pose: x=2.00, y=0.25, heading=138.8 (camera=usb), dist_to_home=201.4cm
2026-06-09 10:07:06,433 [INFO] Route: desired=119.8deg, turn=-19.0deg, dist=2.01m
2026-06-09 10:07:07,045 [WARNING] Step 5 pose jump rejected: dpos=0.25m dhead=9.0deg (camera=usb)
2026-06-09 10:07:07,050 [WARNING] Localization lost in NAVIGATING -> SEARCHING
2026-06-09 10:07:07,080 [INFO] Robot Pose: x=2.00, y=0.07, heading=131.5 (camera=usb), dist_to_home=217.8cm
2026-06-09 10:07:07,301 [INFO] Route: desired=117.3deg, turn=-14.1deg, dist=2.18m
2026-06-09 10:07:07,312 [INFO] Step 5 state -> NAVIGATING (pose locked)
2026-06-09 10:07:09,723 [INFO] Robot Pose: x=2.00, y=0.22, heading=128.1 (camera=usb), dist_to_home=204.4cm
2026-06-09 10:07:09,733 [INFO] Route: desired=119.3deg, turn=-8.8deg, dist=2.04m
2026-06-09 10:07:09,743 [INFO] Heading aligned (tol=10.0deg). Driving forward speed=2.
2026-06-09 10:07:09,748 [INFO] Step 5 forward step: speed=2, L=143.0cm C=186.0cm R=116.0cm
2026-06-09 10:07:12,671 [INFO] Robot Pose: x=2.00, y=0.10, heading=126.0 (camera=usb), dist_to_home=214.8cm
2026-06-09 10:07:12,672 [INFO] Route: desired=117.7deg, turn=-8.2deg, dist=2.15m
2026-06-09 10:07:12,673 [INFO] Step 5 forward step: speed=2, L=138.0cm C=85.0cm R=113.0cm
2026-06-09 10:07:13,605 [INFO] Robot Pose: x=2.00, y=0.16, heading=127.4 (camera=usb), dist_to_home=209.7cm
2026-06-09 10:07:13,609 [INFO] Route: desired=118.5deg, turn=-9.0deg, dist=2.10m
2026-06-09 10:07:13,611 [INFO] Step 5 forward step: speed=2, L=134.0cm C=178.0cm R=109.0cm
2026-06-09 10:07:16,649 [INFO] Robot Pose: x=2.00, y=0.00, heading=122.6 (camera=usb), dist_to_home=223.6cm
2026-06-09 10:07:16,655 [INFO] Route: desired=116.6deg, turn=-6.0deg, dist=2.24m
2026-06-09 10:07:16,663 [INFO] Step 5 forward step: speed=2, L=130.0cm C=170.0cm R=104.0cm
2026-06-09 10:07:17,287 [INFO] Robot Pose: x=2.00, y=0.09, heading=123.2 (camera=usb), dist_to_home=215.5cm
2026-06-09 10:07:17,290 [INFO] Route: desired=117.7deg, turn=-5.5deg, dist=2.15m
2026-06-09 10:07:17,293 [INFO] Step 5 forward step: speed=2, L=170.0cm C=167.0cm R=110.0cm
2026-06-09 10:07:20,257 [INFO] Robot Pose: x=2.00, y=0.14, heading=123.5 (camera=usb), dist_to_home=210.9cm
2026-06-09 10:07:20,264 [INFO] Route: desired=118.3deg, turn=-5.2deg, dist=2.11m
2026-06-09 10:07:20,271 [INFO] Step 5 forward step: speed=2, L=122.0cm C=165.0cm R=999.0cm
2026-06-09 10:07:21,029 [INFO] Robot Pose: x=1.92, y=0.15, heading=121.9 (camera=usb), dist_to_home=206.9cm
2026-06-09 10:07:21,034 [INFO] Route: desired=116.5deg, turn=-5.4deg, dist=2.07m
2026-06-09 10:07:21,038 [INFO] Step 5 forward step: speed=2, L=122.0cm C=160.0cm R=102.0cm
2026-06-09 10:07:24,364 [INFO] Robot Pose: x=1.91, y=0.22, heading=122.7 (camera=usb), dist_to_home=200.0cm
2026-06-09 10:07:24,369 [INFO] Route: desired=117.2deg, turn=-5.5deg, dist=2.00m
2026-06-09 10:07:24,373 [INFO] Step 5 forward step: speed=2, L=117.0cm C=155.0cm R=92.0cm
2026-06-09 10:07:24,976 [INFO] Robot Pose: x=1.89, y=0.34, heading=123.5 (camera=usb), dist_to_home=188.0cm
2026-06-09 10:07:24,981 [INFO] Route: desired=118.2deg, turn=-5.3deg, dist=1.88m
2026-06-09 10:07:24,984 [INFO] Step 5 forward step: speed=2, L=117.0cm C=149.0cm R=91.0cm
2026-06-09 10:07:28,432 [INFO] Robot Pose: x=1.82, y=0.39, heading=122.8 (camera=usb), dist_to_home=181.0cm
2026-06-09 10:07:28,438 [INFO] Route: desired=116.9deg, turn=-5.9deg, dist=1.81m
2026-06-09 10:07:28,445 [INFO] Step 5 forward step: speed=2, L=115.0cm C=151.0cm R=88.0cm
2026-06-09 10:07:31,134 [INFO] Robot Pose: x=1.77, y=0.41, heading=122.1 (camera=usb), dist_to_home=176.5cm
2026-06-09 10:07:31,139 [INFO] Route: desired=116.0deg, turn=-6.1deg, dist=1.76m
2026-06-09 10:07:31,141 [INFO] Step 5 forward step: speed=2, L=112.0cm C=146.0cm R=86.0cm
2026-06-09 10:07:34,790 [INFO] Robot Pose: x=1.74, y=0.49, heading=122.4 (camera=usb), dist_to_home=168.5cm
2026-06-09 10:07:34,794 [INFO] Route: desired=116.0deg, turn=-6.4deg, dist=1.68m
2026-06-09 10:07:34,800 [INFO] Step 5 forward step: speed=2, L=107.0cm C=137.0cm R=83.0cm
2026-06-09 10:07:38,422 [INFO] Robot Pose: x=1.67, y=0.52, heading=121.7 (camera=usb), dist_to_home=162.5cm
2026-06-09 10:07:38,429 [INFO] Route: desired=114.4deg, turn=-7.4deg, dist=1.63m
2026-06-09 10:07:38,435 [INFO] Step 5 forward step: speed=2, L=107.0cm C=136.0cm R=79.0cm
2026-06-09 10:07:41,204 [INFO] Robot Pose: x=1.62, y=0.58, heading=122.0 (camera=usb), dist_to_home=155.2cm
2026-06-09 10:07:41,211 [INFO] Route: desired=113.6deg, turn=-8.4deg, dist=1.55m
2026-06-09 10:07:41,218 [INFO] Step 5 forward step: speed=2, L=105.0cm C=131.0cm R=77.0cm
2026-06-09 10:07:41,824 [WARNING] Step 5 pose jump rejected: dpos=1.62m dhead=54.0deg (camera=usb)
2026-06-09 10:07:41,828 [WARNING] Localization lost in NAVIGATING -> SEARCHING
2026-06-09 10:07:44,737 [INFO] Robot Pose: x=1.56, y=0.62, heading=121.5 (camera=usb), dist_to_home=148.6cm
2026-06-09 10:07:44,750 [INFO] Route: desired=112.0deg, turn=-9.4deg, dist=1.49m
2026-06-09 10:07:44,757 [INFO] Step 5 state -> NAVIGATING (pose locked)
2026-06-09 10:07:44,800 [INFO] Robot Pose: x=1.54, y=0.65, heading=121.5 (camera=usb), dist_to_home=145.5cm
2026-06-09 10:07:44,803 [INFO] Route: desired=111.6deg, turn=-9.9deg, dist=1.46m
2026-06-09 10:07:44,807 [INFO] Heading aligned (tol=10.0deg). Driving forward speed=2.
2026-06-09 10:07:44,809 [INFO] Step 5 forward step: speed=2, L=102.0cm C=127.0cm R=77.0cm
2026-06-09 10:07:47,867 [INFO] Robot Pose: x=1.52, y=0.64, heading=121.0 (camera=usb), dist_to_home=145.2cm
2026-06-09 10:07:47,873 [INFO] Route: desired=110.9deg, turn=-10.1deg, dist=1.45m
2026-06-09 10:07:48,173 [INFO] Fine turn R: desired=110.9deg, error=-10.1deg (attempt 0/3)
2026-06-09 10:07:50,921 [INFO] Robot Pose: x=1.47, y=0.72, heading=121.8 (camera=usb), dist_to_home=136.5cm
2026-06-09 10:07:50,928 [INFO] Route: desired=110.3deg, turn=-11.4deg, dist=1.37m
2026-06-09 10:07:51,538 [WARNING] Step 5 pose jump rejected: dpos=0.60m dhead=24.9deg (camera=usb)
2026-06-09 10:07:51,542 [WARNING] Localization lost in NAVIGATING -> SEARCHING
2026-06-09 10:07:51,790 [INFO] Robot Pose: x=0.91, y=0.88, heading=97.6 (camera=usb), dist_to_home=112.8cm
2026-06-09 10:07:51,794 [INFO] Route: desired=85.4deg, turn=-12.2deg, dist=1.13m
2026-06-09 10:07:51,798 [INFO] Step 5 state -> NAVIGATING (pose locked)
2026-06-09 10:07:54,508 [INFO] Robot Pose: x=1.01, y=0.76, heading=94.9 (camera=usb), dist_to_home=124.3cm
2026-06-09 10:07:54,728 [INFO] Route: desired=90.4deg, turn=-4.5deg, dist=1.24m
2026-06-09 10:07:54,739 [INFO] Heading aligned (tol=10.0deg). Driving forward speed=2.
2026-06-09 10:07:54,747 [INFO] Step 5 forward step: speed=2, L=106.0cm C=73.0cm R=72.0cm
2026-06-09 10:07:57,536 [INFO] Robot Pose: x=1.02, y=0.77, heading=95.3 (camera=usb), dist_to_home=123.5cm
2026-06-09 10:07:57,542 [INFO] Route: desired=90.7deg, turn=-4.6deg, dist=1.23m
2026-06-09 10:07:57,550 [INFO] Step 5 forward step: speed=2, L=120.0cm C=74.0cm R=70.0cm
2026-06-09 10:08:00,689 [INFO] Robot Pose: x=0.96, y=0.83, heading=95.3 (camera=usb), dist_to_home=117.4cm
2026-06-09 10:08:00,695 [INFO] Route: desired=88.2deg, turn=-7.1deg, dist=1.17m
2026-06-09 10:08:00,699 [INFO] Step 5 forward step: speed=2, L=112.0cm C=63.0cm R=62.0cm
2026-06-09 10:08:01,306 [INFO] Robot Pose: x=0.98, y=0.97, heading=95.5 (camera=usb), dist_to_home=103.0cm
2026-06-09 10:08:01,308 [INFO] Route: desired=88.7deg, turn=-6.8deg, dist=1.03m
2026-06-09 10:08:01,310 [INFO] Step 5 forward step: speed=2, L=110.0cm C=59.0cm R=57.0cm
2026-06-09 10:08:04,350 [INFO] Robot Pose: x=0.97, y=1.03, heading=95.9 (camera=usb), dist_to_home=96.8cm
2026-06-09 10:08:04,356 [INFO] Route: desired=88.4deg, turn=-7.5deg, dist=0.97m
2026-06-09 10:08:04,362 [INFO] Step 5 forward step: speed=2, L=62.0cm C=56.0cm R=54.0cm
2026-06-09 10:08:04,946 [INFO] Robot Pose: x=0.97, y=1.10, heading=96.4 (camera=usb), dist_to_home=89.8cm
2026-06-09 10:08:04,949 [INFO] Route: desired=87.8deg, turn=-8.6deg, dist=0.90m
2026-06-09 10:08:04,952 [INFO] Step 5 forward step: speed=2, L=90.0cm C=54.0cm R=52.0cm
2026-06-09 10:08:07,901 [INFO] Robot Pose: x=0.95, y=1.16, heading=96.4 (camera=usb), dist_to_home=84.3cm
2026-06-09 10:08:07,903 [INFO] Route: desired=86.7deg, turn=-9.7deg, dist=0.84m
2026-06-09 10:08:07,908 [INFO] Heading aligned (tol=10.0deg). Driving forward speed=1.
2026-06-09 10:08:07,913 [INFO] Step 5 forward step: speed=1, L=89.0cm C=53.0cm R=44.0cm
2026-06-09 10:08:11,074 [INFO] Robot Pose: x=0.92, y=1.31, heading=95.0 (camera=usb), dist_to_home=69.9cm
2026-06-09 10:08:11,083 [INFO] Route: desired=83.1deg, turn=-11.9deg, dist=0.70m
2026-06-09 10:08:11,090 [INFO] Home wall proximity check 1/2: L=93.0 C=999.0 R=38.0 Z=73.7cm
2026-06-09 10:08:11,096 [INFO] Fine turn R: desired=83.1deg, error=-11.9deg (attempt 1/3)
2026-06-09 10:08:11,938 [INFO] Robot Pose: x=0.90, y=1.44, heading=96.3 (camera=usb), dist_to_home=56.9cm
2026-06-09 10:08:11,941 [INFO] Route: desired=80.1deg, turn=-16.1deg, dist=0.57m
2026-06-09 10:08:11,945 [INFO] Home wall proximity check 2/2: L=39.0 C=38.0 R=41.0 Z=61.0cm
2026-06-09 10:08:11,948 [INFO] Executing Ball drop...
2026-06-09 10:08:15,267 [INFO] Mission sequence finalized. Entering rest pose and shutting down.
2026-06-09 10:08:15,274 [INFO] Moving ARM to DOWN pose before exit.
2026-06-09 10:08:16,384 [INFO] Camera stopped
2026-06-09 10:08:16,783 [INFO] Camera closed successfully.
2026-06-09 12:25:26,955 [ERROR] Mission crashed due to exception: name 'restore_terminal_echo' is not defined
2026-06-09 12:27:41,967 [INFO] --- Step 1: Initialization phase ---
2026-06-09 12:27:55,718 [INFO] Motor status: OK
2026-06-09 12:27:56,268 [INFO] Initialization successful.
2026-06-09 12:27:56,269 [INFO] Camera now open.
2026-06-09 12:27:56,275 [INFO] Camera configuration has been adjusted!
2026-06-09 12:27:56,277 [INFO] Configuration successful!
2026-06-09 12:27:56,301 [INFO] Camera started
2026-06-09 12:27:58,114 [INFO] PiCamera started.
2026-06-09 12:28:00,315 [INFO] USB Camera status: OK
2026-06-09 12:28:00,318 [INFO] PiCamera status: OK
2026-06-09 12:28:00,321 [INFO] Ultrasonic sensor status: OK (L:8 C:39 R:12)
2026-06-09 12:28:00,376 [INFO] Physical start/stop button ready on GPIO 25.
2026-06-09 12:28:00,378 [INFO] Button status: Listener running (press the physical button on GPIO 25 to start/stop).
2026-06-09 12:28:00,379 [INFO] Moving ARM to UP pose.
2026-06-09 12:28:01,431 [INFO] System Online. Waiting for the physical button press on GPIO 25 to start the mission sequence...
2026-06-09 12:28:22,569 [INFO] Start command received via physical button on GPIO 25.
2026-06-09 12:28:22,572 [INFO] Button pressed. Mission Started!
2026-06-09 12:28:22,583 [INFO] --- Step 2: Confirm Home Location ---
2026-06-09 12:28:22,786 [INFO] Home tags not visible. Adjusting view backwards...
2026-06-09 12:28:24,033 [INFO] Home tag(s) [15] confirmed via USB camera.
2026-06-09 12:28:24,056 [INFO] Step 2 completed successfully.
2026-06-09 12:28:24,059 [INFO] --- Step 3: Ready to Explore ---
2026-06-09 12:28:27,390 [INFO] Completion of Step 3
2026-06-09 12:28:27,396 [INFO] --- Step 4: Search and Approach balls ---
2026-06-09 12:28:27,401 [INFO] Searching for ball...
2026-06-09 12:28:29,477 [INFO] Target detected (dist=46.3cm, x=130.7). Switching immediately to approach.
2026-06-09 12:28:29,484 [INFO] Approaching the ball...
2026-06-09 12:28:41,947 [INFO] Target reached BALL_PICK_DISTANCE (40.0cm).
2026-06-09 12:28:41,955 [INFO] Grabbing the ball...
2026-06-09 12:28:45,126 [INFO] PiCamera wall distance during arm-down capture: 113.1cm
2026-06-09 12:28:46,229 [INFO] Moving forward for 2.0s while opening/closing gripper 3 times...
2026-06-09 12:28:52,884 [INFO] Ball grab complete.
2026-06-09 12:28:52,889 [INFO] Searching for ball...
2026-06-09 12:28:52,893 [INFO] Target detected (dist=36.2cm, x=265.9). Switching immediately to approach.
2026-06-09 12:28:52,916 [INFO] Approaching the ball...
2026-06-09 12:28:52,921 [WARNING] Obstacle detected (L:8 C:53 R:11) -> evasive maneuver
2026-06-09 12:28:58,567 [INFO] Target reached BALL_PICK_DISTANCE (40.0cm).
2026-06-09 12:28:58,581 [INFO] Grabbing the ball...
2026-06-09 12:29:00,835 [WARNING] No AprilTag wall-distance available from PiCamera during arm-down capture. Falling back to C sensor: C=80.0cm.
2026-06-09 12:29:01,958 [INFO] Moving forward for 2.0s while opening/closing gripper 3 times...
2026-06-09 12:29:04,212 [WARNING] Wall too close during capture move (38.5cm < 40.0cm). Backing up.
2026-06-09 12:29:09,074 [INFO] Ball grab complete.
2026-06-09 12:29:09,083 [INFO] Searching for ball...
2026-06-09 12:29:12,080 [INFO] Target detected (dist=28.7cm, x=294.1). Switching immediately to approach.
2026-06-09 12:29:12,104 [INFO] Approaching the ball...
2026-06-09 12:29:12,108 [WARNING] Obstacle detected (L:31 C:55 R:999) -> evasive maneuver
2026-06-09 12:29:13,251 [WARNING] Obstacle detected (L:69 C:38 R:57) -> evasive maneuver
2026-06-09 12:29:14,461 [WARNING] Obstacle detected (L:37 C:39 R:195) -> evasive maneuver
2026-06-09 12:29:15,572 [WARNING] Obstacle detected (L:999 C:37 R:44) -> evasive maneuver
2026-06-09 12:29:16,741 [WARNING] Target lost beyond grace interval. Trying local reacquire before search reset.
2026-06-09 12:29:18,854 [WARNING] Target lost beyond local reacquire window. Returning to search.
2026-06-09 12:29:18,863 [INFO] Searching for ball...
2026-06-09 12:29:22,521 [INFO] Target detected (dist=24.4cm, x=30.5). Switching immediately to approach.
2026-06-09 12:29:22,548 [INFO] Approaching the ball...
2026-06-09 12:29:23,213 [INFO] Target briefly lost near pickup threshold (24.4cm). Proceeding to grab.
2026-06-09 12:29:23,222 [INFO] Grabbing the ball...
2026-06-09 12:29:25,481 [WARNING] No AprilTag wall-distance available from PiCamera during arm-down capture. Falling back to C sensor: C=44.0cm.
2026-06-09 12:29:26,809 [INFO] Moving forward for 2.0s while opening/closing gripper 3 times...
2026-06-09 12:29:28,202 [WARNING] Obstacle detected during capture move (C:39cm). Backing up and continuing gripper cycles.
2026-06-09 12:29:33,134 [INFO] Ball grab complete.
2026-06-09 12:29:33,139 [INFO] Searching for ball...
2026-06-09 12:29:40,265 [INFO] Target detected (dist=23.4cm, x=288.2). Switching immediately to approach.
2026-06-09 12:29:40,289 [INFO] Approaching the ball...
2026-06-09 12:29:42,265 [INFO] Target reached BALL_PICK_DISTANCE (40.0cm).
2026-06-09 12:29:42,274 [INFO] Grabbing the ball...
2026-06-09 12:29:44,455 [WARNING] No AprilTag wall-distance available from PiCamera during arm-down capture. Falling back to C sensor: C=59.0cm.
2026-06-09 12:29:45,568 [INFO] Moving forward for 2.0s while opening/closing gripper 3 times...
2026-06-09 12:29:46,739 [WARNING] Obstacle detected during capture move (C:8cm). Backing up and continuing gripper cycles.
2026-06-09 12:29:52,294 [INFO] Ball grab complete.
2026-06-09 12:29:52,299 [INFO] Searching for ball...
2026-06-09 12:29:52,308 [INFO] Target detected (dist=28.2cm, x=202.5). Switching immediately to approach.
2026-06-09 12:29:52,326 [INFO] Approaching the ball...
2026-06-09 12:29:52,328 [WARNING] Obstacle detected (L:6 C:7 R:9) -> evasive maneuver
2026-06-09 12:29:53,528 [WARNING] Obstacle detected (L:26 C:76 R:48) -> evasive maneuver
2026-06-09 12:29:54,764 [WARNING] Obstacle detected (L:29 C:93 R:52) -> evasive maneuver
2026-06-09 12:29:55,845 [WARNING] Obstacle detected (L:34 C:31 R:58) -> evasive maneuver
2026-06-09 12:29:57,207 [WARNING] Obstacle detected (L:999 C:35 R:233) -> evasive maneuver
2026-06-09 12:29:58,348 [WARNING] Target lost beyond grace interval. Trying local reacquire before search reset.
2026-06-09 12:30:00,586 [WARNING] Target lost beyond local reacquire window. Returning to search.
2026-06-09 12:30:00,596 [INFO] Searching for ball...
2026-06-09 12:30:02,270 [INFO] Target detected (dist=24.4cm, x=183.4). Switching immediately to approach.
2026-06-09 12:30:02,290 [INFO] Approaching the ball...
2026-06-09 12:30:02,296 [INFO] Target reached BALL_PICK_DISTANCE (40.0cm).
2026-06-09 12:30:02,302 [INFO] Grabbing the ball...
2026-06-09 12:30:05,067 [WARNING] No AprilTag wall-distance available from PiCamera during arm-down capture. Falling back to C sensor: C=41.0cm.
2026-06-09 12:30:06,216 [INFO] Moving forward for 2.0s while opening/closing gripper 3 times...
2026-06-09 12:30:06,569 [WARNING] Obstacle detected during capture move (C:39cm). Backing up and continuing gripper cycles.
2026-06-09 12:30:13,206 [INFO] Ball grab complete.
2026-06-09 12:30:13,210 [INFO] Completion of Step 4
2026-06-09 12:30:13,215 [INFO] --- Step 5: Returning home ---
2026-06-09 12:30:17,870 [INFO] Moving to Home tag
2026-06-09 12:30:18,171 [INFO] Too close to wall for tag reacquire (L:999cm C:999cm R:42cm, nearest=42cm). Backing up for 0.15s.
2026-06-09 12:30:18,939 [INFO] Step 5 SEARCHING: turning R (L:999cm C:41cm R:43cm)
2026-06-09 12:30:19,505 [INFO] Step 5 SEARCHING: turning R (L:999cm C:41cm R:42cm)
2026-06-09 12:30:20,362 [INFO] Too close to wall for tag reacquire (L:47cm C:40cm R:44cm, nearest=40cm). Backing up for 0.15s.
2026-06-09 12:30:23,921 [INFO] Robot Pose: x=0.36, y=0.65, heading=269.8 (camera=usb), dist_to_home=149.6cm
2026-06-09 12:30:23,924 [INFO] Route: desired=64.8deg, turn=+155.0deg, dist=1.50m
2026-06-09 12:30:23,927 [INFO] Step 5 state -> NAVIGATING (pose locked)
2026-06-09 12:30:24,166 [INFO] Robot Pose: x=0.36, y=0.65, heading=271.2 (camera=usb), dist_to_home=149.1cm
2026-06-09 12:30:24,173 [INFO] Route: desired=64.7deg, turn=+153.5deg, dist=1.49m
2026-06-09 12:30:24,177 [INFO] Coarse turn L: desired=64.7deg, error=+153.5deg (attempt 0/3)
2026-06-09 12:30:26,698 [INFO] Robot Pose: x=0.36, y=0.65, heading=271.5 (camera=usb), dist_to_home=149.1cm
2026-06-09 12:30:26,706 [INFO] Route: desired=64.6deg, turn=+153.1deg, dist=1.49m
2026-06-09 12:30:27,831 [WARNING] Localization lost in NAVIGATING -> SEARCHING
2026-06-09 12:30:28,170 [INFO] Too close to wall for tag reacquire (L:160cm C:999cm R:44cm, nearest=44cm). Backing up for 0.15s.
2026-06-09 12:30:31,124 [INFO] Robot Pose: x=0.12, y=0.73, heading=295.4 (camera=usb), dist_to_home=154.8cm
2026-06-09 12:30:31,132 [INFO] Route: desired=55.5deg, turn=+120.0deg, dist=1.55m
2026-06-09 12:30:31,140 [INFO] Step 5 state -> NAVIGATING (pose locked)
2026-06-09 12:30:31,174 [INFO] Robot Pose: x=0.11, y=0.74, heading=295.7 (camera=usb), dist_to_home=154.1cm
2026-06-09 12:30:31,176 [INFO] Route: desired=54.6deg, turn=+118.9deg, dist=1.54m
2026-06-09 12:30:31,178 [INFO] Coarse turn L: desired=54.6deg, error=+118.9deg (attempt 0/3)
2026-06-09 12:30:31,845 [INFO] Robot Pose: x=0.11, y=0.74, heading=295.8 (camera=usb), dist_to_home=154.3cm
2026-06-09 12:30:31,848 [INFO] Route: desired=54.6deg, turn=+118.8deg, dist=1.54m
2026-06-09 12:30:35,083 [INFO] Robot Pose: x=0.20, y=0.77, heading=297.4 (camera=usb), dist_to_home=146.7cm
2026-06-09 12:30:35,090 [INFO] Route: desired=56.8deg, turn=+119.4deg, dist=1.47m
2026-06-09 12:30:35,454 [WARNING] Step 5 pose jump rejected: dpos=0.20m dhead=25.4deg (camera=usb)
2026-06-09 12:30:35,457 [WARNING] Localization lost in NAVIGATING -> SEARCHING
2026-06-09 12:30:37,531 [INFO] Robot Pose: x=0.02, y=0.90, heading=322.0 (camera=usb), dist_to_home=147.5cm
2026-06-09 12:30:37,533 [INFO] Route: desired=48.2deg, turn=+86.2deg, dist=1.47m
2026-06-09 12:30:38,047 [INFO] Step 5 state -> NAVIGATING (pose locked)
2026-06-09 12:30:38,084 [INFO] Robot Pose: x=0.00, y=0.33, heading=344.6 (camera=usb), dist_to_home=194.4cm
2026-06-09 12:30:38,087 [INFO] Route: desired=59.0deg, turn=+74.4deg, dist=1.94m
2026-06-09 12:30:38,093 [INFO] Coarse turn L: desired=59.0deg, error=+74.4deg (attempt 0/3)
2026-06-09 12:30:38,553 [WARNING] Step 5 pose jump rejected: dpos=0.33m dhead=9.4deg (camera=usb)
2026-06-09 12:30:38,555 [WARNING] Localization lost in NAVIGATING -> SEARCHING
2026-06-09 12:30:41,468 [INFO] Robot Pose: x=0.00, y=0.78, heading=332.2 (camera=usb), dist_to_home=157.9cm
2026-06-09 12:30:41,473 [INFO] Route: desired=50.7deg, turn=+78.5deg, dist=1.58m
2026-06-09 12:30:41,479 [INFO] Step 5 state -> NAVIGATING (pose locked)
2026-06-09 12:30:41,530 [INFO] Robot Pose: x=0.00, y=0.00, heading=1.6 (camera=usb), dist_to_home=223.6cm
2026-06-09 12:30:41,535 [INFO] Route: desired=63.4deg, turn=+61.9deg, dist=2.24m
2026-06-09 12:30:41,538 [INFO] Coarse turn L: desired=63.4deg, error=+61.9deg (attempt 0/3)
2026-06-09 12:30:44,504 [INFO] Robot Pose: x=0.00, y=0.00, heading=1.6 (camera=usb), dist_to_home=223.6cm
2026-06-09 12:30:44,514 [INFO] Route: desired=63.4deg, turn=+61.9deg, dist=2.24m
2026-06-09 12:30:44,901 [WARNING] Step 5 pose jump rejected: dpos=0.41m dhead=0.7deg (camera=usb)
2026-06-09 12:30:44,910 [WARNING] Localization lost in NAVIGATING -> SEARCHING
2026-06-09 12:30:45,192 [INFO] Robot Pose: x=0.00, y=0.38, heading=359.0 (camera=usb), dist_to_home=190.7cm
2026-06-09 12:30:45,195 [INFO] Route: desired=58.4deg, turn=+59.3deg, dist=1.91m
2026-06-09 12:30:45,199 [INFO] Step 5 state -> NAVIGATING (pose locked)
2026-06-09 12:30:47,496 [INFO] Robot Pose: x=0.00, y=0.38, heading=359.0 (camera=usb), dist_to_home=190.7cm
2026-06-09 12:30:47,503 [INFO] Route: desired=58.4deg, turn=+59.3deg, dist=1.91m
2026-06-09 12:30:47,509 [INFO] Coarse turn L: desired=58.4deg, error=+59.3deg (attempt 0/3)
2026-06-09 12:30:47,878 [WARNING] Step 5 pose jump rejected: dpos=0.79m dhead=12.9deg (camera=usb)
2026-06-09 12:30:47,886 [WARNING] Localization lost in NAVIGATING -> SEARCHING
2026-06-09 12:30:48,197 [INFO] Robot Pose: x=0.00, y=0.96, heading=352.0 (camera=usb), dist_to_home=144.6cm
2026-06-09 12:30:48,200 [INFO] Route: desired=46.2deg, turn=+54.3deg, dist=1.45m
2026-06-09 12:30:48,203 [INFO] Step 5 state -> NAVIGATING (pose locked)
2026-06-09 12:30:51,186 [INFO] Robot Pose: x=0.00, y=0.96, heading=352.0 (camera=usb), dist_to_home=144.6cm
2026-06-09 12:30:51,193 [INFO] Route: desired=46.2deg, turn=+54.3deg, dist=1.45m
2026-06-09 12:30:51,204 [INFO] Coarse turn L: desired=46.2deg, error=+54.3deg (attempt 0/3)
2026-06-09 12:30:54,240 [INFO] Robot Pose: x=0.00, y=0.87, heading=357.5 (camera=usb), dist_to_home=150.7cm
2026-06-09 12:30:54,245 [INFO] Route: desired=48.4deg, turn=+50.9deg, dist=1.51m
2026-06-09 12:30:54,931 [WARNING] Step 5 pose jump rejected: dpos=0.68m dhead=23.8deg (camera=usb)
2026-06-09 12:30:54,935 [WARNING] Localization lost in NAVIGATING -> SEARCHING
2026-06-09 12:30:57,364 [INFO] Robot Pose: x=0.00, y=0.07, heading=23.8 (camera=usb), dist_to_home=217.7cm
2026-06-09 12:30:57,366 [INFO] Route: desired=62.7deg, turn=+38.9deg, dist=2.18m
2026-06-09 12:30:57,370 [INFO] Step 5 state -> NAVIGATING (pose locked)
2026-06-09 12:30:57,892 [INFO] Robot Pose: x=0.00, y=2.00, heading=338.0 (camera=usb), dist_to_home=100.0cm
2026-06-09 12:30:57,894 [INFO] Route: desired=0.0deg, turn=+22.0deg, dist=1.00m
2026-06-09 12:30:57,897 [INFO] Fine turn L: desired=0.0deg, error=+22.0deg (attempt 0/3)
2026-06-09 12:30:59,523 [WARNING] Localization lost in NAVIGATING -> SEARCHING
2026-06-09 12:31:02,047 [INFO] Robot Pose: x=2.00, y=0.00, heading=88.1 (camera=usb), dist_to_home=223.6cm
2026-06-09 12:31:02,051 [INFO] Route: desired=116.6deg, turn=+28.4deg, dist=2.24m
2026-06-09 12:31:02,053 [INFO] Step 5 state -> NAVIGATING (pose locked)
2026-06-09 12:31:02,339 [INFO] Robot Pose: x=2.00, y=0.00, heading=88.1 (camera=usb), dist_to_home=223.6cm
2026-06-09 12:31:02,342 [INFO] Route: desired=116.6deg, turn=+28.4deg, dist=2.24m
2026-06-09 12:31:02,344 [INFO] Fine turn L: desired=116.6deg, error=+28.4deg (attempt 0/3)
2026-06-09 12:31:03,289 [WARNING] Step 5 pose jump rejected: dpos=2.65m dhead=97.6deg (camera=usb)
2026-06-09 12:31:03,293 [WARNING] Localization lost in NAVIGATING -> SEARCHING
2026-06-09 12:31:05,765 [INFO] Robot Pose: x=0.00, y=1.74, heading=350.6 (camera=usb), dist_to_home=103.4cm
2026-06-09 12:31:05,769 [INFO] Route: desired=14.8deg, turn=+24.2deg, dist=1.03m
2026-06-09 12:31:05,771 [INFO] Step 5 state -> NAVIGATING (pose locked)
2026-06-09 12:31:06,024 [INFO] Robot Pose: x=0.00, y=0.00, heading=46.2 (camera=usb), dist_to_home=223.6cm
2026-06-09 12:31:06,028 [INFO] Route: desired=63.4deg, turn=+17.3deg, dist=2.24m
2026-06-09 12:31:06,035 [INFO] Fine turn L: desired=63.4deg, error=+17.3deg (attempt 0/3)
2026-06-09 12:31:08,955 [INFO] Robot Pose: x=0.00, y=0.00, heading=46.2 (camera=usb), dist_to_home=223.6cm
2026-06-09 12:31:08,958 [INFO] Route: desired=63.4deg, turn=+17.3deg, dist=2.24m
2026-06-09 12:31:10,336 [WARNING] Localization lost in NAVIGATING -> SEARCHING
2026-06-09 12:31:12,416 [INFO] Robot Pose: x=0.00, y=0.00, heading=53.8 (camera=usb), dist_to_home=223.6cm
2026-06-09 12:31:12,423 [INFO] Route: desired=63.4deg, turn=+9.6deg, dist=2.24m
2026-06-09 12:31:12,429 [INFO] Step 5 state -> NAVIGATING (pose locked)
2026-06-09 12:31:12,469 [INFO] Robot Pose: x=1.09, y=0.00, heading=84.3 (camera=usb), dist_to_home=200.2cm
2026-06-09 12:31:12,472 [INFO] Route: desired=92.7deg, turn=+8.4deg, dist=2.00m
2026-06-09 12:31:12,475 [INFO] Heading aligned (tol=10.0deg). Driving forward speed=2.
2026-06-09 12:31:12,479 [INFO] Step 5 forward step: speed=2, L=76.0cm C=66.0cm R=214.0cm
2026-06-09 12:31:13,359 [INFO] Robot Pose: x=1.13, y=0.00, heading=83.4 (camera=usb), dist_to_home=200.4cm
2026-06-09 12:31:13,363 [INFO] Route: desired=93.6deg, turn=+10.2deg, dist=2.00m
2026-06-09 12:31:13,367 [INFO] Fine turn L: desired=93.6deg, error=+10.2deg (attempt 0/3)
2026-06-09 12:31:14,386 [WARNING] Step 5 pose jump rejected: dpos=1.12m dhead=29.5deg (camera=usb)
2026-06-09 12:31:14,388 [WARNING] Localization lost in NAVIGATING -> SEARCHING
2026-06-09 12:31:16,935 [INFO] Robot Pose: x=0.76, y=0.00, heading=84.6 (camera=usb), dist_to_home=201.4cm
2026-06-09 12:31:16,940 [INFO] Route: desired=83.2deg, turn=-1.4deg, dist=2.01m
2026-06-09 12:31:16,945 [INFO] Step 5 state -> NAVIGATING (pose locked)
2026-06-09 12:31:16,990 [INFO] Robot Pose: x=0.00, y=0.00, heading=63.8 (camera=usb), dist_to_home=223.6cm
2026-06-09 12:31:16,994 [INFO] Route: desired=63.4deg, turn=-0.4deg, dist=2.24m
2026-06-09 12:31:16,996 [INFO] Heading aligned (tol=10.0deg). Driving forward speed=2.
2026-06-09 12:31:17,000 [INFO] Step 5 forward step: speed=2, L=70.0cm C=66.0cm R=212.0cm
2026-06-09 12:31:17,895 [WARNING] Step 5 pose jump rejected: dpos=0.87m dhead=24.3deg (camera=usb)
2026-06-09 12:31:17,898 [WARNING] Localization lost in NAVIGATING -> SEARCHING
2026-06-09 12:31:20,042 [INFO] Robot Pose: x=0.00, y=0.00, heading=63.7 (camera=usb), dist_to_home=223.6cm
2026-06-09 12:31:20,045 [INFO] Route: desired=63.4deg, turn=-0.3deg, dist=2.24m
2026-06-09 12:31:20,050 [INFO] Step 5 state -> NAVIGATING (pose locked)
2026-06-09 12:31:20,331 [INFO] Robot Pose: x=0.82, y=0.00, heading=87.1 (camera=usb), dist_to_home=200.8cm
2026-06-09 12:31:20,334 [INFO] Route: desired=85.0deg, turn=-2.1deg, dist=2.01m
2026-06-09 12:31:20,339 [INFO] Heading aligned (tol=10.0deg). Driving forward speed=2.
2026-06-09 12:31:20,345 [INFO] Step 5 forward step: speed=2, L=68.0cm C=77.0cm R=999.0cm
2026-06-09 12:31:23,756 [INFO] Robot Pose: x=0.82, y=0.00, heading=86.9 (camera=usb), dist_to_home=200.8cm
2026-06-09 12:31:23,765 [INFO] Route: desired=84.9deg, turn=-2.1deg, dist=2.01m
2026-06-09 12:31:23,772 [INFO] Step 5 forward step: speed=2, L=66.0cm C=64.0cm R=999.0cm
2026-06-09 12:31:24,435 [WARNING] Step 5 pose jump rejected: dpos=0.75m dhead=18.4deg (camera=usb)
2026-06-09 12:31:24,439 [WARNING] Localization lost in NAVIGATING -> SEARCHING
2026-06-09 12:31:27,479 [INFO] Robot Pose: x=0.00, y=0.00, heading=66.5 (camera=usb), dist_to_home=223.6cm
2026-06-09 12:31:27,487 [INFO] Route: desired=63.4deg, turn=-3.1deg, dist=2.24m
2026-06-09 12:31:27,493 [INFO] Step 5 state -> NAVIGATING (pose locked)
2026-06-09 12:31:27,533 [INFO] Robot Pose: x=0.25, y=0.00, heading=75.2 (camera=usb), dist_to_home=213.5cm
2026-06-09 12:31:27,536 [INFO] Route: desired=69.5deg, turn=-5.7deg, dist=2.13m
2026-06-09 12:31:27,539 [INFO] Heading aligned (tol=10.0deg). Driving forward speed=2.
2026-06-09 12:31:27,543 [INFO] Step 5 forward step: speed=2, L=62.0cm C=68.0cm R=131.0cm
2026-06-09 12:31:28,726 [WARNING] Step 5 pose jump rejected: dpos=0.29m dhead=8.1deg (camera=usb)
2026-06-09 12:31:28,734 [WARNING] Localization lost in NAVIGATING -> SEARCHING
2026-06-09 12:31:31,007 [INFO] Robot Pose: x=0.54, y=0.00, heading=83.3 (camera=usb), dist_to_home=205.2cm
2026-06-09 12:31:31,016 [INFO] Route: desired=77.1deg, turn=-6.2deg, dist=2.05m
2026-06-09 12:31:31,020 [INFO] Step 5 state -> NAVIGATING (pose locked)
2026-06-09 12:31:31,058 [INFO] Robot Pose: x=0.73, y=0.18, heading=93.5 (camera=usb), dist_to_home=184.3cm
2026-06-09 12:31:31,061 [INFO] Route: desired=81.7deg, turn=-11.8deg, dist=1.84m
2026-06-09 12:31:31,063 [INFO] Fine turn R: desired=81.7deg, error=-11.8deg (attempt 0/3)
2026-06-09 12:31:34,341 [INFO] Robot Pose: x=0.62, y=0.00, heading=86.6 (camera=usb), dist_to_home=203.7cm
2026-06-09 12:31:34,343 [INFO] Route: desired=79.1deg, turn=-7.4deg, dist=2.04m
2026-06-09 12:31:34,346 [INFO] Heading aligned (tol=10.0deg). Driving forward speed=2.
2026-06-09 12:31:34,348 [INFO] Step 5 forward step: speed=2, L=124.0cm C=123.0cm R=999.0cm
2026-06-09 12:31:34,985 [ERROR] Failed to reach home within time limit. Skipping drop sequence.
2026-06-09 12:31:34,990 [INFO] Mission sequence finalized. Entering rest pose and shutting down.
2026-06-09 12:31:34,993 [INFO] Moving ARM to DOWN pose before exit.
2026-06-09 12:31:36,128 [INFO] Camera stopped
2026-06-09 12:31:36,540 [INFO] Camera closed successfully.
