[0.465s] DEBUG:colcon:Command line arguments: ['/usr/local/bin/colcon', 'build', '--packages-select', 'pirobot2', '--symlink-install']
[0.465s] DEBUG:colcon:Parsed command line arguments: Namespace(log_base=None, log_level=None, verb_name='build', build_base='build', install_base='install', merge_install=False, symlink_install=True, test_result_base=None, continue_on_error=False, executor='parallel', parallel_workers=4, event_handlers=None, ignore_user_meta=False, metas=['./colcon.meta'], base_paths=['.'], packages_ignore=None, packages_ignore_regex=None, paths=None, packages_up_to=None, packages_up_to_regex=None, packages_above=None, packages_above_and_dependencies=None, packages_above_depth=None, packages_select_by_dep=None, packages_skip_by_dep=None, packages_skip_up_to=None, packages_select_build_failed=False, packages_skip_build_finished=False, packages_select_test_failures=False, packages_skip_test_passed=False, packages_select=['pirobot2'], packages_skip=None, packages_select_regex=None, packages_skip_regex=None, packages_start=None, packages_end=None, cmake_args=None, cmake_target=None, cmake_target_skip_unavailable=False, cmake_clean_cache=False, cmake_clean_first=False, cmake_force_configure=False, ament_cmake_args=None, catkin_cmake_args=None, catkin_skip_building_tests=False, verb_parser=<colcon_defaults.argument_parser.defaults.DefaultArgumentsDecorator object at 0x7f85719b10>, verb_extension=<colcon_core.verb.build.BuildVerb object at 0x7f8592c210>, main=<bound method BuildVerb.main of <colcon_core.verb.build.BuildVerb object at 0x7f8592c210>>)
[1.146s] Level 1:colcon.colcon_core.package_discovery:discover_packages(colcon_meta) check parameters
[1.148s] Level 1:colcon.colcon_core.package_discovery:discover_packages(recursive) check parameters
[1.149s] Level 1:colcon.colcon_core.package_discovery:discover_packages(ignore) check parameters
[1.149s] Level 1:colcon.colcon_core.package_discovery:discover_packages(path) check parameters
[1.149s] Level 1:colcon.colcon_core.package_discovery:discover_packages(colcon_meta) discover
[1.149s] Level 1:colcon.colcon_core.package_discovery:discover_packages(recursive) discover
[1.149s] INFO:colcon.colcon_core.package_discovery:Crawling recursively for packages in '/home/pi/Raspi_codes/ROS2'
[1.150s] Level 1:colcon.colcon_core.package_identification:_identify(.) by extensions ['ignore', 'ignore_ament_install']
[1.150s] Level 1:colcon.colcon_core.package_identification:_identify(.) by extension 'ignore'
[1.150s] Level 1:colcon.colcon_core.package_identification:_identify(.) by extension 'ignore_ament_install'
[1.150s] Level 1:colcon.colcon_core.package_identification:_identify(.) by extensions ['colcon_pkg']
[1.150s] Level 1:colcon.colcon_core.package_identification:_identify(.) by extension 'colcon_pkg'
[1.150s] Level 1:colcon.colcon_core.package_identification:_identify(.) by extensions ['colcon_meta']
[1.151s] Level 1:colcon.colcon_core.package_identification:_identify(.) by extension 'colcon_meta'
[1.151s] Level 1:colcon.colcon_core.package_identification:_identify(.) by extensions ['ros']
[1.151s] Level 1:colcon.colcon_core.package_identification:_identify(.) by extension 'ros'
[1.270s] Level 1:colcon.colcon_core.package_identification:_identify(.) by extensions ['cmake', 'python']
[1.270s] Level 1:colcon.colcon_core.package_identification:_identify(.) by extension 'cmake'
[1.270s] Level 1:colcon.colcon_core.package_identification:_identify(.) by extension 'python'
[1.271s] Level 1:colcon.colcon_core.package_identification:_identify(.) by extensions ['python_setup_py']
[1.271s] Level 1:colcon.colcon_core.package_identification:_identify(.) by extension 'python_setup_py'
[1.271s] Level 1:colcon.colcon_core.package_identification:_identify(build) by extensions ['ignore', 'ignore_ament_install']
[1.272s] Level 1:colcon.colcon_core.package_identification:_identify(build) by extension 'ignore'
[1.272s] Level 1:colcon.colcon_core.package_identification:_identify(build) ignored
[1.273s] Level 1:colcon.colcon_core.package_identification:_identify(install) by extensions ['ignore', 'ignore_ament_install']
[1.273s] Level 1:colcon.colcon_core.package_identification:_identify(install) by extension 'ignore'
[1.273s] Level 1:colcon.colcon_core.package_identification:_identify(install) ignored
[1.274s] Level 1:colcon.colcon_core.package_identification:_identify(log) by extensions ['ignore', 'ignore_ament_install']
[1.274s] Level 1:colcon.colcon_core.package_identification:_identify(log) by extension 'ignore'
[1.274s] Level 1:colcon.colcon_core.package_identification:_identify(log) ignored
[1.275s] Level 1:colcon.colcon_core.package_identification:_identify(src) by extensions ['ignore', 'ignore_ament_install']
[1.275s] Level 1:colcon.colcon_core.package_identification:_identify(src) by extension 'ignore'
[1.275s] Level 1:colcon.colcon_core.package_identification:_identify(src) by extension 'ignore_ament_install'
[1.275s] Level 1:colcon.colcon_core.package_identification:_identify(src) by extensions ['colcon_pkg']
[1.275s] Level 1:colcon.colcon_core.package_identification:_identify(src) by extension 'colcon_pkg'
[1.275s] Level 1:colcon.colcon_core.package_identification:_identify(src) by extensions ['colcon_meta']
[1.276s] Level 1:colcon.colcon_core.package_identification:_identify(src) by extension 'colcon_meta'
[1.276s] Level 1:colcon.colcon_core.package_identification:_identify(src) by extensions ['ros']
[1.276s] Level 1:colcon.colcon_core.package_identification:_identify(src) by extension 'ros'
[1.276s] Level 1:colcon.colcon_core.package_identification:_identify(src) by extensions ['cmake', 'python']
[1.277s] Level 1:colcon.colcon_core.package_identification:_identify(src) by extension 'cmake'
[1.277s] Level 1:colcon.colcon_core.package_identification:_identify(src) by extension 'python'
[1.277s] Level 1:colcon.colcon_core.package_identification:_identify(src) by extensions ['python_setup_py']
[1.277s] Level 1:colcon.colcon_core.package_identification:_identify(src) by extension 'python_setup_py'
[1.278s] Level 1:colcon.colcon_core.package_identification:_identify(src/pirobot) by extensions ['ignore', 'ignore_ament_install']
[1.279s] Level 1:colcon.colcon_core.package_identification:_identify(src/pirobot) by extension 'ignore'
[1.279s] Level 1:colcon.colcon_core.package_identification:_identify(src/pirobot) by extension 'ignore_ament_install'
[1.280s] Level 1:colcon.colcon_core.package_identification:_identify(src/pirobot) by extensions ['colcon_pkg']
[1.280s] Level 1:colcon.colcon_core.package_identification:_identify(src/pirobot) by extension 'colcon_pkg'
[1.280s] Level 1:colcon.colcon_core.package_identification:_identify(src/pirobot) by extensions ['colcon_meta']
[1.280s] Level 1:colcon.colcon_core.package_identification:_identify(src/pirobot) by extension 'colcon_meta'
[1.281s] Level 1:colcon.colcon_core.package_identification:_identify(src/pirobot) by extensions ['ros']
[1.281s] Level 1:colcon.colcon_core.package_identification:_identify(src/pirobot) by extension 'ros'
[1.293s] DEBUG:colcon.colcon_core.package_identification:Package 'src/pirobot' with type 'ros.ament_python' and name 'pirobot'
[1.294s] Level 1:colcon.colcon_core.package_identification:_identify(src/pirobot2) by extensions ['ignore', 'ignore_ament_install']
[1.295s] Level 1:colcon.colcon_core.package_identification:_identify(src/pirobot2) by extension 'ignore'
[1.295s] Level 1:colcon.colcon_core.package_identification:_identify(src/pirobot2) by extension 'ignore_ament_install'
[1.295s] Level 1:colcon.colcon_core.package_identification:_identify(src/pirobot2) by extensions ['colcon_pkg']
[1.296s] Level 1:colcon.colcon_core.package_identification:_identify(src/pirobot2) by extension 'colcon_pkg'
[1.296s] Level 1:colcon.colcon_core.package_identification:_identify(src/pirobot2) by extensions ['colcon_meta']
[1.296s] Level 1:colcon.colcon_core.package_identification:_identify(src/pirobot2) by extension 'colcon_meta'
[1.296s] Level 1:colcon.colcon_core.package_identification:_identify(src/pirobot2) by extensions ['ros']
[1.297s] Level 1:colcon.colcon_core.package_identification:_identify(src/pirobot2) by extension 'ros'
[1.299s] DEBUG:colcon.colcon_core.package_identification:Package 'src/pirobot2' with type 'ros.ament_python' and name 'pirobot2'
[1.300s] Level 1:colcon.colcon_core.package_identification:_identify(src/ros2_tutorials) by extensions ['ignore', 'ignore_ament_install']
[1.301s] Level 1:colcon.colcon_core.package_identification:_identify(src/ros2_tutorials) by extension 'ignore'
[1.301s] Level 1:colcon.colcon_core.package_identification:_identify(src/ros2_tutorials) by extension 'ignore_ament_install'
[1.302s] Level 1:colcon.colcon_core.package_identification:_identify(src/ros2_tutorials) by extensions ['colcon_pkg']
[1.302s] Level 1:colcon.colcon_core.package_identification:_identify(src/ros2_tutorials) by extension 'colcon_pkg'
[1.302s] Level 1:colcon.colcon_core.package_identification:_identify(src/ros2_tutorials) by extensions ['colcon_meta']
[1.302s] Level 1:colcon.colcon_core.package_identification:_identify(src/ros2_tutorials) by extension 'colcon_meta'
[1.303s] Level 1:colcon.colcon_core.package_identification:_identify(src/ros2_tutorials) by extensions ['ros']
[1.303s] Level 1:colcon.colcon_core.package_identification:_identify(src/ros2_tutorials) by extension 'ros'
[1.304s] Level 1:colcon.colcon_core.package_identification:_identify(src/ros2_tutorials) by extensions ['cmake', 'python']
[1.304s] Level 1:colcon.colcon_core.package_identification:_identify(src/ros2_tutorials) by extension 'cmake'
[1.304s] Level 1:colcon.colcon_core.package_identification:_identify(src/ros2_tutorials) by extension 'python'
[1.304s] Level 1:colcon.colcon_core.package_identification:_identify(src/ros2_tutorials) by extensions ['python_setup_py']
[1.304s] Level 1:colcon.colcon_core.package_identification:_identify(src/ros2_tutorials) by extension 'python_setup_py'
[1.305s] Level 1:colcon.colcon_core.package_identification:_identify(src/ros2_tutorials/tutorial_1) by extensions ['ignore', 'ignore_ament_install']
[1.305s] Level 1:colcon.colcon_core.package_identification:_identify(src/ros2_tutorials/tutorial_1) by extension 'ignore'
[1.306s] Level 1:colcon.colcon_core.package_identification:_identify(src/ros2_tutorials/tutorial_1) by extension 'ignore_ament_install'
[1.306s] Level 1:colcon.colcon_core.package_identification:_identify(src/ros2_tutorials/tutorial_1) by extensions ['colcon_pkg']
[1.306s] Level 1:colcon.colcon_core.package_identification:_identify(src/ros2_tutorials/tutorial_1) by extension 'colcon_pkg'
[1.306s] Level 1:colcon.colcon_core.package_identification:_identify(src/ros2_tutorials/tutorial_1) by extensions ['colcon_meta']
[1.307s] Level 1:colcon.colcon_core.package_identification:_identify(src/ros2_tutorials/tutorial_1) by extension 'colcon_meta'
[1.307s] Level 1:colcon.colcon_core.package_identification:_identify(src/ros2_tutorials/tutorial_1) by extensions ['ros']
[1.307s] Level 1:colcon.colcon_core.package_identification:_identify(src/ros2_tutorials/tutorial_1) by extension 'ros'
[1.307s] Level 1:colcon.colcon_core.package_identification:_identify(src/ros2_tutorials/tutorial_1) by extensions ['cmake', 'python']
[1.307s] Level 1:colcon.colcon_core.package_identification:_identify(src/ros2_tutorials/tutorial_1) by extension 'cmake'
[1.308s] Level 1:colcon.colcon_core.package_identification:_identify(src/ros2_tutorials/tutorial_1) by extension 'python'
[1.308s] Level 1:colcon.colcon_core.package_identification:_identify(src/ros2_tutorials/tutorial_1) by extensions ['python_setup_py']
[1.308s] Level 1:colcon.colcon_core.package_identification:_identify(src/ros2_tutorials/tutorial_1) by extension 'python_setup_py'
[1.308s] Level 1:colcon.colcon_core.package_identification:_identify(src/ros2_tutorials/tutorial_1/hello_world) by extensions ['ignore', 'ignore_ament_install']
[1.309s] Level 1:colcon.colcon_core.package_identification:_identify(src/ros2_tutorials/tutorial_1/hello_world) by extension 'ignore'
[1.309s] Level 1:colcon.colcon_core.package_identification:_identify(src/ros2_tutorials/tutorial_1/hello_world) by extension 'ignore_ament_install'
[1.309s] Level 1:colcon.colcon_core.package_identification:_identify(src/ros2_tutorials/tutorial_1/hello_world) by extensions ['colcon_pkg']
[1.309s] Level 1:colcon.colcon_core.package_identification:_identify(src/ros2_tutorials/tutorial_1/hello_world) by extension 'colcon_pkg'
[1.309s] Level 1:colcon.colcon_core.package_identification:_identify(src/ros2_tutorials/tutorial_1/hello_world) by extensions ['colcon_meta']
[1.309s] Level 1:colcon.colcon_core.package_identification:_identify(src/ros2_tutorials/tutorial_1/hello_world) by extension 'colcon_meta'
[1.310s] Level 1:colcon.colcon_core.package_identification:_identify(src/ros2_tutorials/tutorial_1/hello_world) by extensions ['ros']
[1.310s] Level 1:colcon.colcon_core.package_identification:_identify(src/ros2_tutorials/tutorial_1/hello_world) by extension 'ros'
[1.312s] DEBUG:colcon.colcon_core.package_identification:Package 'src/ros2_tutorials/tutorial_1/hello_world' with type 'ros.ament_python' and name 'hello_world'
[1.313s] Level 1:colcon.colcon_core.package_identification:_identify(src/ros2_tutorials/tutorial_2) by extensions ['ignore', 'ignore_ament_install']
[1.313s] Level 1:colcon.colcon_core.package_identification:_identify(src/ros2_tutorials/tutorial_2) by extension 'ignore'
[1.313s] Level 1:colcon.colcon_core.package_identification:_identify(src/ros2_tutorials/tutorial_2) by extension 'ignore_ament_install'
[1.314s] Level 1:colcon.colcon_core.package_identification:_identify(src/ros2_tutorials/tutorial_2) by extensions ['colcon_pkg']
[1.314s] Level 1:colcon.colcon_core.package_identification:_identify(src/ros2_tutorials/tutorial_2) by extension 'colcon_pkg'
[1.314s] Level 1:colcon.colcon_core.package_identification:_identify(src/ros2_tutorials/tutorial_2) by extensions ['colcon_meta']
[1.314s] Level 1:colcon.colcon_core.package_identification:_identify(src/ros2_tutorials/tutorial_2) by extension 'colcon_meta'
[1.314s] Level 1:colcon.colcon_core.package_identification:_identify(src/ros2_tutorials/tutorial_2) by extensions ['ros']
[1.314s] Level 1:colcon.colcon_core.package_identification:_identify(src/ros2_tutorials/tutorial_2) by extension 'ros'
[1.315s] Level 1:colcon.colcon_core.package_identification:_identify(src/ros2_tutorials/tutorial_2) by extensions ['cmake', 'python']
[1.315s] Level 1:colcon.colcon_core.package_identification:_identify(src/ros2_tutorials/tutorial_2) by extension 'cmake'
[1.315s] Level 1:colcon.colcon_core.package_identification:_identify(src/ros2_tutorials/tutorial_2) by extension 'python'
[1.315s] Level 1:colcon.colcon_core.package_identification:_identify(src/ros2_tutorials/tutorial_2) by extensions ['python_setup_py']
[1.315s] Level 1:colcon.colcon_core.package_identification:_identify(src/ros2_tutorials/tutorial_2) by extension 'python_setup_py'
[1.316s] Level 1:colcon.colcon_core.package_identification:_identify(src/ros2_tutorials/tutorial_2/lifecycle_demo) by extensions ['ignore', 'ignore_ament_install']
[1.316s] Level 1:colcon.colcon_core.package_identification:_identify(src/ros2_tutorials/tutorial_2/lifecycle_demo) by extension 'ignore'
[1.316s] Level 1:colcon.colcon_core.package_identification:_identify(src/ros2_tutorials/tutorial_2/lifecycle_demo) by extension 'ignore_ament_install'
[1.316s] Level 1:colcon.colcon_core.package_identification:_identify(src/ros2_tutorials/tutorial_2/lifecycle_demo) by extensions ['colcon_pkg']
[1.316s] Level 1:colcon.colcon_core.package_identification:_identify(src/ros2_tutorials/tutorial_2/lifecycle_demo) by extension 'colcon_pkg'
[1.317s] Level 1:colcon.colcon_core.package_identification:_identify(src/ros2_tutorials/tutorial_2/lifecycle_demo) by extensions ['colcon_meta']
[1.317s] Level 1:colcon.colcon_core.package_identification:_identify(src/ros2_tutorials/tutorial_2/lifecycle_demo) by extension 'colcon_meta'
[1.317s] Level 1:colcon.colcon_core.package_identification:_identify(src/ros2_tutorials/tutorial_2/lifecycle_demo) by extensions ['ros']
[1.317s] Level 1:colcon.colcon_core.package_identification:_identify(src/ros2_tutorials/tutorial_2/lifecycle_demo) by extension 'ros'
[1.320s] DEBUG:colcon.colcon_core.package_identification:Package 'src/ros2_tutorials/tutorial_2/lifecycle_demo' with type 'ros.ament_python' and name 'lifecycle_demo'
[1.320s] Level 1:colcon.colcon_core.package_identification:_identify(src/ros2_tutorials/tutorial_3) by extensions ['ignore', 'ignore_ament_install']
[1.321s] Level 1:colcon.colcon_core.package_identification:_identify(src/ros2_tutorials/tutorial_3) by extension 'ignore'
[1.321s] Level 1:colcon.colcon_core.package_identification:_identify(src/ros2_tutorials/tutorial_3) by extension 'ignore_ament_install'
[1.321s] Level 1:colcon.colcon_core.package_identification:_identify(src/ros2_tutorials/tutorial_3) by extensions ['colcon_pkg']
[1.322s] Level 1:colcon.colcon_core.package_identification:_identify(src/ros2_tutorials/tutorial_3) by extension 'colcon_pkg'
[1.322s] Level 1:colcon.colcon_core.package_identification:_identify(src/ros2_tutorials/tutorial_3) by extensions ['colcon_meta']
[1.322s] Level 1:colcon.colcon_core.package_identification:_identify(src/ros2_tutorials/tutorial_3) by extension 'colcon_meta'
[1.322s] Level 1:colcon.colcon_core.package_identification:_identify(src/ros2_tutorials/tutorial_3) by extensions ['ros']
[1.322s] Level 1:colcon.colcon_core.package_identification:_identify(src/ros2_tutorials/tutorial_3) by extension 'ros'
[1.323s] Level 1:colcon.colcon_core.package_identification:_identify(src/ros2_tutorials/tutorial_3) by extensions ['cmake', 'python']
[1.323s] Level 1:colcon.colcon_core.package_identification:_identify(src/ros2_tutorials/tutorial_3) by extension 'cmake'
[1.323s] Level 1:colcon.colcon_core.package_identification:_identify(src/ros2_tutorials/tutorial_3) by extension 'python'
[1.323s] Level 1:colcon.colcon_core.package_identification:_identify(src/ros2_tutorials/tutorial_3) by extensions ['python_setup_py']
[1.324s] Level 1:colcon.colcon_core.package_identification:_identify(src/ros2_tutorials/tutorial_3) by extension 'python_setup_py'
[1.324s] Level 1:colcon.colcon_core.package_identification:_identify(src/ros2_tutorials/tutorial_3/qos_demo) by extensions ['ignore', 'ignore_ament_install']
[1.324s] Level 1:colcon.colcon_core.package_identification:_identify(src/ros2_tutorials/tutorial_3/qos_demo) by extension 'ignore'
[1.325s] Level 1:colcon.colcon_core.package_identification:_identify(src/ros2_tutorials/tutorial_3/qos_demo) by extension 'ignore_ament_install'
[1.325s] Level 1:colcon.colcon_core.package_identification:_identify(src/ros2_tutorials/tutorial_3/qos_demo) by extensions ['colcon_pkg']
[1.325s] Level 1:colcon.colcon_core.package_identification:_identify(src/ros2_tutorials/tutorial_3/qos_demo) by extension 'colcon_pkg'
[1.325s] Level 1:colcon.colcon_core.package_identification:_identify(src/ros2_tutorials/tutorial_3/qos_demo) by extensions ['colcon_meta']
[1.325s] Level 1:colcon.colcon_core.package_identification:_identify(src/ros2_tutorials/tutorial_3/qos_demo) by extension 'colcon_meta'
[1.325s] Level 1:colcon.colcon_core.package_identification:_identify(src/ros2_tutorials/tutorial_3/qos_demo) by extensions ['ros']
[1.326s] Level 1:colcon.colcon_core.package_identification:_identify(src/ros2_tutorials/tutorial_3/qos_demo) by extension 'ros'
[1.328s] DEBUG:colcon.colcon_core.package_identification:Package 'src/ros2_tutorials/tutorial_3/qos_demo' with type 'ros.ament_python' and name 'qos_demo'
[1.328s] Level 1:colcon.colcon_core.package_identification:_identify(src/rplidar_scan) by extensions ['ignore', 'ignore_ament_install']
[1.329s] Level 1:colcon.colcon_core.package_identification:_identify(src/rplidar_scan) by extension 'ignore'
[1.329s] Level 1:colcon.colcon_core.package_identification:_identify(src/rplidar_scan) by extension 'ignore_ament_install'
[1.329s] Level 1:colcon.colcon_core.package_identification:_identify(src/rplidar_scan) by extensions ['colcon_pkg']
[1.329s] Level 1:colcon.colcon_core.package_identification:_identify(src/rplidar_scan) by extension 'colcon_pkg'
[1.329s] Level 1:colcon.colcon_core.package_identification:_identify(src/rplidar_scan) by extensions ['colcon_meta']
[1.330s] Level 1:colcon.colcon_core.package_identification:_identify(src/rplidar_scan) by extension 'colcon_meta'
[1.330s] Level 1:colcon.colcon_core.package_identification:_identify(src/rplidar_scan) by extensions ['ros']
[1.330s] Level 1:colcon.colcon_core.package_identification:_identify(src/rplidar_scan) by extension 'ros'
[1.332s] DEBUG:colcon.colcon_core.package_identification:Package 'src/rplidar_scan' with type 'ros.ament_python' and name 'rplidar_scan'
[1.332s] Level 1:colcon.colcon_core.package_discovery:discover_packages(recursive) using defaults
[1.332s] Level 1:colcon.colcon_core.package_discovery:discover_packages(ignore) discover
[1.332s] Level 1:colcon.colcon_core.package_discovery:discover_packages(ignore) using defaults
[1.332s] Level 1:colcon.colcon_core.package_discovery:discover_packages(path) discover
[1.332s] Level 1:colcon.colcon_core.package_discovery:discover_packages(path) using defaults
[1.396s] INFO:colcon.colcon_core.package_selection:Skipping not selected package 'hello_world' in 'src/ros2_tutorials/tutorial_1/hello_world'
[1.396s] INFO:colcon.colcon_core.package_selection:Skipping not selected package 'lifecycle_demo' in 'src/ros2_tutorials/tutorial_2/lifecycle_demo'
[1.396s] INFO:colcon.colcon_core.package_selection:Skipping not selected package 'pirobot' in 'src/pirobot'
[1.396s] INFO:colcon.colcon_core.package_selection:Skipping not selected package 'qos_demo' in 'src/ros2_tutorials/tutorial_3/qos_demo'
[1.397s] INFO:colcon.colcon_core.package_selection:Skipping not selected package 'rplidar_scan' in 'src/rplidar_scan'
[1.398s] Level 5:colcon.colcon_core.verb:set package 'pirobot2' build argument 'cmake_args' from command line to 'None'
[1.398s] Level 5:colcon.colcon_core.verb:set package 'pirobot2' build argument 'cmake_target' from command line to 'None'
[1.398s] Level 5:colcon.colcon_core.verb:set package 'pirobot2' build argument 'cmake_target_skip_unavailable' from command line to 'False'
[1.399s] Level 5:colcon.colcon_core.verb:set package 'pirobot2' build argument 'cmake_clean_cache' from command line to 'False'
[1.399s] Level 5:colcon.colcon_core.verb:set package 'pirobot2' build argument 'cmake_clean_first' from command line to 'False'
[1.399s] Level 5:colcon.colcon_core.verb:set package 'pirobot2' build argument 'cmake_force_configure' from command line to 'False'
[1.399s] Level 5:colcon.colcon_core.verb:set package 'pirobot2' build argument 'ament_cmake_args' from command line to 'None'
[1.399s] Level 5:colcon.colcon_core.verb:set package 'pirobot2' build argument 'catkin_cmake_args' from command line to 'None'
[1.399s] Level 5:colcon.colcon_core.verb:set package 'pirobot2' build argument 'catkin_skip_building_tests' from command line to 'False'
[1.399s] DEBUG:colcon.colcon_core.verb:Building package 'pirobot2' with the following arguments: {'ament_cmake_args': None, 'build_base': '/home/pi/Raspi_codes/ROS2/build/pirobot2', 'catkin_cmake_args': None, 'catkin_skip_building_tests': False, 'cmake_args': None, 'cmake_clean_cache': False, 'cmake_clean_first': False, 'cmake_force_configure': False, 'cmake_target': None, 'cmake_target_skip_unavailable': False, 'install_base': '/home/pi/Raspi_codes/ROS2/install/pirobot2', 'merge_install': False, 'path': '/home/pi/Raspi_codes/ROS2/src/pirobot2', 'symlink_install': True, 'test_result_base': None}
[1.400s] INFO:colcon.colcon_core.executor:Executing jobs using 'parallel' executor
[1.404s] DEBUG:colcon.colcon_parallel_executor.executor.parallel:run_until_complete
[1.404s] INFO:colcon.colcon_ros.task.ament_python.build:Building ROS package in '/home/pi/Raspi_codes/ROS2/src/pirobot2' with build type 'ament_python'
[1.405s] Level 1:colcon.colcon_core.shell:create_environment_hook('pirobot2', 'ament_prefix_path')
[1.414s] INFO:colcon.colcon_core.plugin_system:Skipping extension 'colcon_core.shell.bat': Not used on non-Windows systems
[1.415s] INFO:colcon.colcon_core.shell:Creating environment hook '/home/pi/Raspi_codes/ROS2/install/pirobot2/share/pirobot2/hook/ament_prefix_path.ps1'
[1.418s] INFO:colcon.colcon_core.shell:Creating environment descriptor '/home/pi/Raspi_codes/ROS2/install/pirobot2/share/pirobot2/hook/ament_prefix_path.dsv'
[1.420s] INFO:colcon.colcon_core.shell:Creating environment hook '/home/pi/Raspi_codes/ROS2/install/pirobot2/share/pirobot2/hook/ament_prefix_path.sh'
[1.423s] INFO:colcon.colcon_core.shell:Skip shell extension 'powershell' for command environment: Not usable outside of PowerShell
[1.424s] DEBUG:colcon.colcon_core.shell:Skip shell extension 'dsv' for command environment
[2.847s] INFO:colcon.colcon_core.task.python.build:Building Python package in '/home/pi/Raspi_codes/ROS2/src/pirobot2'
[2.847s] INFO:colcon.colcon_core.shell:Skip shell extension 'powershell' for command environment: Not usable outside of PowerShell
[2.848s] DEBUG:colcon.colcon_core.shell:Skip shell extension 'dsv' for command environment
[5.458s] DEBUG:colcon.colcon_core.event_handler.log_command:Invoking command in '/home/pi/Raspi_codes/ROS2/build/pirobot2': PYTHONPATH=/home/pi/Raspi_codes/ROS2/build/pirobot2/prefix_override:/usr/local/lib/python3.11/dist-packages/colcon_core/task/python/colcon_distutils_commands:/home/pi/Raspi_codes/ROS2/install/pirobot2/lib/python3.11/site-packages:${PYTHONPATH} /usr/bin/python3 -W ignore:setup.py install is deprecated -W ignore:easy_install command is deprecated setup.py develop --editable --build-directory /home/pi/Raspi_codes/ROS2/build/pirobot2/build --no-deps symlink_data
[8.272s] Level 1:colcon.colcon_core.shell:create_environment_hook('pirobot2', 'pythonpath_develop')
[8.273s] INFO:colcon.colcon_core.shell:Creating environment hook '/home/pi/Raspi_codes/ROS2/build/pirobot2/share/pirobot2/hook/pythonpath_develop.ps1'
[8.275s] DEBUG:colcon.colcon_core.event_handler.log_command:Invoked command in '/home/pi/Raspi_codes/ROS2/build/pirobot2' returned '0': PYTHONPATH=/home/pi/Raspi_codes/ROS2/build/pirobot2/prefix_override:/usr/local/lib/python3.11/dist-packages/colcon_core/task/python/colcon_distutils_commands:/home/pi/Raspi_codes/ROS2/install/pirobot2/lib/python3.11/site-packages:${PYTHONPATH} /usr/bin/python3 -W ignore:setup.py install is deprecated -W ignore:easy_install command is deprecated setup.py develop --editable --build-directory /home/pi/Raspi_codes/ROS2/build/pirobot2/build --no-deps symlink_data
[8.278s] INFO:colcon.colcon_core.shell:Creating environment descriptor '/home/pi/Raspi_codes/ROS2/build/pirobot2/share/pirobot2/hook/pythonpath_develop.dsv'
[8.283s] INFO:colcon.colcon_core.shell:Creating environment hook '/home/pi/Raspi_codes/ROS2/build/pirobot2/share/pirobot2/hook/pythonpath_develop.sh'
[8.293s] Level 1:colcon.colcon_core.environment:checking '/home/pi/Raspi_codes/ROS2/install/pirobot2' for CMake module files
[8.294s] Level 1:colcon.colcon_core.environment:checking '/home/pi/Raspi_codes/ROS2/install/pirobot2' for CMake config files
[8.297s] Level 1:colcon.colcon_core.environment:checking '/home/pi/Raspi_codes/ROS2/install/pirobot2/lib'
[8.299s] Level 1:colcon.colcon_core.environment:checking '/home/pi/Raspi_codes/ROS2/install/pirobot2/bin'
[8.299s] Level 1:colcon.colcon_core.environment:checking '/home/pi/Raspi_codes/ROS2/install/pirobot2/lib/pkgconfig/pirobot2.pc'
[8.300s] Level 1:colcon.colcon_core.environment:checking '/home/pi/Raspi_codes/ROS2/install/pirobot2/lib/python3.11/site-packages'
[8.300s] Level 1:colcon.colcon_core.shell:create_environment_hook('pirobot2', 'pythonpath')
[8.301s] INFO:colcon.colcon_core.shell:Creating environment hook '/home/pi/Raspi_codes/ROS2/install/pirobot2/share/pirobot2/hook/pythonpath.ps1'
[8.304s] INFO:colcon.colcon_core.shell:Creating environment descriptor '/home/pi/Raspi_codes/ROS2/install/pirobot2/share/pirobot2/hook/pythonpath.dsv'
[8.306s] INFO:colcon.colcon_core.shell:Creating environment hook '/home/pi/Raspi_codes/ROS2/install/pirobot2/share/pirobot2/hook/pythonpath.sh'
[8.318s] Level 1:colcon.colcon_core.environment:checking '/home/pi/Raspi_codes/ROS2/install/pirobot2/bin'
[8.318s] Level 1:colcon.colcon_core.environment:create_environment_scripts_only(pirobot2)
[8.319s] INFO:colcon.colcon_core.shell:Creating package script '/home/pi/Raspi_codes/ROS2/install/pirobot2/share/pirobot2/package.ps1'
[8.322s] INFO:colcon.colcon_core.shell:Creating package descriptor '/home/pi/Raspi_codes/ROS2/install/pirobot2/share/pirobot2/package.dsv'
[8.326s] INFO:colcon.colcon_core.shell:Creating package script '/home/pi/Raspi_codes/ROS2/install/pirobot2/share/pirobot2/package.sh'
[8.329s] INFO:colcon.colcon_core.shell:Creating package script '/home/pi/Raspi_codes/ROS2/install/pirobot2/share/pirobot2/package.bash'
[8.331s] INFO:colcon.colcon_core.shell:Creating package script '/home/pi/Raspi_codes/ROS2/install/pirobot2/share/pirobot2/package.zsh'
[8.337s] Level 1:colcon.colcon_core.environment:create_file_with_runtime_dependencies(/home/pi/Raspi_codes/ROS2/install/pirobot2/share/colcon-core/packages/pirobot2)
[8.341s] DEBUG:colcon.colcon_parallel_executor.executor.parallel:closing loop
[8.342s] DEBUG:colcon.colcon_parallel_executor.executor.parallel:loop closed
[8.342s] DEBUG:colcon.colcon_parallel_executor.executor.parallel:run_until_complete finished with '0'
[8.343s] DEBUG:colcon.colcon_core.event_reactor:joining thread
[8.363s] INFO:colcon.colcon_core.plugin_system:Skipping extension 'colcon_notification.desktop_notification.notify_send': Could not find 'notify-send'
[8.364s] INFO:colcon.colcon_core.plugin_system:Skipping extension 'colcon_notification.desktop_notification.terminal_notifier': Not used on non-Darwin systems
[8.364s] INFO:colcon.colcon_core.plugin_system:Skipping extension 'colcon_notification.desktop_notification.win32': Not used on non-Windows systems
[8.364s] INFO:colcon.colcon_notification.desktop_notification:Sending desktop notification using 'notify2'
[8.367s] DEBUG:colcon.colcon_notification.desktop_notification.notify2:Failed to initialize notify2: org.freedesktop.DBus.Error.ServiceUnknown: The name org.freedesktop.Notifications was not provided by any .service files
[8.368s] DEBUG:colcon.colcon_core.event_reactor:joined thread
[8.369s] INFO:colcon.colcon_core.shell:Creating prefix script '/home/pi/Raspi_codes/ROS2/install/local_setup.ps1'
[8.372s] INFO:colcon.colcon_core.shell:Creating prefix util module '/home/pi/Raspi_codes/ROS2/install/_local_setup_util_ps1.py'
[8.379s] INFO:colcon.colcon_core.shell:Creating prefix chain script '/home/pi/Raspi_codes/ROS2/install/setup.ps1'
[8.382s] INFO:colcon.colcon_core.shell:Creating prefix script '/home/pi/Raspi_codes/ROS2/install/local_setup.sh'
[8.389s] INFO:colcon.colcon_core.shell:Creating prefix util module '/home/pi/Raspi_codes/ROS2/install/_local_setup_util_sh.py'
[8.392s] INFO:colcon.colcon_core.shell:Creating prefix chain script '/home/pi/Raspi_codes/ROS2/install/setup.sh'
[8.395s] INFO:colcon.colcon_core.shell:Creating prefix script '/home/pi/Raspi_codes/ROS2/install/local_setup.bash'
[8.398s] INFO:colcon.colcon_core.shell:Creating prefix chain script '/home/pi/Raspi_codes/ROS2/install/setup.bash'
[8.409s] INFO:colcon.colcon_core.shell:Creating prefix script '/home/pi/Raspi_codes/ROS2/install/local_setup.zsh'
[8.412s] INFO:colcon.colcon_core.shell:Creating prefix chain script '/home/pi/Raspi_codes/ROS2/install/setup.zsh'
