[4.115s] Invoking command in '/home/pi/Raspi_codes/ROS2/src/pirobot2': PYTHONPATH=/home/pi/Raspi_codes/ROS2/build/pirobot2/prefix_override:/usr/local/lib/python3.11/dist-packages/colcon_core/task/python/colcon_distutils_commands:/home/pi/Raspi_codes/ROS2/install/pirobot2/lib/python3.11/site-packages:${PYTHONPATH} /usr/bin/python3 -W ignore:setup.py install is deprecated -W ignore:easy_install command is deprecated setup.py egg_info --egg-base ../../build/pirobot2 build --build-base /home/pi/Raspi_codes/ROS2/build/pirobot2/build install --record /home/pi/Raspi_codes/ROS2/build/pirobot2/install.log --single-version-externally-managed install_data
[5.447s] running egg_info
[5.511s] writing ../../build/pirobot2/pirobot2.egg-info/PKG-INFO
[5.512s] writing dependency_links to ../../build/pirobot2/pirobot2.egg-info/dependency_links.txt
[5.517s] writing entry points to ../../build/pirobot2/pirobot2.egg-info/entry_points.txt
[5.518s] writing requirements to ../../build/pirobot2/pirobot2.egg-info/requires.txt
[5.518s] writing top-level names to ../../build/pirobot2/pirobot2.egg-info/top_level.txt
[5.645s] reading manifest file '../../build/pirobot2/pirobot2.egg-info/SOURCES.txt'
[5.650s] adding license file 'LICENSE'
[5.652s] writing manifest file '../../build/pirobot2/pirobot2.egg-info/SOURCES.txt'
[5.653s] running build
[5.654s] running build_py
[5.655s] copying pirobot2/scan_imu_slam.py -> /home/pi/Raspi_codes/ROS2/build/pirobot2/build/lib/pirobot2
[5.656s] running install
[5.677s] running install_lib
[5.740s] copying /home/pi/Raspi_codes/ROS2/build/pirobot2/build/lib/pirobot2/scan_imu_slam.py -> /home/pi/Raspi_codes/ROS2/install/pirobot2/lib/python3.11/site-packages/pirobot2
[5.743s] byte-compiling /home/pi/Raspi_codes/ROS2/install/pirobot2/lib/python3.11/site-packages/pirobot2/scan_imu_slam.py to scan_imu_slam.cpython-311.pyc
[5.751s] running install_data
[5.751s] copying package.xml -> /home/pi/Raspi_codes/ROS2/install/pirobot2/share/pirobot2
[5.753s] copying launch/scan_imu_slam.launch.py -> /home/pi/Raspi_codes/ROS2/install/pirobot2/share/pirobot2/launch
[5.754s] copying rviz/slam_map.rviz -> /home/pi/Raspi_codes/ROS2/install/pirobot2/share/pirobot2/rviz
[5.754s] running install_egg_info
[5.820s] removing '/home/pi/Raspi_codes/ROS2/install/pirobot2/lib/python3.11/site-packages/pirobot2-0.0.0-py3.11.egg-info' (and everything under it)
[5.821s] Copying ../../build/pirobot2/pirobot2.egg-info to /home/pi/Raspi_codes/ROS2/install/pirobot2/lib/python3.11/site-packages/pirobot2-0.0.0-py3.11.egg-info
[5.828s] running install_scripts
[6.087s] Installing imu_publisher_node script to /home/pi/Raspi_codes/ROS2/install/pirobot2/lib/pirobot2
[6.088s] Installing lidar_publisher_node script to /home/pi/Raspi_codes/ROS2/install/pirobot2/lib/pirobot2
[6.092s] Installing motion_subscriber_node script to /home/pi/Raspi_codes/ROS2/install/pirobot2/lib/pirobot2
[6.093s] Installing obstacle_avoidance_node script to /home/pi/Raspi_codes/ROS2/install/pirobot2/lib/pirobot2
[6.093s] Installing pirobot2 script to /home/pi/Raspi_codes/ROS2/install/pirobot2/lib/pirobot2
[6.096s] Installing scan_imu_slam_node script to /home/pi/Raspi_codes/ROS2/install/pirobot2/lib/pirobot2
[6.097s] Installing serial_bridge_node script to /home/pi/Raspi_codes/ROS2/install/pirobot2/lib/pirobot2
[6.098s] Installing teleop_keyboard_node script to /home/pi/Raspi_codes/ROS2/install/pirobot2/lib/pirobot2
[6.099s] Installing ultrasonic_publisher_node script to /home/pi/Raspi_codes/ROS2/install/pirobot2/lib/pirobot2
[6.101s] writing list of installed files to '/home/pi/Raspi_codes/ROS2/build/pirobot2/install.log'
[6.289s] Invoked command in '/home/pi/Raspi_codes/ROS2/src/pirobot2' returned '0': PYTHONPATH=/home/pi/Raspi_codes/ROS2/build/pirobot2/prefix_override:/usr/local/lib/python3.11/dist-packages/colcon_core/task/python/colcon_distutils_commands:/home/pi/Raspi_codes/ROS2/install/pirobot2/lib/python3.11/site-packages:${PYTHONPATH} /usr/bin/python3 -W ignore:setup.py install is deprecated -W ignore:easy_install command is deprecated setup.py egg_info --egg-base ../../build/pirobot2 build --build-base /home/pi/Raspi_codes/ROS2/build/pirobot2/build install --record /home/pi/Raspi_codes/ROS2/build/pirobot2/install.log --single-version-externally-managed install_data
