[3.722s] Invoking command in '/home/pi/Raspi_codes/ROS2/build/pirobot2': PYTHONPATH=/home/pi/Raspi_codes/ROS2/build/pirobot2/prefix_override:/usr/local/lib/python3.11/dist-packages/colcon_core/task/python/colcon_distutils_commands:/home/pi/Raspi_codes/ROS2/install/pirobot2/lib/python3.11/site-packages:${PYTHONPATH} /usr/bin/python3 -W ignore:setup.py install is deprecated -W ignore:easy_install command is deprecated setup.py develop --uninstall --editable --build-directory /home/pi/Raspi_codes/ROS2/build/pirobot2/build
[4.952s] running develop
[5.768s] Removing /home/pi/Raspi_codes/ROS2/install/pirobot2/lib/python3.11/site-packages/pirobot2.egg-link (link to .)
[5.986s] Invoked command in '/home/pi/Raspi_codes/ROS2/build/pirobot2' returned '0': PYTHONPATH=/home/pi/Raspi_codes/ROS2/build/pirobot2/prefix_override:/usr/local/lib/python3.11/dist-packages/colcon_core/task/python/colcon_distutils_commands:/home/pi/Raspi_codes/ROS2/install/pirobot2/lib/python3.11/site-packages:${PYTHONPATH} /usr/bin/python3 -W ignore:setup.py install is deprecated -W ignore:easy_install command is deprecated setup.py develop --uninstall --editable --build-directory /home/pi/Raspi_codes/ROS2/build/pirobot2/build
[5.987s] Invoking command in '/home/pi/Raspi_codes/ROS2/src/pirobot2': PYTHONPATH=/home/pi/Raspi_codes/ROS2/build/pirobot2/prefix_override:/usr/local/lib/python3.11/dist-packages/colcon_core/task/python/colcon_distutils_commands:/home/pi/Raspi_codes/ROS2/install/pirobot2/lib/python3.11/site-packages:${PYTHONPATH} /usr/bin/python3 -W ignore:setup.py install is deprecated -W ignore:easy_install command is deprecated setup.py egg_info --egg-base ../../build/pirobot2 build --build-base /home/pi/Raspi_codes/ROS2/build/pirobot2/build install --record /home/pi/Raspi_codes/ROS2/build/pirobot2/install.log --single-version-externally-managed install_data --force
[7.450s] running egg_info
[7.514s] writing ../../build/pirobot2/pirobot2.egg-info/PKG-INFO
[7.516s] writing dependency_links to ../../build/pirobot2/pirobot2.egg-info/dependency_links.txt
[7.519s] writing entry points to ../../build/pirobot2/pirobot2.egg-info/entry_points.txt
[7.520s] writing requirements to ../../build/pirobot2/pirobot2.egg-info/requires.txt
[7.521s] writing top-level names to ../../build/pirobot2/pirobot2.egg-info/top_level.txt
[7.646s] reading manifest file '../../build/pirobot2/pirobot2.egg-info/SOURCES.txt'
[7.648s] adding license file 'LICENSE'
[7.650s] writing manifest file '../../build/pirobot2/pirobot2.egg-info/SOURCES.txt'
[7.651s] running build
[7.652s] running build_py
[7.654s] running install
[7.674s] running install_lib
[7.738s] creating /home/pi/Raspi_codes/ROS2/install/pirobot2/lib/python3.11/site-packages/pirobot2
[7.740s] copying /home/pi/Raspi_codes/ROS2/build/pirobot2/build/lib/pirobot2/ultrasonic_publisher.py -> /home/pi/Raspi_codes/ROS2/install/pirobot2/lib/python3.11/site-packages/pirobot2
[7.740s] copying /home/pi/Raspi_codes/ROS2/build/pirobot2/build/lib/pirobot2/serial_bridge.py -> /home/pi/Raspi_codes/ROS2/install/pirobot2/lib/python3.11/site-packages/pirobot2
[7.742s] copying /home/pi/Raspi_codes/ROS2/build/pirobot2/build/lib/pirobot2/imu_publisher.py -> /home/pi/Raspi_codes/ROS2/install/pirobot2/lib/python3.11/site-packages/pirobot2
[7.742s] copying /home/pi/Raspi_codes/ROS2/build/pirobot2/build/lib/pirobot2/teleop_keyboard.py -> /home/pi/Raspi_codes/ROS2/install/pirobot2/lib/python3.11/site-packages/pirobot2
[7.743s] copying /home/pi/Raspi_codes/ROS2/build/pirobot2/build/lib/pirobot2/scan_imu_slam.py -> /home/pi/Raspi_codes/ROS2/install/pirobot2/lib/python3.11/site-packages/pirobot2
[7.743s] copying /home/pi/Raspi_codes/ROS2/build/pirobot2/build/lib/pirobot2/motion_subscriber.py -> /home/pi/Raspi_codes/ROS2/install/pirobot2/lib/python3.11/site-packages/pirobot2
[7.744s] copying /home/pi/Raspi_codes/ROS2/build/pirobot2/build/lib/pirobot2/lidar_publisher.py -> /home/pi/Raspi_codes/ROS2/install/pirobot2/lib/python3.11/site-packages/pirobot2
[7.744s] copying /home/pi/Raspi_codes/ROS2/build/pirobot2/build/lib/pirobot2/pirobot2.py -> /home/pi/Raspi_codes/ROS2/install/pirobot2/lib/python3.11/site-packages/pirobot2
[7.745s] copying /home/pi/Raspi_codes/ROS2/build/pirobot2/build/lib/pirobot2/__init__.py -> /home/pi/Raspi_codes/ROS2/install/pirobot2/lib/python3.11/site-packages/pirobot2
[7.745s] copying /home/pi/Raspi_codes/ROS2/build/pirobot2/build/lib/pirobot2/obstacle_avoidance.py -> /home/pi/Raspi_codes/ROS2/install/pirobot2/lib/python3.11/site-packages/pirobot2
[7.746s] byte-compiling /home/pi/Raspi_codes/ROS2/install/pirobot2/lib/python3.11/site-packages/pirobot2/ultrasonic_publisher.py to ultrasonic_publisher.cpython-311.pyc
[7.750s] byte-compiling /home/pi/Raspi_codes/ROS2/install/pirobot2/lib/python3.11/site-packages/pirobot2/serial_bridge.py to serial_bridge.cpython-311.pyc
[7.755s] byte-compiling /home/pi/Raspi_codes/ROS2/install/pirobot2/lib/python3.11/site-packages/pirobot2/imu_publisher.py to imu_publisher.cpython-311.pyc
[7.762s] byte-compiling /home/pi/Raspi_codes/ROS2/install/pirobot2/lib/python3.11/site-packages/pirobot2/teleop_keyboard.py to teleop_keyboard.cpython-311.pyc
[7.765s] byte-compiling /home/pi/Raspi_codes/ROS2/install/pirobot2/lib/python3.11/site-packages/pirobot2/scan_imu_slam.py to scan_imu_slam.cpython-311.pyc
[7.773s] byte-compiling /home/pi/Raspi_codes/ROS2/install/pirobot2/lib/python3.11/site-packages/pirobot2/motion_subscriber.py to motion_subscriber.cpython-311.pyc
[7.776s] byte-compiling /home/pi/Raspi_codes/ROS2/install/pirobot2/lib/python3.11/site-packages/pirobot2/lidar_publisher.py to lidar_publisher.cpython-311.pyc
[7.781s] byte-compiling /home/pi/Raspi_codes/ROS2/install/pirobot2/lib/python3.11/site-packages/pirobot2/pirobot2.py to pirobot2.cpython-311.pyc
[7.782s] byte-compiling /home/pi/Raspi_codes/ROS2/install/pirobot2/lib/python3.11/site-packages/pirobot2/__init__.py to __init__.cpython-311.pyc
[7.782s] byte-compiling /home/pi/Raspi_codes/ROS2/install/pirobot2/lib/python3.11/site-packages/pirobot2/obstacle_avoidance.py to obstacle_avoidance.cpython-311.pyc
[7.786s] running install_data
[7.787s] copying resource/pirobot2 -> /home/pi/Raspi_codes/ROS2/install/pirobot2/share/ament_index/resource_index/packages
[7.787s] copying package.xml -> /home/pi/Raspi_codes/ROS2/install/pirobot2/share/pirobot2
[7.788s] copying launch/lidar_rviz_client.launch.py -> /home/pi/Raspi_codes/ROS2/install/pirobot2/share/pirobot2/launch
[7.789s] copying launch/imu_publisher.launch.py -> /home/pi/Raspi_codes/ROS2/install/pirobot2/share/pirobot2/launch
[7.791s] copying launch/obstacle_avoidance.launch.py -> /home/pi/Raspi_codes/ROS2/install/pirobot2/share/pirobot2/launch
[7.791s] copying launch/lidar_imu_rviz_client.launch.py -> /home/pi/Raspi_codes/ROS2/install/pirobot2/share/pirobot2/launch
[7.791s] copying launch/serial_bridge.launch.py -> /home/pi/Raspi_codes/ROS2/install/pirobot2/share/pirobot2/launch
[7.792s] copying launch/lidar_publisher.launch.py -> /home/pi/Raspi_codes/ROS2/install/pirobot2/share/pirobot2/launch
[7.793s] copying launch/motion_teleop.launch.py -> /home/pi/Raspi_codes/ROS2/install/pirobot2/share/pirobot2/launch
[7.794s] copying launch/scan_imu_slam.launch.py -> /home/pi/Raspi_codes/ROS2/install/pirobot2/share/pirobot2/launch
[7.795s] copying rviz/lidar_imu_combined.rviz -> /home/pi/Raspi_codes/ROS2/install/pirobot2/share/pirobot2/rviz
[7.795s] copying rviz/lidar_scan.rviz -> /home/pi/Raspi_codes/ROS2/install/pirobot2/share/pirobot2/rviz
[7.796s] copying rviz/slam_map.rviz -> /home/pi/Raspi_codes/ROS2/install/pirobot2/share/pirobot2/rviz
[7.796s] running install_egg_info
[7.862s] Copying ../../build/pirobot2/pirobot2.egg-info to /home/pi/Raspi_codes/ROS2/install/pirobot2/lib/python3.11/site-packages/pirobot2-0.0.0-py3.11.egg-info
[7.864s] running install_scripts
[8.124s] Installing imu_publisher_node script to /home/pi/Raspi_codes/ROS2/install/pirobot2/lib/pirobot2
[8.124s] Installing lidar_publisher_node script to /home/pi/Raspi_codes/ROS2/install/pirobot2/lib/pirobot2
[8.127s] Installing motion_subscriber_node script to /home/pi/Raspi_codes/ROS2/install/pirobot2/lib/pirobot2
[8.128s] Installing obstacle_avoidance_node script to /home/pi/Raspi_codes/ROS2/install/pirobot2/lib/pirobot2
[8.129s] Installing pirobot2 script to /home/pi/Raspi_codes/ROS2/install/pirobot2/lib/pirobot2
[8.129s] Installing scan_imu_slam_node script to /home/pi/Raspi_codes/ROS2/install/pirobot2/lib/pirobot2
[8.130s] Installing serial_bridge_node script to /home/pi/Raspi_codes/ROS2/install/pirobot2/lib/pirobot2
[8.131s] Installing teleop_keyboard_node script to /home/pi/Raspi_codes/ROS2/install/pirobot2/lib/pirobot2
[8.132s] Installing ultrasonic_publisher_node script to /home/pi/Raspi_codes/ROS2/install/pirobot2/lib/pirobot2
[8.133s] writing list of installed files to '/home/pi/Raspi_codes/ROS2/build/pirobot2/install.log'
[8.324s] Invoked command in '/home/pi/Raspi_codes/ROS2/src/pirobot2' returned '0': PYTHONPATH=/home/pi/Raspi_codes/ROS2/build/pirobot2/prefix_override:/usr/local/lib/python3.11/dist-packages/colcon_core/task/python/colcon_distutils_commands:/home/pi/Raspi_codes/ROS2/install/pirobot2/lib/python3.11/site-packages:${PYTHONPATH} /usr/bin/python3 -W ignore:setup.py install is deprecated -W ignore:easy_install command is deprecated setup.py egg_info --egg-base ../../build/pirobot2 build --build-base /home/pi/Raspi_codes/ROS2/build/pirobot2/build install --record /home/pi/Raspi_codes/ROS2/build/pirobot2/install.log --single-version-externally-managed install_data --force
