[3.578s] Invoking command in '/home/pi/Raspi_codes/ROS2/build/pirobot': PS1=(yolov8env) \[\e]0;\u@\h: \w\a\]${debian_chroot:+($debian_chroot)}\[\033[01;32m\]\u@\h\[\033[00m\]:\[\033[01;34m\]\w \$\[\033[00m\] PYTHONPATH=/home/pi/Raspi_codes/ROS2/build/pirobot/prefix_override:/usr/local/lib/python3.11/dist-packages/colcon_core/task/python/colcon_distutils_commands:/home/pi/Raspi_codes/ROS2/install/pirobot/lib/python3.11/site-packages:${PYTHONPATH} VIRTUAL_ENV_PROMPT=(yolov8env) /usr/bin/python3 -W ignore:setup.py install is deprecated -W ignore:easy_install command is deprecated setup.py develop --editable --build-directory /home/pi/Raspi_codes/ROS2/build/pirobot/build --no-deps symlink_data
[4.804s] running develop
[5.586s] running egg_info
[5.646s] writing pirobot.egg-info/PKG-INFO
[5.647s] writing dependency_links to pirobot.egg-info/dependency_links.txt
[5.651s] writing entry points to pirobot.egg-info/entry_points.txt
[5.652s] writing requirements to pirobot.egg-info/requires.txt
[5.652s] writing top-level names to pirobot.egg-info/top_level.txt
[5.778s] reading manifest file 'pirobot.egg-info/SOURCES.txt'
[5.783s] writing manifest file 'pirobot.egg-info/SOURCES.txt'
[5.847s] running build_ext
[5.848s] Creating /home/pi/Raspi_codes/ROS2/install/pirobot/lib/python3.11/site-packages/pirobot.egg-link (link to .)
[5.850s] Installing aoclient script to /home/pi/Raspi_codes/ROS2/install/pirobot/lib/pirobot
[5.851s] Installing aoservice script to /home/pi/Raspi_codes/ROS2/install/pirobot/lib/pirobot
[5.851s] Installing handpub script to /home/pi/Raspi_codes/ROS2/install/pirobot/lib/pirobot
[5.853s] Installing imagepub script to /home/pi/Raspi_codes/ROS2/install/pirobot/lib/pirobot
[5.854s] Installing imagesub script to /home/pi/Raspi_codes/ROS2/install/pirobot/lib/pirobot
[5.854s] Installing keypub script to /home/pi/Raspi_codes/ROS2/install/pirobot/lib/pirobot
[5.855s] Installing motionsub script to /home/pi/Raspi_codes/ROS2/install/pirobot/lib/pirobot
[5.855s] 
[5.857s] Installed /home/pi/Raspi_codes/ROS2/build/pirobot
[5.859s] running symlink_data
[6.063s] Invoked command in '/home/pi/Raspi_codes/ROS2/build/pirobot' returned '0': PS1=(yolov8env) \[\e]0;\u@\h: \w\a\]${debian_chroot:+($debian_chroot)}\[\033[01;32m\]\u@\h\[\033[00m\]:\[\033[01;34m\]\w \$\[\033[00m\] PYTHONPATH=/home/pi/Raspi_codes/ROS2/build/pirobot/prefix_override:/usr/local/lib/python3.11/dist-packages/colcon_core/task/python/colcon_distutils_commands:/home/pi/Raspi_codes/ROS2/install/pirobot/lib/python3.11/site-packages:${PYTHONPATH} VIRTUAL_ENV_PROMPT=(yolov8env) /usr/bin/python3 -W ignore:setup.py install is deprecated -W ignore:easy_install command is deprecated setup.py develop --editable --build-directory /home/pi/Raspi_codes/ROS2/build/pirobot/build --no-deps symlink_data
