running egg_info
creating ../../build/rplidar_scan/rplidar_scan.egg-info
writing ../../build/rplidar_scan/rplidar_scan.egg-info/PKG-INFO
writing dependency_links to ../../build/rplidar_scan/rplidar_scan.egg-info/dependency_links.txt
writing entry points to ../../build/rplidar_scan/rplidar_scan.egg-info/entry_points.txt
writing requirements to ../../build/rplidar_scan/rplidar_scan.egg-info/requires.txt
writing top-level names to ../../build/rplidar_scan/rplidar_scan.egg-info/top_level.txt
writing manifest file '../../build/rplidar_scan/rplidar_scan.egg-info/SOURCES.txt'
reading manifest file '../../build/rplidar_scan/rplidar_scan.egg-info/SOURCES.txt'
writing manifest file '../../build/rplidar_scan/rplidar_scan.egg-info/SOURCES.txt'
running build
running install
running install_data
creating /home/pi/Raspi_codes/ROS2/install/rplidar_scan/share/ament_index
creating /home/pi/Raspi_codes/ROS2/install/rplidar_scan/share/ament_index/resource_index
creating /home/pi/Raspi_codes/ROS2/install/rplidar_scan/share/ament_index/resource_index/packages
copying resource/rplidar_scan -> /home/pi/Raspi_codes/ROS2/install/rplidar_scan/share/ament_index/resource_index/packages
copying package.xml -> /home/pi/Raspi_codes/ROS2/install/rplidar_scan/share/rplidar_scan
creating /home/pi/Raspi_codes/ROS2/install/rplidar_scan/share/rplidar_scan/launch
copying launch/rviz_only.launch.py -> /home/pi/Raspi_codes/ROS2/install/rplidar_scan/share/rplidar_scan/launch
copying launch/view_lidar.launch.py -> /home/pi/Raspi_codes/ROS2/install/rplidar_scan/share/rplidar_scan/launch
creating /home/pi/Raspi_codes/ROS2/install/rplidar_scan/share/rplidar_scan/rviz
copying rviz/rplidar_scan.rviz -> /home/pi/Raspi_codes/ROS2/install/rplidar_scan/share/rplidar_scan/rviz
running install_egg_info
Copying ../../build/rplidar_scan/rplidar_scan.egg-info to /home/pi/Raspi_codes/ROS2/install/rplidar_scan/lib/python3.11/site-packages/rplidar_scan-0.0.0-py3.11.egg-info
running install_scripts
Installing rplidar_scan_node script to /home/pi/Raspi_codes/ROS2/install/rplidar_scan/lib/rplidar_scan
writing list of installed files to '/home/pi/Raspi_codes/ROS2/build/rplidar_scan/install.log'
