[3.726s] Invoking command in '/home/pi/Raspi_codes/ROS2/src/rplidar_scan': PYTHONPATH=/home/pi/Raspi_codes/ROS2/build/rplidar_scan/prefix_override:/usr/local/lib/python3.11/dist-packages/colcon_core/task/python/colcon_distutils_commands:/home/pi/Raspi_codes/ROS2/install/rplidar_scan/lib/python3.11/site-packages:${PYTHONPATH} /usr/bin/python3 -W ignore:setup.py install is deprecated -W ignore:easy_install command is deprecated setup.py egg_info --egg-base ../../build/rplidar_scan build --build-base /home/pi/Raspi_codes/ROS2/build/rplidar_scan/build install --record /home/pi/Raspi_codes/ROS2/build/rplidar_scan/install.log --single-version-externally-managed install_data
[5.029s] running egg_info
[5.031s] creating ../../build/rplidar_scan/rplidar_scan.egg-info
[5.092s] writing ../../build/rplidar_scan/rplidar_scan.egg-info/PKG-INFO
[5.093s] writing dependency_links to ../../build/rplidar_scan/rplidar_scan.egg-info/dependency_links.txt
[5.094s] writing entry points to ../../build/rplidar_scan/rplidar_scan.egg-info/entry_points.txt
[5.094s] writing requirements to ../../build/rplidar_scan/rplidar_scan.egg-info/requires.txt
[5.095s] writing top-level names to ../../build/rplidar_scan/rplidar_scan.egg-info/top_level.txt
[5.096s] writing manifest file '../../build/rplidar_scan/rplidar_scan.egg-info/SOURCES.txt'
[5.156s] reading manifest file '../../build/rplidar_scan/rplidar_scan.egg-info/SOURCES.txt'
[5.158s] writing manifest file '../../build/rplidar_scan/rplidar_scan.egg-info/SOURCES.txt'
[5.158s] running build
[5.159s] running install
[5.178s] running install_data
[5.181s] creating /home/pi/Raspi_codes/ROS2/install/rplidar_scan/share/ament_index
[5.181s] creating /home/pi/Raspi_codes/ROS2/install/rplidar_scan/share/ament_index/resource_index
[5.182s] creating /home/pi/Raspi_codes/ROS2/install/rplidar_scan/share/ament_index/resource_index/packages
[5.183s] copying resource/rplidar_scan -> /home/pi/Raspi_codes/ROS2/install/rplidar_scan/share/ament_index/resource_index/packages
[5.183s] copying package.xml -> /home/pi/Raspi_codes/ROS2/install/rplidar_scan/share/rplidar_scan
[5.184s] creating /home/pi/Raspi_codes/ROS2/install/rplidar_scan/share/rplidar_scan/launch
[5.184s] copying launch/rviz_only.launch.py -> /home/pi/Raspi_codes/ROS2/install/rplidar_scan/share/rplidar_scan/launch
[5.184s] copying launch/view_lidar.launch.py -> /home/pi/Raspi_codes/ROS2/install/rplidar_scan/share/rplidar_scan/launch
[5.185s] creating /home/pi/Raspi_codes/ROS2/install/rplidar_scan/share/rplidar_scan/rviz
[5.186s] copying rviz/rplidar_scan.rviz -> /home/pi/Raspi_codes/ROS2/install/rplidar_scan/share/rplidar_scan/rviz
[5.186s] running install_egg_info
[5.313s] Copying ../../build/rplidar_scan/rplidar_scan.egg-info to /home/pi/Raspi_codes/ROS2/install/rplidar_scan/lib/python3.11/site-packages/rplidar_scan-0.0.0-py3.11.egg-info
[5.314s] running install_scripts
[5.555s] Installing rplidar_scan_node script to /home/pi/Raspi_codes/ROS2/install/rplidar_scan/lib/rplidar_scan
[5.556s] writing list of installed files to '/home/pi/Raspi_codes/ROS2/build/rplidar_scan/install.log'
[5.742s] Invoked command in '/home/pi/Raspi_codes/ROS2/src/rplidar_scan' returned '0': PYTHONPATH=/home/pi/Raspi_codes/ROS2/build/rplidar_scan/prefix_override:/usr/local/lib/python3.11/dist-packages/colcon_core/task/python/colcon_distutils_commands:/home/pi/Raspi_codes/ROS2/install/rplidar_scan/lib/python3.11/site-packages:${PYTHONPATH} /usr/bin/python3 -W ignore:setup.py install is deprecated -W ignore:easy_install command is deprecated setup.py egg_info --egg-base ../../build/rplidar_scan build --build-base /home/pi/Raspi_codes/ROS2/build/rplidar_scan/build install --record /home/pi/Raspi_codes/ROS2/build/rplidar_scan/install.log --single-version-externally-managed install_data
